[0.014s] Invoking command in '/home/utilisateur/slam/build/robot_navigation2': CMAKE_PREFIX_PATH=/home/utilisateur/slam/install/robot_simulation:/home/utilisateur/slam/install/robot_description:/home/utilisateur/slam/test/install/robot_navigation2:/home/utilisateur/slam/test/install/robot_simulation:/home/utilisateur/slam/test/install/robot_description:/home/utilisateur/slam/install/robot_navigation2:/home/utilisateur/slam/install/nav2_common:/home/utilisateur/slam/install/robot_navigation:/opt/ros/humble /usr/bin/cmake --build /home/utilisateur/slam/build/robot_navigation2 -- -j4 -l4
[0.062s] Invoked command in '/home/utilisateur/slam/build/robot_navigation2' returned '0': CMAKE_PREFIX_PATH=/home/utilisateur/slam/install/robot_simulation:/home/utilisateur/slam/install/robot_description:/home/utilisateur/slam/test/install/robot_navigation2:/home/utilisateur/slam/test/install/robot_simulation:/home/utilisateur/slam/test/install/robot_description:/home/utilisateur/slam/install/robot_navigation2:/home/utilisateur/slam/install/nav2_common:/home/utilisateur/slam/install/robot_navigation:/opt/ros/humble /usr/bin/cmake --build /home/utilisateur/slam/build/robot_navigation2 -- -j4 -l4
[0.064s] Invoking command in '/home/utilisateur/slam/build/robot_navigation2': CMAKE_PREFIX_PATH=/home/utilisateur/slam/install/robot_simulation:/home/utilisateur/slam/install/robot_description:/home/utilisateur/slam/test/install/robot_navigation2:/home/utilisateur/slam/test/install/robot_simulation:/home/utilisateur/slam/test/install/robot_description:/home/utilisateur/slam/install/robot_navigation2:/home/utilisateur/slam/install/nav2_common:/home/utilisateur/slam/install/robot_navigation:/opt/ros/humble /usr/bin/cmake --install /home/utilisateur/slam/build/robot_navigation2
[0.076s] -- Install configuration: ""
[0.076s] -- Up-to-date: /home/utilisateur/slam/install/robot_navigation2/share/robot_navigation2/launch
[0.076s] -- Installing: /home/utilisateur/slam/install/robot_navigation2/share/robot_navigation2/launch/nav2.launch.py
[0.076s] -- Up-to-date: /home/utilisateur/slam/install/robot_navigation2/share/robot_navigation2/launch/simple_nav2.launch.py
[0.076s] -- Up-to-date: /home/utilisateur/slam/install/robot_navigation2/share/robot_navigation2/config
[0.077s] -- Up-to-date: /home/utilisateur/slam/install/robot_navigation2/share/robot_navigation2/config/nav2_params.yaml
[0.077s] -- Up-to-date: /home/utilisateur/slam/install/robot_navigation2/share/ament_index/resource_index/package_run_dependencies/robot_navigation2
[0.077s] -- Up-to-date: /home/utilisateur/slam/install/robot_navigation2/share/ament_index/resource_index/parent_prefix_path/robot_navigation2
[0.077s] -- Up-to-date: /home/utilisateur/slam/install/robot_navigation2/share/robot_navigation2/environment/ament_prefix_path.sh
[0.077s] -- Up-to-date: /home/utilisateur/slam/install/robot_navigation2/share/robot_navigation2/environment/ament_prefix_path.dsv
[0.077s] -- Up-to-date: /home/utilisateur/slam/install/robot_navigation2/share/robot_navigation2/environment/path.sh
[0.077s] -- Up-to-date: /home/utilisateur/slam/install/robot_navigation2/share/robot_navigation2/environment/path.dsv
[0.077s] -- Up-to-date: /home/utilisateur/slam/install/robot_navigation2/share/robot_navigation2/local_setup.bash
[0.077s] -- Up-to-date: /home/utilisateur/slam/install/robot_navigation2/share/robot_navigation2/local_setup.sh
[0.078s] -- Up-to-date: /home/utilisateur/slam/install/robot_navigation2/share/robot_navigation2/local_setup.zsh
[0.078s] -- Up-to-date: /home/utilisateur/slam/install/robot_navigation2/share/robot_navigation2/local_setup.dsv
[0.078s] -- Up-to-date: /home/utilisateur/slam/install/robot_navigation2/share/robot_navigation2/package.dsv
[0.078s] -- Up-to-date: /home/utilisateur/slam/install/robot_navigation2/share/ament_index/resource_index/packages/robot_navigation2
[0.078s] -- Up-to-date: /home/utilisateur/slam/install/robot_navigation2/share/robot_navigation2/cmake/robot_navigation2Config.cmake
[0.078s] -- Up-to-date: /home/utilisateur/slam/install/robot_navigation2/share/robot_navigation2/cmake/robot_navigation2Config-version.cmake
[0.078s] -- Up-to-date: /home/utilisateur/slam/install/robot_navigation2/share/robot_navigation2/package.xml
[0.080s] Invoked command in '/home/utilisateur/slam/build/robot_navigation2' returned '0': CMAKE_PREFIX_PATH=/home/utilisateur/slam/install/robot_simulation:/home/utilisateur/slam/install/robot_description:/home/utilisateur/slam/test/install/robot_navigation2:/home/utilisateur/slam/test/install/robot_simulation:/home/utilisateur/slam/test/install/robot_description:/home/utilisateur/slam/install/robot_navigation2:/home/utilisateur/slam/install/nav2_common:/home/utilisateur/slam/install/robot_navigation:/opt/ros/humble /usr/bin/cmake --install /home/utilisateur/slam/build/robot_navigation2
