[0.147s] DEBUG:colcon:Command line arguments: ['/usr/bin/colcon', 'build']
[0.147s] DEBUG:colcon:Parsed command line arguments: Namespace(log_base=None, log_level=None, verb_name='build', build_base='build', install_base='install', merge_install=False, symlink_install=False, test_result_base=None, continue_on_error=False, executor='parallel', parallel_workers=4, event_handlers=None, ignore_user_meta=False, metas=['./colcon.meta'], base_paths=['.'], packages_ignore=None, packages_ignore_regex=None, paths=None, packages_up_to=None, packages_up_to_regex=None, packages_above=None, packages_above_and_dependencies=None, packages_above_depth=None, packages_select_by_dep=None, packages_skip_by_dep=None, packages_skip_up_to=None, packages_select_build_failed=False, packages_skip_build_finished=False, packages_select_test_failures=False, packages_skip_test_passed=False, packages_select=None, packages_skip=None, packages_select_regex=None, packages_skip_regex=None, packages_start=None, packages_end=None, allow_overriding=[], cmake_args=None, cmake_target=None, cmake_target_skip_unavailable=False, cmake_clean_cache=False, cmake_clean_first=False, cmake_force_configure=False, ament_cmake_args=None, catkin_cmake_args=None, catkin_skip_building_tests=False, mixin_files=None, mixin=None, verb_parser=<colcon_mixin.mixin.mixin_argument.MixinArgumentDecorator object at 0x74592a865ea0>, verb_extension=<colcon_core.verb.build.BuildVerb object at 0x74592a8659c0>, main=<bound method BuildVerb.main of <colcon_core.verb.build.BuildVerb object at 0x74592a8659c0>>, mixin_verb=('build',))
[0.383s] Level 1:colcon.colcon_core.package_discovery:discover_packages(colcon_meta) check parameters
[0.384s] Level 1:colcon.colcon_core.package_discovery:discover_packages(recursive) check parameters
[0.384s] Level 1:colcon.colcon_core.package_discovery:discover_packages(ignore) check parameters
[0.384s] Level 1:colcon.colcon_core.package_discovery:discover_packages(path) check parameters
[0.384s] Level 1:colcon.colcon_core.package_discovery:discover_packages(colcon_meta) discover
[0.384s] Level 1:colcon.colcon_core.package_discovery:discover_packages(recursive) discover
[0.384s] INFO:colcon.colcon_core.package_discovery:Crawling recursively for packages in '/home/utilisateur/slam'
[0.384s] Level 1:colcon.colcon_core.package_identification:_identify(.) by extensions ['ignore', 'ignore_ament_install']
[0.384s] Level 1:colcon.colcon_core.package_identification:_identify(.) by extension 'ignore'
[0.384s] Level 1:colcon.colcon_core.package_identification:_identify(.) by extension 'ignore_ament_install'
[0.384s] Level 1:colcon.colcon_core.package_identification:_identify(.) by extensions ['colcon_pkg']
[0.384s] Level 1:colcon.colcon_core.package_identification:_identify(.) by extension 'colcon_pkg'
[0.384s] Level 1:colcon.colcon_core.package_identification:_identify(.) by extensions ['colcon_meta']
[0.384s] Level 1:colcon.colcon_core.package_identification:_identify(.) by extension 'colcon_meta'
[0.384s] Level 1:colcon.colcon_core.package_identification:_identify(.) by extensions ['ros']
[0.384s] Level 1:colcon.colcon_core.package_identification:_identify(.) by extension 'ros'
[0.398s] Level 1:colcon.colcon_core.package_identification:_identify(.) by extensions ['cmake', 'python']
[0.398s] Level 1:colcon.colcon_core.package_identification:_identify(.) by extension 'cmake'
[0.398s] Level 1:colcon.colcon_core.package_identification:_identify(.) by extension 'python'
[0.399s] Level 1:colcon.colcon_core.package_identification:_identify(.) by extensions ['python_setup_py']
[0.399s] Level 1:colcon.colcon_core.package_identification:_identify(.) by extension 'python_setup_py'
[0.399s] Level 1:colcon.colcon_core.package_identification:_identify(build) by extensions ['ignore', 'ignore_ament_install']
[0.399s] Level 1:colcon.colcon_core.package_identification:_identify(build) by extension 'ignore'
[0.399s] Level 1:colcon.colcon_core.package_identification:_identify(build) ignored
[0.399s] Level 1:colcon.colcon_core.package_identification:_identify(install) by extensions ['ignore', 'ignore_ament_install']
[0.399s] Level 1:colcon.colcon_core.package_identification:_identify(install) by extension 'ignore'
[0.399s] Level 1:colcon.colcon_core.package_identification:_identify(install) ignored
[0.399s] Level 1:colcon.colcon_core.package_identification:_identify(log) by extensions ['ignore', 'ignore_ament_install']
[0.400s] Level 1:colcon.colcon_core.package_identification:_identify(log) by extension 'ignore'
[0.400s] Level 1:colcon.colcon_core.package_identification:_identify(log) ignored
[0.400s] Level 1:colcon.colcon_core.package_identification:_identify(test) by extensions ['ignore', 'ignore_ament_install']
[0.400s] Level 1:colcon.colcon_core.package_identification:_identify(test) by extension 'ignore'
[0.400s] Level 1:colcon.colcon_core.package_identification:_identify(test) by extension 'ignore_ament_install'
[0.400s] Level 1:colcon.colcon_core.package_identification:_identify(test) by extensions ['colcon_pkg']
[0.400s] Level 1:colcon.colcon_core.package_identification:_identify(test) by extension 'colcon_pkg'
[0.400s] Level 1:colcon.colcon_core.package_identification:_identify(test) by extensions ['colcon_meta']
[0.400s] Level 1:colcon.colcon_core.package_identification:_identify(test) by extension 'colcon_meta'
[0.400s] Level 1:colcon.colcon_core.package_identification:_identify(test) by extensions ['ros']
[0.400s] Level 1:colcon.colcon_core.package_identification:_identify(test) by extension 'ros'
[0.400s] Level 1:colcon.colcon_core.package_identification:_identify(test) by extensions ['cmake', 'python']
[0.400s] Level 1:colcon.colcon_core.package_identification:_identify(test) by extension 'cmake'
[0.400s] Level 1:colcon.colcon_core.package_identification:_identify(test) by extension 'python'
[0.400s] Level 1:colcon.colcon_core.package_identification:_identify(test) by extensions ['python_setup_py']
[0.400s] Level 1:colcon.colcon_core.package_identification:_identify(test) by extension 'python_setup_py'
[0.401s] Level 1:colcon.colcon_core.package_identification:_identify(test/build) by extensions ['ignore', 'ignore_ament_install']
[0.401s] Level 1:colcon.colcon_core.package_identification:_identify(test/build) by extension 'ignore'
[0.401s] Level 1:colcon.colcon_core.package_identification:_identify(test/build) ignored
[0.401s] Level 1:colcon.colcon_core.package_identification:_identify(test/install) by extensions ['ignore', 'ignore_ament_install']
[0.401s] Level 1:colcon.colcon_core.package_identification:_identify(test/install) by extension 'ignore'
[0.401s] Level 1:colcon.colcon_core.package_identification:_identify(test/install) ignored
[0.401s] Level 1:colcon.colcon_core.package_identification:_identify(test/log) by extensions ['ignore', 'ignore_ament_install']
[0.401s] Level 1:colcon.colcon_core.package_identification:_identify(test/log) by extension 'ignore'
[0.401s] Level 1:colcon.colcon_core.package_identification:_identify(test/log) ignored
[0.401s] Level 1:colcon.colcon_core.package_identification:_identify(test/maps) by extensions ['ignore', 'ignore_ament_install']
[0.402s] Level 1:colcon.colcon_core.package_identification:_identify(test/maps) by extension 'ignore'
[0.402s] Level 1:colcon.colcon_core.package_identification:_identify(test/maps) by extension 'ignore_ament_install'
[0.402s] Level 1:colcon.colcon_core.package_identification:_identify(test/maps) by extensions ['colcon_pkg']
[0.402s] Level 1:colcon.colcon_core.package_identification:_identify(test/maps) by extension 'colcon_pkg'
[0.402s] Level 1:colcon.colcon_core.package_identification:_identify(test/maps) by extensions ['colcon_meta']
[0.402s] Level 1:colcon.colcon_core.package_identification:_identify(test/maps) by extension 'colcon_meta'
[0.402s] Level 1:colcon.colcon_core.package_identification:_identify(test/maps) by extensions ['ros']
[0.402s] Level 1:colcon.colcon_core.package_identification:_identify(test/maps) by extension 'ros'
[0.402s] Level 1:colcon.colcon_core.package_identification:_identify(test/maps) by extensions ['cmake', 'python']
[0.402s] Level 1:colcon.colcon_core.package_identification:_identify(test/maps) by extension 'cmake'
[0.402s] Level 1:colcon.colcon_core.package_identification:_identify(test/maps) by extension 'python'
[0.402s] Level 1:colcon.colcon_core.package_identification:_identify(test/maps) by extensions ['python_setup_py']
[0.402s] Level 1:colcon.colcon_core.package_identification:_identify(test/maps) by extension 'python_setup_py'
[0.402s] Level 1:colcon.colcon_core.package_identification:_identify(test/src) by extensions ['ignore', 'ignore_ament_install']
[0.402s] Level 1:colcon.colcon_core.package_identification:_identify(test/src) by extension 'ignore'
[0.403s] Level 1:colcon.colcon_core.package_identification:_identify(test/src) by extension 'ignore_ament_install'
[0.403s] Level 1:colcon.colcon_core.package_identification:_identify(test/src) by extensions ['colcon_pkg']
[0.403s] Level 1:colcon.colcon_core.package_identification:_identify(test/src) by extension 'colcon_pkg'
[0.403s] Level 1:colcon.colcon_core.package_identification:_identify(test/src) by extensions ['colcon_meta']
[0.403s] Level 1:colcon.colcon_core.package_identification:_identify(test/src) by extension 'colcon_meta'
[0.403s] Level 1:colcon.colcon_core.package_identification:_identify(test/src) by extensions ['ros']
[0.403s] Level 1:colcon.colcon_core.package_identification:_identify(test/src) by extension 'ros'
[0.403s] Level 1:colcon.colcon_core.package_identification:_identify(test/src) by extensions ['cmake', 'python']
[0.403s] Level 1:colcon.colcon_core.package_identification:_identify(test/src) by extension 'cmake'
[0.403s] Level 1:colcon.colcon_core.package_identification:_identify(test/src) by extension 'python'
[0.403s] Level 1:colcon.colcon_core.package_identification:_identify(test/src) by extensions ['python_setup_py']
[0.403s] Level 1:colcon.colcon_core.package_identification:_identify(test/src) by extension 'python_setup_py'
[0.403s] Level 1:colcon.colcon_core.package_identification:_identify(test/src/robot_description) by extensions ['ignore', 'ignore_ament_install']
[0.404s] Level 1:colcon.colcon_core.package_identification:_identify(test/src/robot_description) by extension 'ignore'
[0.404s] Level 1:colcon.colcon_core.package_identification:_identify(test/src/robot_description) by extension 'ignore_ament_install'
[0.404s] Level 1:colcon.colcon_core.package_identification:_identify(test/src/robot_description) by extensions ['colcon_pkg']
[0.404s] Level 1:colcon.colcon_core.package_identification:_identify(test/src/robot_description) by extension 'colcon_pkg'
[0.404s] Level 1:colcon.colcon_core.package_identification:_identify(test/src/robot_description) by extensions ['colcon_meta']
[0.404s] Level 1:colcon.colcon_core.package_identification:_identify(test/src/robot_description) by extension 'colcon_meta'
[0.404s] Level 1:colcon.colcon_core.package_identification:_identify(test/src/robot_description) by extensions ['ros']
[0.404s] Level 1:colcon.colcon_core.package_identification:_identify(test/src/robot_description) by extension 'ros'
[0.407s] DEBUG:colcon.colcon_core.package_identification:Package 'test/src/robot_description' with type 'ros.ament_cmake' and name 'robot_description'
[0.407s] Level 1:colcon.colcon_core.package_identification:_identify(test/src/robot_navigation) by extensions ['ignore', 'ignore_ament_install']
[0.407s] Level 1:colcon.colcon_core.package_identification:_identify(test/src/robot_navigation) by extension 'ignore'
[0.407s] Level 1:colcon.colcon_core.package_identification:_identify(test/src/robot_navigation) by extension 'ignore_ament_install'
[0.408s] Level 1:colcon.colcon_core.package_identification:_identify(test/src/robot_navigation) by extensions ['colcon_pkg']
[0.408s] Level 1:colcon.colcon_core.package_identification:_identify(test/src/robot_navigation) by extension 'colcon_pkg'
[0.408s] Level 1:colcon.colcon_core.package_identification:_identify(test/src/robot_navigation) by extensions ['colcon_meta']
[0.408s] Level 1:colcon.colcon_core.package_identification:_identify(test/src/robot_navigation) by extension 'colcon_meta'
[0.408s] Level 1:colcon.colcon_core.package_identification:_identify(test/src/robot_navigation) by extensions ['ros']
[0.408s] Level 1:colcon.colcon_core.package_identification:_identify(test/src/robot_navigation) by extension 'ros'
[0.408s] DEBUG:colcon.colcon_core.package_identification:Package 'test/src/robot_navigation' with type 'ros.ament_python' and name 'robot_navigation'
[0.409s] Level 1:colcon.colcon_core.package_identification:_identify(test/src/robot_navigation2) by extensions ['ignore', 'ignore_ament_install']
[0.409s] Level 1:colcon.colcon_core.package_identification:_identify(test/src/robot_navigation2) by extension 'ignore'
[0.409s] Level 1:colcon.colcon_core.package_identification:_identify(test/src/robot_navigation2) by extension 'ignore_ament_install'
[0.409s] Level 1:colcon.colcon_core.package_identification:_identify(test/src/robot_navigation2) by extensions ['colcon_pkg']
[0.409s] Level 1:colcon.colcon_core.package_identification:_identify(test/src/robot_navigation2) by extension 'colcon_pkg'
[0.409s] Level 1:colcon.colcon_core.package_identification:_identify(test/src/robot_navigation2) by extensions ['colcon_meta']
[0.409s] Level 1:colcon.colcon_core.package_identification:_identify(test/src/robot_navigation2) by extension 'colcon_meta'
[0.409s] Level 1:colcon.colcon_core.package_identification:_identify(test/src/robot_navigation2) by extensions ['ros']
[0.409s] Level 1:colcon.colcon_core.package_identification:_identify(test/src/robot_navigation2) by extension 'ros'
[0.410s] DEBUG:colcon.colcon_core.package_identification:Package 'test/src/robot_navigation2' with type 'ros.ament_cmake' and name 'robot_navigation2'
[0.411s] Level 1:colcon.colcon_core.package_identification:_identify(test/src/robot_simulation) by extensions ['ignore', 'ignore_ament_install']
[0.411s] Level 1:colcon.colcon_core.package_identification:_identify(test/src/robot_simulation) by extension 'ignore'
[0.411s] Level 1:colcon.colcon_core.package_identification:_identify(test/src/robot_simulation) by extension 'ignore_ament_install'
[0.411s] Level 1:colcon.colcon_core.package_identification:_identify(test/src/robot_simulation) by extensions ['colcon_pkg']
[0.411s] Level 1:colcon.colcon_core.package_identification:_identify(test/src/robot_simulation) by extension 'colcon_pkg'
[0.411s] Level 1:colcon.colcon_core.package_identification:_identify(test/src/robot_simulation) by extensions ['colcon_meta']
[0.411s] Level 1:colcon.colcon_core.package_identification:_identify(test/src/robot_simulation) by extension 'colcon_meta'
[0.411s] Level 1:colcon.colcon_core.package_identification:_identify(test/src/robot_simulation) by extensions ['ros']
[0.411s] Level 1:colcon.colcon_core.package_identification:_identify(test/src/robot_simulation) by extension 'ros'
[0.412s] DEBUG:colcon.colcon_core.package_identification:Package 'test/src/robot_simulation' with type 'ros.ament_cmake' and name 'robot_simulation'
[0.412s] Level 1:colcon.colcon_core.package_discovery:discover_packages(recursive) using defaults
[0.412s] Level 1:colcon.colcon_core.package_discovery:discover_packages(ignore) discover
[0.413s] Level 1:colcon.colcon_core.package_discovery:discover_packages(ignore) using defaults
[0.413s] Level 1:colcon.colcon_core.package_discovery:discover_packages(path) discover
[0.413s] Level 1:colcon.colcon_core.package_discovery:discover_packages(path) using defaults
[0.450s] Level 1:colcon.colcon_core.package_discovery:discover_packages(prefix_path) check parameters
[0.450s] Level 1:colcon.colcon_core.package_discovery:discover_packages(prefix_path) discover
[0.453s] DEBUG:colcon.colcon_installed_package_information.package_discovery:Found 4 installed packages in /home/utilisateur/slam/install
[0.455s] DEBUG:colcon.colcon_installed_package_information.package_discovery:Found 344 installed packages in /opt/ros/humble
[0.457s] Level 1:colcon.colcon_core.package_discovery:discover_packages(prefix_path) using defaults
[0.515s] Level 5:colcon.colcon_core.verb:set package 'robot_description' build argument 'cmake_args' from command line to 'None'
[0.516s] Level 5:colcon.colcon_core.verb:set package 'robot_description' build argument 'cmake_target' from command line to 'None'
[0.516s] Level 5:colcon.colcon_core.verb:set package 'robot_description' build argument 'cmake_target_skip_unavailable' from command line to 'False'
[0.516s] Level 5:colcon.colcon_core.verb:set package 'robot_description' build argument 'cmake_clean_cache' from command line to 'False'
[0.516s] Level 5:colcon.colcon_core.verb:set package 'robot_description' build argument 'cmake_clean_first' from command line to 'False'
[0.516s] Level 5:colcon.colcon_core.verb:set package 'robot_description' build argument 'cmake_force_configure' from command line to 'False'
[0.516s] Level 5:colcon.colcon_core.verb:set package 'robot_description' build argument 'ament_cmake_args' from command line to 'None'
[0.516s] Level 5:colcon.colcon_core.verb:set package 'robot_description' build argument 'catkin_cmake_args' from command line to 'None'
[0.516s] Level 5:colcon.colcon_core.verb:set package 'robot_description' build argument 'catkin_skip_building_tests' from command line to 'False'
[0.516s] DEBUG:colcon.colcon_core.verb:Building package 'robot_description' with the following arguments: {'ament_cmake_args': None, 'build_base': '/home/utilisateur/slam/build/robot_description', 'catkin_cmake_args': None, 'catkin_skip_building_tests': False, 'cmake_args': None, 'cmake_clean_cache': False, 'cmake_clean_first': False, 'cmake_force_configure': False, 'cmake_target': None, 'cmake_target_skip_unavailable': False, 'install_base': '/home/utilisateur/slam/install/robot_description', 'merge_install': False, 'path': '/home/utilisateur/slam/test/src/robot_description', 'symlink_install': False, 'test_result_base': None}
[0.516s] Level 5:colcon.colcon_core.verb:set package 'robot_navigation' build argument 'cmake_args' from command line to 'None'
[0.516s] Level 5:colcon.colcon_core.verb:set package 'robot_navigation' build argument 'cmake_target' from command line to 'None'
[0.516s] Level 5:colcon.colcon_core.verb:set package 'robot_navigation' build argument 'cmake_target_skip_unavailable' from command line to 'False'
[0.516s] Level 5:colcon.colcon_core.verb:set package 'robot_navigation' build argument 'cmake_clean_cache' from command line to 'False'
[0.516s] Level 5:colcon.colcon_core.verb:set package 'robot_navigation' build argument 'cmake_clean_first' from command line to 'False'
[0.517s] Level 5:colcon.colcon_core.verb:set package 'robot_navigation' build argument 'cmake_force_configure' from command line to 'False'
[0.517s] Level 5:colcon.colcon_core.verb:set package 'robot_navigation' build argument 'ament_cmake_args' from command line to 'None'
[0.517s] Level 5:colcon.colcon_core.verb:set package 'robot_navigation' build argument 'catkin_cmake_args' from command line to 'None'
[0.517s] Level 5:colcon.colcon_core.verb:set package 'robot_navigation' build argument 'catkin_skip_building_tests' from command line to 'False'
[0.517s] DEBUG:colcon.colcon_core.verb:Building package 'robot_navigation' with the following arguments: {'ament_cmake_args': None, 'build_base': '/home/utilisateur/slam/build/robot_navigation', 'catkin_cmake_args': None, 'catkin_skip_building_tests': False, 'cmake_args': None, 'cmake_clean_cache': False, 'cmake_clean_first': False, 'cmake_force_configure': False, 'cmake_target': None, 'cmake_target_skip_unavailable': False, 'install_base': '/home/utilisateur/slam/install/robot_navigation', 'merge_install': False, 'path': '/home/utilisateur/slam/test/src/robot_navigation', 'symlink_install': False, 'test_result_base': None}
[0.517s] Level 5:colcon.colcon_core.verb:set package 'robot_navigation2' build argument 'cmake_args' from command line to 'None'
[0.517s] Level 5:colcon.colcon_core.verb:set package 'robot_navigation2' build argument 'cmake_target' from command line to 'None'
[0.517s] Level 5:colcon.colcon_core.verb:set package 'robot_navigation2' build argument 'cmake_target_skip_unavailable' from command line to 'False'
[0.517s] Level 5:colcon.colcon_core.verb:set package 'robot_navigation2' build argument 'cmake_clean_cache' from command line to 'False'
[0.517s] Level 5:colcon.colcon_core.verb:set package 'robot_navigation2' build argument 'cmake_clean_first' from command line to 'False'
[0.517s] Level 5:colcon.colcon_core.verb:set package 'robot_navigation2' build argument 'cmake_force_configure' from command line to 'False'
[0.517s] Level 5:colcon.colcon_core.verb:set package 'robot_navigation2' build argument 'ament_cmake_args' from command line to 'None'
[0.517s] Level 5:colcon.colcon_core.verb:set package 'robot_navigation2' build argument 'catkin_cmake_args' from command line to 'None'
[0.517s] Level 5:colcon.colcon_core.verb:set package 'robot_navigation2' build argument 'catkin_skip_building_tests' from command line to 'False'
[0.517s] DEBUG:colcon.colcon_core.verb:Building package 'robot_navigation2' with the following arguments: {'ament_cmake_args': None, 'build_base': '/home/utilisateur/slam/build/robot_navigation2', 'catkin_cmake_args': None, 'catkin_skip_building_tests': False, 'cmake_args': None, 'cmake_clean_cache': False, 'cmake_clean_first': False, 'cmake_force_configure': False, 'cmake_target': None, 'cmake_target_skip_unavailable': False, 'install_base': '/home/utilisateur/slam/install/robot_navigation2', 'merge_install': False, 'path': '/home/utilisateur/slam/test/src/robot_navigation2', 'symlink_install': False, 'test_result_base': None}
[0.518s] Level 5:colcon.colcon_core.verb:set package 'robot_simulation' build argument 'cmake_args' from command line to 'None'
[0.518s] Level 5:colcon.colcon_core.verb:set package 'robot_simulation' build argument 'cmake_target' from command line to 'None'
[0.518s] Level 5:colcon.colcon_core.verb:set package 'robot_simulation' build argument 'cmake_target_skip_unavailable' from command line to 'False'
[0.518s] Level 5:colcon.colcon_core.verb:set package 'robot_simulation' build argument 'cmake_clean_cache' from command line to 'False'
[0.518s] Level 5:colcon.colcon_core.verb:set package 'robot_simulation' build argument 'cmake_clean_first' from command line to 'False'
[0.518s] Level 5:colcon.colcon_core.verb:set package 'robot_simulation' build argument 'cmake_force_configure' from command line to 'False'
[0.518s] Level 5:colcon.colcon_core.verb:set package 'robot_simulation' build argument 'ament_cmake_args' from command line to 'None'
[0.518s] Level 5:colcon.colcon_core.verb:set package 'robot_simulation' build argument 'catkin_cmake_args' from command line to 'None'
[0.518s] Level 5:colcon.colcon_core.verb:set package 'robot_simulation' build argument 'catkin_skip_building_tests' from command line to 'False'
[0.518s] DEBUG:colcon.colcon_core.verb:Building package 'robot_simulation' with the following arguments: {'ament_cmake_args': None, 'build_base': '/home/utilisateur/slam/build/robot_simulation', 'catkin_cmake_args': None, 'catkin_skip_building_tests': False, 'cmake_args': None, 'cmake_clean_cache': False, 'cmake_clean_first': False, 'cmake_force_configure': False, 'cmake_target': None, 'cmake_target_skip_unavailable': False, 'install_base': '/home/utilisateur/slam/install/robot_simulation', 'merge_install': False, 'path': '/home/utilisateur/slam/test/src/robot_simulation', 'symlink_install': False, 'test_result_base': None}
[0.518s] INFO:colcon.colcon_core.executor:Executing jobs using 'parallel' executor
[0.520s] DEBUG:colcon.colcon_parallel_executor.executor.parallel:run_until_complete
[0.520s] INFO:colcon.colcon_ros.task.ament_cmake.build:Building ROS package in '/home/utilisateur/slam/test/src/robot_description' with build type 'ament_cmake'
[0.520s] INFO:colcon.colcon_cmake.task.cmake.build:Building CMake package in '/home/utilisateur/slam/test/src/robot_description'
[0.523s] INFO:colcon.colcon_core.plugin_system:Skipping extension 'colcon_core.shell.bat': Not used on non-Windows systems
[0.523s] INFO:colcon.colcon_core.shell:Skip shell extension 'powershell' for command environment: Not usable outside of PowerShell
[0.523s] DEBUG:colcon.colcon_core.shell:Skip shell extension 'dsv' for command environment
[0.528s] INFO:colcon.colcon_ros.task.ament_python.build:Building ROS package in '/home/utilisateur/slam/test/src/robot_navigation' with build type 'ament_python'
[0.529s] Level 1:colcon.colcon_core.shell:create_environment_hook('robot_navigation', 'ament_prefix_path')
[0.529s] INFO:colcon.colcon_core.shell:Creating environment hook '/home/utilisateur/slam/install/robot_navigation/share/robot_navigation/hook/ament_prefix_path.ps1'
[0.530s] INFO:colcon.colcon_core.shell:Creating environment descriptor '/home/utilisateur/slam/install/robot_navigation/share/robot_navigation/hook/ament_prefix_path.dsv'
[0.531s] INFO:colcon.colcon_core.shell:Creating environment hook '/home/utilisateur/slam/install/robot_navigation/share/robot_navigation/hook/ament_prefix_path.sh'
[0.532s] INFO:colcon.colcon_core.shell:Skip shell extension 'powershell' for command environment: Not usable outside of PowerShell
[0.532s] DEBUG:colcon.colcon_core.shell:Skip shell extension 'dsv' for command environment
[0.536s] INFO:colcon.colcon_ros.task.ament_cmake.build:Building ROS package in '/home/utilisateur/slam/test/src/robot_navigation2' with build type 'ament_cmake'
[0.537s] INFO:colcon.colcon_cmake.task.cmake.build:Building CMake package in '/home/utilisateur/slam/test/src/robot_navigation2'
[0.537s] INFO:colcon.colcon_core.shell:Skip shell extension 'powershell' for command environment: Not usable outside of PowerShell
[0.537s] DEBUG:colcon.colcon_core.shell:Skip shell extension 'dsv' for command environment
[0.549s] DEBUG:colcon.colcon_core.event_handler.log_command:Invoking command in '/home/utilisateur/slam/build/robot_description': CMAKE_PREFIX_PATH=${CMAKE_PREFIX_PATH}:/opt/ros/humble /usr/bin/cmake --build /home/utilisateur/slam/build/robot_description -- -j4 -l4
[0.914s] INFO:colcon.colcon_core.task.python.build:Building Python package in '/home/utilisateur/slam/test/src/robot_navigation'
[0.915s] INFO:colcon.colcon_core.shell:Skip shell extension 'powershell' for command environment: Not usable outside of PowerShell
[0.915s] DEBUG:colcon.colcon_core.shell:Skip shell extension 'dsv' for command environment
[0.925s] DEBUG:colcon.colcon_core.event_handler.log_command:Invoking command in '/home/utilisateur/slam/build/robot_navigation2': CMAKE_PREFIX_PATH=${CMAKE_PREFIX_PATH}:/opt/ros/humble /usr/bin/cmake /home/utilisateur/slam/test/src/robot_navigation2 -DCMAKE_INSTALL_PREFIX=/home/utilisateur/slam/install/robot_navigation2
[0.927s] DEBUG:colcon.colcon_core.event_handler.log_command:Invoked command in '/home/utilisateur/slam/build/robot_description' returned '0': CMAKE_PREFIX_PATH=${CMAKE_PREFIX_PATH}:/opt/ros/humble /usr/bin/cmake --build /home/utilisateur/slam/build/robot_description -- -j4 -l4
[0.938s] DEBUG:colcon.colcon_core.event_handler.log_command:Invoking command in '/home/utilisateur/slam/build/robot_description': CMAKE_PREFIX_PATH=${CMAKE_PREFIX_PATH}:/opt/ros/humble /usr/bin/cmake --install /home/utilisateur/slam/build/robot_description
[0.953s] Level 1:colcon.colcon_core.environment:create_environment_scripts_only(robot_description)
[0.955s] DEBUG:colcon.colcon_core.event_handler.log_command:Invoked command in '/home/utilisateur/slam/build/robot_description' returned '0': CMAKE_PREFIX_PATH=${CMAKE_PREFIX_PATH}:/opt/ros/humble /usr/bin/cmake --install /home/utilisateur/slam/build/robot_description
[0.958s] Level 1:colcon.colcon_core.environment:checking '/home/utilisateur/slam/install/robot_description' for CMake module files
[0.959s] Level 1:colcon.colcon_core.environment:checking '/home/utilisateur/slam/install/robot_description' for CMake config files
[0.961s] Level 1:colcon.colcon_core.shell:create_environment_hook('robot_description', 'cmake_prefix_path')
[0.962s] INFO:colcon.colcon_core.shell:Creating environment hook '/home/utilisateur/slam/install/robot_description/share/robot_description/hook/cmake_prefix_path.ps1'
[0.962s] INFO:colcon.colcon_core.shell:Creating environment descriptor '/home/utilisateur/slam/install/robot_description/share/robot_description/hook/cmake_prefix_path.dsv'
[0.963s] INFO:colcon.colcon_core.shell:Creating environment hook '/home/utilisateur/slam/install/robot_description/share/robot_description/hook/cmake_prefix_path.sh'
[0.964s] Level 1:colcon.colcon_core.environment:checking '/home/utilisateur/slam/install/robot_description/bin'
[0.964s] Level 1:colcon.colcon_core.environment:checking '/home/utilisateur/slam/install/robot_description/lib/pkgconfig/robot_description.pc'
[0.965s] Level 1:colcon.colcon_core.environment:checking '/home/utilisateur/slam/install/robot_description/lib/python3.10/site-packages'
[0.965s] Level 1:colcon.colcon_core.environment:checking '/home/utilisateur/slam/install/robot_description/bin'
[0.966s] INFO:colcon.colcon_core.shell:Creating package script '/home/utilisateur/slam/install/robot_description/share/robot_description/package.ps1'
[0.967s] INFO:colcon.colcon_core.shell:Creating package descriptor '/home/utilisateur/slam/install/robot_description/share/robot_description/package.dsv'
[0.968s] INFO:colcon.colcon_core.shell:Creating package script '/home/utilisateur/slam/install/robot_description/share/robot_description/package.sh'
[0.969s] INFO:colcon.colcon_core.shell:Creating package script '/home/utilisateur/slam/install/robot_description/share/robot_description/package.bash'
[0.970s] INFO:colcon.colcon_core.shell:Creating package script '/home/utilisateur/slam/install/robot_description/share/robot_description/package.zsh'
[0.971s] Level 1:colcon.colcon_core.environment:create_file_with_runtime_dependencies(/home/utilisateur/slam/install/robot_description/share/colcon-core/packages/robot_description)
[0.972s] Level 1:colcon.colcon_core.environment:create_environment_scripts_only(robot_description)
[0.972s] Level 1:colcon.colcon_core.environment:checking '/home/utilisateur/slam/install/robot_description' for CMake module files
[0.973s] Level 1:colcon.colcon_core.environment:checking '/home/utilisateur/slam/install/robot_description' for CMake config files
[0.974s] Level 1:colcon.colcon_core.shell:create_environment_hook('robot_description', 'cmake_prefix_path')
[0.975s] INFO:colcon.colcon_core.shell:Creating environment hook '/home/utilisateur/slam/install/robot_description/share/robot_description/hook/cmake_prefix_path.ps1'
[0.976s] INFO:colcon.colcon_core.shell:Creating environment descriptor '/home/utilisateur/slam/install/robot_description/share/robot_description/hook/cmake_prefix_path.dsv'
[0.977s] INFO:colcon.colcon_core.shell:Creating environment hook '/home/utilisateur/slam/install/robot_description/share/robot_description/hook/cmake_prefix_path.sh'
[0.978s] Level 1:colcon.colcon_core.environment:checking '/home/utilisateur/slam/install/robot_description/bin'
[0.978s] Level 1:colcon.colcon_core.environment:checking '/home/utilisateur/slam/install/robot_description/lib/pkgconfig/robot_description.pc'
[0.978s] Level 1:colcon.colcon_core.environment:checking '/home/utilisateur/slam/install/robot_description/lib/python3.10/site-packages'
[0.979s] Level 1:colcon.colcon_core.environment:checking '/home/utilisateur/slam/install/robot_description/bin'
[0.979s] INFO:colcon.colcon_core.shell:Creating package script '/home/utilisateur/slam/install/robot_description/share/robot_description/package.ps1'
[0.980s] INFO:colcon.colcon_core.shell:Creating package descriptor '/home/utilisateur/slam/install/robot_description/share/robot_description/package.dsv'
[0.981s] INFO:colcon.colcon_core.shell:Creating package script '/home/utilisateur/slam/install/robot_description/share/robot_description/package.sh'
[0.981s] INFO:colcon.colcon_core.shell:Creating package script '/home/utilisateur/slam/install/robot_description/share/robot_description/package.bash'
[0.982s] INFO:colcon.colcon_core.shell:Creating package script '/home/utilisateur/slam/install/robot_description/share/robot_description/package.zsh'
[0.982s] Level 1:colcon.colcon_core.environment:create_file_with_runtime_dependencies(/home/utilisateur/slam/install/robot_description/share/colcon-core/packages/robot_description)
[0.983s] INFO:colcon.colcon_ros.task.ament_cmake.build:Building ROS package in '/home/utilisateur/slam/test/src/robot_simulation' with build type 'ament_cmake'
[0.983s] INFO:colcon.colcon_cmake.task.cmake.build:Building CMake package in '/home/utilisateur/slam/test/src/robot_simulation'
[0.983s] INFO:colcon.colcon_core.shell:Skip shell extension 'powershell' for command environment: Not usable outside of PowerShell
[0.983s] DEBUG:colcon.colcon_core.shell:Skip shell extension 'dsv' for command environment
[0.994s] DEBUG:colcon.colcon_core.event_handler.log_command:Invoking command in '/home/utilisateur/slam/build/robot_simulation': CMAKE_PREFIX_PATH=/home/utilisateur/slam/install/robot_description:/home/utilisateur/slam/install/robot_simulation:/opt/ros/humble /usr/bin/cmake /home/utilisateur/slam/test/src/robot_simulation -DCMAKE_INSTALL_PREFIX=/home/utilisateur/slam/install/robot_simulation
[1.435s] DEBUG:colcon.colcon_core.event_handler.log_command:Invoking command in '/home/utilisateur/slam/test/src/robot_navigation': PYTHONPATH=/home/utilisateur/slam/build/robot_navigation/prefix_override:/usr/lib/python3/dist-packages/colcon_core/task/python/colcon_distutils_commands:/home/utilisateur/slam/install/robot_navigation/lib/python3.10/site-packages:${PYTHONPATH} /usr/bin/python3 -W ignore:setup.py install is deprecated -W ignore:easy_install command is deprecated setup.py egg_info --egg-base ../../../build/robot_navigation build --build-base /home/utilisateur/slam/build/robot_navigation/build install --record /home/utilisateur/slam/build/robot_navigation/install.log --single-version-externally-managed install_data
[1.931s] Level 1:colcon.colcon_core.environment:checking '/home/utilisateur/slam/install/robot_navigation' for CMake module files
[1.932s] Level 1:colcon.colcon_core.environment:checking '/home/utilisateur/slam/install/robot_navigation' for CMake config files
[1.933s] Level 1:colcon.colcon_core.environment:checking '/home/utilisateur/slam/install/robot_navigation/lib'
[1.931s] DEBUG:colcon.colcon_core.event_handler.log_command:Invoked command in '/home/utilisateur/slam/test/src/robot_navigation' returned '0': PYTHONPATH=/home/utilisateur/slam/build/robot_navigation/prefix_override:/usr/lib/python3/dist-packages/colcon_core/task/python/colcon_distutils_commands:/home/utilisateur/slam/install/robot_navigation/lib/python3.10/site-packages:${PYTHONPATH} /usr/bin/python3 -W ignore:setup.py install is deprecated -W ignore:easy_install command is deprecated setup.py egg_info --egg-base ../../../build/robot_navigation build --build-base /home/utilisateur/slam/build/robot_navigation/build install --record /home/utilisateur/slam/build/robot_navigation/install.log --single-version-externally-managed install_data
[1.933s] Level 1:colcon.colcon_core.environment:checking '/home/utilisateur/slam/install/robot_navigation/bin'
[1.933s] Level 1:colcon.colcon_core.environment:checking '/home/utilisateur/slam/install/robot_navigation/lib/pkgconfig/robot_navigation.pc'
[1.934s] Level 1:colcon.colcon_core.environment:checking '/home/utilisateur/slam/install/robot_navigation/lib/python3.10/site-packages'
[1.934s] Level 1:colcon.colcon_core.shell:create_environment_hook('robot_navigation', 'pythonpath')
[1.934s] INFO:colcon.colcon_core.shell:Creating environment hook '/home/utilisateur/slam/install/robot_navigation/share/robot_navigation/hook/pythonpath.ps1'
[1.935s] INFO:colcon.colcon_core.shell:Creating environment descriptor '/home/utilisateur/slam/install/robot_navigation/share/robot_navigation/hook/pythonpath.dsv'
[1.936s] INFO:colcon.colcon_core.shell:Creating environment hook '/home/utilisateur/slam/install/robot_navigation/share/robot_navigation/hook/pythonpath.sh'
[1.937s] Level 1:colcon.colcon_core.environment:checking '/home/utilisateur/slam/install/robot_navigation/bin'
[1.937s] Level 1:colcon.colcon_core.environment:create_environment_scripts_only(robot_navigation)
[1.938s] INFO:colcon.colcon_core.shell:Creating package script '/home/utilisateur/slam/install/robot_navigation/share/robot_navigation/package.ps1'
[1.939s] INFO:colcon.colcon_core.shell:Creating package descriptor '/home/utilisateur/slam/install/robot_navigation/share/robot_navigation/package.dsv'
[1.940s] INFO:colcon.colcon_core.shell:Creating package script '/home/utilisateur/slam/install/robot_navigation/share/robot_navigation/package.sh'
[1.941s] INFO:colcon.colcon_core.shell:Creating package script '/home/utilisateur/slam/install/robot_navigation/share/robot_navigation/package.bash'
[1.941s] INFO:colcon.colcon_core.shell:Creating package script '/home/utilisateur/slam/install/robot_navigation/share/robot_navigation/package.zsh'
[1.942s] Level 1:colcon.colcon_core.environment:create_file_with_runtime_dependencies(/home/utilisateur/slam/install/robot_navigation/share/colcon-core/packages/robot_navigation)
[2.018s] DEBUG:colcon.colcon_core.event_handler.log_command:Invoked command in '/home/utilisateur/slam/build/robot_navigation2' returned '0': CMAKE_PREFIX_PATH=${CMAKE_PREFIX_PATH}:/opt/ros/humble /usr/bin/cmake /home/utilisateur/slam/test/src/robot_navigation2 -DCMAKE_INSTALL_PREFIX=/home/utilisateur/slam/install/robot_navigation2
[2.022s] DEBUG:colcon.colcon_core.event_handler.log_command:Invoking command in '/home/utilisateur/slam/build/robot_navigation2': CMAKE_PREFIX_PATH=${CMAKE_PREFIX_PATH}:/opt/ros/humble /usr/bin/cmake --build /home/utilisateur/slam/build/robot_navigation2 -- -j4 -l4
[2.069s] DEBUG:colcon.colcon_core.event_handler.log_command:Invoked command in '/home/utilisateur/slam/build/robot_navigation2' returned '0': CMAKE_PREFIX_PATH=${CMAKE_PREFIX_PATH}:/opt/ros/humble /usr/bin/cmake --build /home/utilisateur/slam/build/robot_navigation2 -- -j4 -l4
[2.070s] DEBUG:colcon.colcon_core.event_handler.log_command:Invoking command in '/home/utilisateur/slam/build/robot_navigation2': CMAKE_PREFIX_PATH=${CMAKE_PREFIX_PATH}:/opt/ros/humble /usr/bin/cmake --install /home/utilisateur/slam/build/robot_navigation2
[2.085s] Level 1:colcon.colcon_core.environment:create_environment_scripts_only(robot_navigation2)
[2.085s] Level 1:colcon.colcon_core.environment:checking '/home/utilisateur/slam/install/robot_navigation2' for CMake module files
[2.086s] DEBUG:colcon.colcon_core.event_handler.log_command:Invoked command in '/home/utilisateur/slam/build/robot_navigation2' returned '0': CMAKE_PREFIX_PATH=${CMAKE_PREFIX_PATH}:/opt/ros/humble /usr/bin/cmake --install /home/utilisateur/slam/build/robot_navigation2
[2.086s] Level 1:colcon.colcon_core.environment:checking '/home/utilisateur/slam/install/robot_navigation2' for CMake config files
[2.087s] Level 1:colcon.colcon_core.shell:create_environment_hook('robot_navigation2', 'cmake_prefix_path')
[2.087s] INFO:colcon.colcon_core.shell:Creating environment hook '/home/utilisateur/slam/install/robot_navigation2/share/robot_navigation2/hook/cmake_prefix_path.ps1'
[2.088s] INFO:colcon.colcon_core.shell:Creating environment descriptor '/home/utilisateur/slam/install/robot_navigation2/share/robot_navigation2/hook/cmake_prefix_path.dsv'
[2.088s] INFO:colcon.colcon_core.shell:Creating environment hook '/home/utilisateur/slam/install/robot_navigation2/share/robot_navigation2/hook/cmake_prefix_path.sh'
[2.089s] Level 1:colcon.colcon_core.environment:checking '/home/utilisateur/slam/install/robot_navigation2/bin'
[2.089s] Level 1:colcon.colcon_core.environment:checking '/home/utilisateur/slam/install/robot_navigation2/lib/pkgconfig/robot_navigation2.pc'
[2.089s] Level 1:colcon.colcon_core.environment:checking '/home/utilisateur/slam/install/robot_navigation2/lib/python3.10/site-packages'
[2.089s] Level 1:colcon.colcon_core.environment:checking '/home/utilisateur/slam/install/robot_navigation2/bin'
[2.090s] INFO:colcon.colcon_core.shell:Creating package script '/home/utilisateur/slam/install/robot_navigation2/share/robot_navigation2/package.ps1'
[2.090s] INFO:colcon.colcon_core.shell:Creating package descriptor '/home/utilisateur/slam/install/robot_navigation2/share/robot_navigation2/package.dsv'
[2.091s] INFO:colcon.colcon_core.shell:Creating package script '/home/utilisateur/slam/install/robot_navigation2/share/robot_navigation2/package.sh'
[2.091s] INFO:colcon.colcon_core.shell:Creating package script '/home/utilisateur/slam/install/robot_navigation2/share/robot_navigation2/package.bash'
[2.092s] INFO:colcon.colcon_core.shell:Creating package script '/home/utilisateur/slam/install/robot_navigation2/share/robot_navigation2/package.zsh'
[2.092s] Level 1:colcon.colcon_core.environment:create_file_with_runtime_dependencies(/home/utilisateur/slam/install/robot_navigation2/share/colcon-core/packages/robot_navigation2)
[2.093s] Level 1:colcon.colcon_core.environment:create_environment_scripts_only(robot_navigation2)
[2.093s] Level 1:colcon.colcon_core.environment:checking '/home/utilisateur/slam/install/robot_navigation2' for CMake module files
[2.094s] Level 1:colcon.colcon_core.environment:checking '/home/utilisateur/slam/install/robot_navigation2' for CMake config files
[2.094s] Level 1:colcon.colcon_core.shell:create_environment_hook('robot_navigation2', 'cmake_prefix_path')
[2.095s] INFO:colcon.colcon_core.shell:Creating environment hook '/home/utilisateur/slam/install/robot_navigation2/share/robot_navigation2/hook/cmake_prefix_path.ps1'
[2.095s] INFO:colcon.colcon_core.shell:Creating environment descriptor '/home/utilisateur/slam/install/robot_navigation2/share/robot_navigation2/hook/cmake_prefix_path.dsv'
[2.096s] INFO:colcon.colcon_core.shell:Creating environment hook '/home/utilisateur/slam/install/robot_navigation2/share/robot_navigation2/hook/cmake_prefix_path.sh'
[2.096s] Level 1:colcon.colcon_core.environment:checking '/home/utilisateur/slam/install/robot_navigation2/bin'
[2.096s] Level 1:colcon.colcon_core.environment:checking '/home/utilisateur/slam/install/robot_navigation2/lib/pkgconfig/robot_navigation2.pc'
[2.097s] Level 1:colcon.colcon_core.environment:checking '/home/utilisateur/slam/install/robot_navigation2/lib/python3.10/site-packages'
[2.097s] Level 1:colcon.colcon_core.environment:checking '/home/utilisateur/slam/install/robot_navigation2/bin'
[2.098s] INFO:colcon.colcon_core.shell:Creating package script '/home/utilisateur/slam/install/robot_navigation2/share/robot_navigation2/package.ps1'
[2.098s] INFO:colcon.colcon_core.shell:Creating package descriptor '/home/utilisateur/slam/install/robot_navigation2/share/robot_navigation2/package.dsv'
[2.099s] INFO:colcon.colcon_core.shell:Creating package script '/home/utilisateur/slam/install/robot_navigation2/share/robot_navigation2/package.sh'
[2.099s] INFO:colcon.colcon_core.shell:Creating package script '/home/utilisateur/slam/install/robot_navigation2/share/robot_navigation2/package.bash'
[2.100s] INFO:colcon.colcon_core.shell:Creating package script '/home/utilisateur/slam/install/robot_navigation2/share/robot_navigation2/package.zsh'
[2.100s] Level 1:colcon.colcon_core.environment:create_file_with_runtime_dependencies(/home/utilisateur/slam/install/robot_navigation2/share/colcon-core/packages/robot_navigation2)
[3.962s] DEBUG:colcon.colcon_core.event_handler.log_command:Invoked command in '/home/utilisateur/slam/build/robot_simulation' returned '0': CMAKE_PREFIX_PATH=/home/utilisateur/slam/install/robot_description:/home/utilisateur/slam/install/robot_simulation:/opt/ros/humble /usr/bin/cmake /home/utilisateur/slam/test/src/robot_simulation -DCMAKE_INSTALL_PREFIX=/home/utilisateur/slam/install/robot_simulation
[3.964s] DEBUG:colcon.colcon_core.event_handler.log_command:Invoking command in '/home/utilisateur/slam/build/robot_simulation': CMAKE_PREFIX_PATH=/home/utilisateur/slam/install/robot_description:/home/utilisateur/slam/install/robot_simulation:/opt/ros/humble /usr/bin/cmake --build /home/utilisateur/slam/build/robot_simulation -- -j4 -l4
[4.018s] DEBUG:colcon.colcon_core.event_handler.log_command:Invoked command in '/home/utilisateur/slam/build/robot_simulation' returned '0': CMAKE_PREFIX_PATH=/home/utilisateur/slam/install/robot_description:/home/utilisateur/slam/install/robot_simulation:/opt/ros/humble /usr/bin/cmake --build /home/utilisateur/slam/build/robot_simulation -- -j4 -l4
[4.020s] DEBUG:colcon.colcon_core.event_handler.log_command:Invoking command in '/home/utilisateur/slam/build/robot_simulation': CMAKE_PREFIX_PATH=/home/utilisateur/slam/install/robot_description:/home/utilisateur/slam/install/robot_simulation:/opt/ros/humble /usr/bin/cmake --install /home/utilisateur/slam/build/robot_simulation
[4.034s] Level 1:colcon.colcon_core.environment:create_environment_scripts_only(robot_simulation)
[4.035s] Level 1:colcon.colcon_core.environment:checking '/home/utilisateur/slam/install/robot_simulation' for CMake module files
[4.035s] DEBUG:colcon.colcon_core.event_handler.log_command:Invoked command in '/home/utilisateur/slam/build/robot_simulation' returned '0': CMAKE_PREFIX_PATH=/home/utilisateur/slam/install/robot_description:/home/utilisateur/slam/install/robot_simulation:/opt/ros/humble /usr/bin/cmake --install /home/utilisateur/slam/build/robot_simulation
[4.036s] Level 1:colcon.colcon_core.environment:checking '/home/utilisateur/slam/install/robot_simulation' for CMake config files
[4.036s] Level 1:colcon.colcon_core.shell:create_environment_hook('robot_simulation', 'cmake_prefix_path')
[4.036s] INFO:colcon.colcon_core.shell:Creating environment hook '/home/utilisateur/slam/install/robot_simulation/share/robot_simulation/hook/cmake_prefix_path.ps1'
[4.037s] INFO:colcon.colcon_core.shell:Creating environment descriptor '/home/utilisateur/slam/install/robot_simulation/share/robot_simulation/hook/cmake_prefix_path.dsv'
[4.037s] INFO:colcon.colcon_core.shell:Creating environment hook '/home/utilisateur/slam/install/robot_simulation/share/robot_simulation/hook/cmake_prefix_path.sh'
[4.038s] Level 1:colcon.colcon_core.environment:checking '/home/utilisateur/slam/install/robot_simulation/bin'
[4.038s] Level 1:colcon.colcon_core.environment:checking '/home/utilisateur/slam/install/robot_simulation/lib/pkgconfig/robot_simulation.pc'
[4.038s] Level 1:colcon.colcon_core.environment:checking '/home/utilisateur/slam/install/robot_simulation/lib/python3.10/site-packages'
[4.039s] Level 1:colcon.colcon_core.environment:checking '/home/utilisateur/slam/install/robot_simulation/bin'
[4.039s] INFO:colcon.colcon_core.shell:Creating package script '/home/utilisateur/slam/install/robot_simulation/share/robot_simulation/package.ps1'
[4.040s] INFO:colcon.colcon_core.shell:Creating package descriptor '/home/utilisateur/slam/install/robot_simulation/share/robot_simulation/package.dsv'
[4.040s] INFO:colcon.colcon_core.shell:Creating package script '/home/utilisateur/slam/install/robot_simulation/share/robot_simulation/package.sh'
[4.041s] INFO:colcon.colcon_core.shell:Creating package script '/home/utilisateur/slam/install/robot_simulation/share/robot_simulation/package.bash'
[4.041s] INFO:colcon.colcon_core.shell:Creating package script '/home/utilisateur/slam/install/robot_simulation/share/robot_simulation/package.zsh'
[4.042s] Level 1:colcon.colcon_core.environment:create_file_with_runtime_dependencies(/home/utilisateur/slam/install/robot_simulation/share/colcon-core/packages/robot_simulation)
[4.042s] Level 1:colcon.colcon_core.environment:create_environment_scripts_only(robot_simulation)
[4.042s] Level 1:colcon.colcon_core.environment:checking '/home/utilisateur/slam/install/robot_simulation' for CMake module files
[4.043s] Level 1:colcon.colcon_core.environment:checking '/home/utilisateur/slam/install/robot_simulation' for CMake config files
[4.043s] Level 1:colcon.colcon_core.shell:create_environment_hook('robot_simulation', 'cmake_prefix_path')
[4.044s] INFO:colcon.colcon_core.shell:Creating environment hook '/home/utilisateur/slam/install/robot_simulation/share/robot_simulation/hook/cmake_prefix_path.ps1'
[4.044s] INFO:colcon.colcon_core.shell:Creating environment descriptor '/home/utilisateur/slam/install/robot_simulation/share/robot_simulation/hook/cmake_prefix_path.dsv'
[4.044s] INFO:colcon.colcon_core.shell:Creating environment hook '/home/utilisateur/slam/install/robot_simulation/share/robot_simulation/hook/cmake_prefix_path.sh'
[4.045s] Level 1:colcon.colcon_core.environment:checking '/home/utilisateur/slam/install/robot_simulation/bin'
[4.045s] Level 1:colcon.colcon_core.environment:checking '/home/utilisateur/slam/install/robot_simulation/lib/pkgconfig/robot_simulation.pc'
[4.045s] Level 1:colcon.colcon_core.environment:checking '/home/utilisateur/slam/install/robot_simulation/lib/python3.10/site-packages'
[4.046s] Level 1:colcon.colcon_core.environment:checking '/home/utilisateur/slam/install/robot_simulation/bin'
[4.046s] INFO:colcon.colcon_core.shell:Creating package script '/home/utilisateur/slam/install/robot_simulation/share/robot_simulation/package.ps1'
[4.047s] INFO:colcon.colcon_core.shell:Creating package descriptor '/home/utilisateur/slam/install/robot_simulation/share/robot_simulation/package.dsv'
[4.047s] INFO:colcon.colcon_core.shell:Creating package script '/home/utilisateur/slam/install/robot_simulation/share/robot_simulation/package.sh'
[4.048s] INFO:colcon.colcon_core.shell:Creating package script '/home/utilisateur/slam/install/robot_simulation/share/robot_simulation/package.bash'
[4.049s] INFO:colcon.colcon_core.shell:Creating package script '/home/utilisateur/slam/install/robot_simulation/share/robot_simulation/package.zsh'
[4.049s] Level 1:colcon.colcon_core.environment:create_file_with_runtime_dependencies(/home/utilisateur/slam/install/robot_simulation/share/colcon-core/packages/robot_simulation)
[4.049s] DEBUG:colcon.colcon_parallel_executor.executor.parallel:closing loop
[4.050s] DEBUG:colcon.colcon_parallel_executor.executor.parallel:loop closed
[4.050s] DEBUG:colcon.colcon_parallel_executor.executor.parallel:run_until_complete finished with '0'
[4.050s] DEBUG:colcon.colcon_core.event_reactor:joining thread
[4.056s] INFO:colcon.colcon_core.plugin_system:Skipping extension 'colcon_notification.desktop_notification.terminal_notifier': Not used on non-Darwin systems
[4.056s] INFO:colcon.colcon_core.plugin_system:Skipping extension 'colcon_notification.desktop_notification.win32': Not used on non-Windows systems
[4.057s] INFO:colcon.colcon_notification.desktop_notification:Sending desktop notification using 'notify2'
[4.069s] DEBUG:colcon.colcon_core.event_reactor:joined thread
[4.069s] INFO:colcon.colcon_core.shell:Creating prefix script '/home/utilisateur/slam/install/local_setup.ps1'
[4.071s] INFO:colcon.colcon_core.shell:Creating prefix util module '/home/utilisateur/slam/install/_local_setup_util_ps1.py'
[4.073s] INFO:colcon.colcon_core.shell:Creating prefix chain script '/home/utilisateur/slam/install/setup.ps1'
[4.074s] INFO:colcon.colcon_core.shell:Creating prefix script '/home/utilisateur/slam/install/local_setup.sh'
[4.075s] INFO:colcon.colcon_core.shell:Creating prefix util module '/home/utilisateur/slam/install/_local_setup_util_sh.py'
[4.075s] INFO:colcon.colcon_core.shell:Creating prefix chain script '/home/utilisateur/slam/install/setup.sh'
[4.077s] INFO:colcon.colcon_core.shell:Creating prefix script '/home/utilisateur/slam/install/local_setup.bash'
[4.077s] INFO:colcon.colcon_core.shell:Creating prefix chain script '/home/utilisateur/slam/install/setup.bash'
[4.079s] INFO:colcon.colcon_core.shell:Creating prefix script '/home/utilisateur/slam/install/local_setup.zsh'
[4.079s] INFO:colcon.colcon_core.shell:Creating prefix chain script '/home/utilisateur/slam/install/setup.zsh'
