[0.011s] Invoking command in '/home/utilisateur/slam/build/robot_navigation2': AMENT_PREFIX_PATH=/home/utilisateur/slam/install/robot_simulation:/home/utilisateur/slam/install/robot_description CMAKE_PREFIX_PATH=/home/utilisateur/slam/install/robot_simulation:/home/utilisateur/slam/install/robot_description /usr/bin/cmake --build /home/utilisateur/slam/build/robot_navigation2 -- -j4 -l4
[0.069s] Invoked command in '/home/utilisateur/slam/build/robot_navigation2' returned '0': AMENT_PREFIX_PATH=/home/utilisateur/slam/install/robot_simulation:/home/utilisateur/slam/install/robot_description CMAKE_PREFIX_PATH=/home/utilisateur/slam/install/robot_simulation:/home/utilisateur/slam/install/robot_description /usr/bin/cmake --build /home/utilisateur/slam/build/robot_navigation2 -- -j4 -l4
[0.071s] Invoking command in '/home/utilisateur/slam/build/robot_navigation2': AMENT_PREFIX_PATH=/home/utilisateur/slam/install/robot_simulation:/home/utilisateur/slam/install/robot_description CMAKE_PREFIX_PATH=/home/utilisateur/slam/install/robot_simulation:/home/utilisateur/slam/install/robot_description /usr/bin/cmake --install /home/utilisateur/slam/build/robot_navigation2
[0.082s] -- Install configuration: ""
[0.083s] -- Up-to-date: /home/utilisateur/slam/install/robot_navigation2/share/robot_navigation2/launch
[0.083s] -- Up-to-date: /home/utilisateur/slam/install/robot_navigation2/share/robot_navigation2/launch/navigation_minimal.launch.py
[0.084s] -- Up-to-date: /home/utilisateur/slam/install/robot_navigation2/share/robot_navigation2/launch/nav2.launch.py
[0.084s] -- Up-to-date: /home/utilisateur/slam/install/robot_navigation2/share/robot_navigation2/launch/navigation_complete.launch.py
[0.084s] -- Up-to-date: /home/utilisateur/slam/install/robot_navigation2/share/robot_navigation2/launch/run_simulation.launch.py
[0.084s] -- Up-to-date: /home/utilisateur/slam/install/robot_navigation2/share/robot_navigation2/launch/simple_nav2.launch.py
[0.084s] -- Up-to-date: /home/utilisateur/slam/install/robot_navigation2/share/robot_navigation2/launch/localization_simple.launch.py
[0.084s] -- Up-to-date: /home/utilisateur/slam/install/robot_navigation2/share/robot_navigation2/config
[0.085s] -- Up-to-date: /home/utilisateur/slam/install/robot_navigation2/share/robot_navigation2/config/nav2_params.yaml
[0.085s] -- Up-to-date: /home/utilisateur/slam/install/robot_navigation2/share/robot_navigation2/rviz
[0.086s] -- Up-to-date: /home/utilisateur/slam/install/robot_navigation2/share/robot_navigation2/rviz/nav2_config.rviz
[0.087s] -- Up-to-date: /home/utilisateur/slam/install/robot_navigation2/share/ament_index/resource_index/package_run_dependencies/robot_navigation2
[0.087s] -- Up-to-date: /home/utilisateur/slam/install/robot_navigation2/share/ament_index/resource_index/parent_prefix_path/robot_navigation2
[0.087s] -- Up-to-date: /home/utilisateur/slam/install/robot_navigation2/share/robot_navigation2/environment/ament_prefix_path.sh
[0.087s] -- Up-to-date: /home/utilisateur/slam/install/robot_navigation2/share/robot_navigation2/environment/ament_prefix_path.dsv
[0.088s] -- Up-to-date: /home/utilisateur/slam/install/robot_navigation2/share/robot_navigation2/environment/path.sh
[0.088s] -- Up-to-date: /home/utilisateur/slam/install/robot_navigation2/share/robot_navigation2/environment/path.dsv
[0.088s] -- Up-to-date: /home/utilisateur/slam/install/robot_navigation2/share/robot_navigation2/local_setup.bash
[0.089s] -- Up-to-date: /home/utilisateur/slam/install/robot_navigation2/share/robot_navigation2/local_setup.sh
[0.089s] -- Up-to-date: /home/utilisateur/slam/install/robot_navigation2/share/robot_navigation2/local_setup.zsh
[0.089s] -- Up-to-date: /home/utilisateur/slam/install/robot_navigation2/share/robot_navigation2/local_setup.dsv
[0.089s] -- Up-to-date: /home/utilisateur/slam/install/robot_navigation2/share/robot_navigation2/package.dsv
[0.089s] -- Up-to-date: /home/utilisateur/slam/install/robot_navigation2/share/ament_index/resource_index/packages/robot_navigation2
[0.092s] -- Up-to-date: /home/utilisateur/slam/install/robot_navigation2/share/robot_navigation2/cmake/robot_navigation2Config.cmake
[0.092s] -- Up-to-date: /home/utilisateur/slam/install/robot_navigation2/share/robot_navigation2/cmake/robot_navigation2Config-version.cmake
[0.092s] -- Up-to-date: /home/utilisateur/slam/install/robot_navigation2/share/robot_navigation2/package.xml
[0.093s] Invoked command in '/home/utilisateur/slam/build/robot_navigation2' returned '0': AMENT_PREFIX_PATH=/home/utilisateur/slam/install/robot_simulation:/home/utilisateur/slam/install/robot_description CMAKE_PREFIX_PATH=/home/utilisateur/slam/install/robot_simulation:/home/utilisateur/slam/install/robot_description /usr/bin/cmake --install /home/utilisateur/slam/build/robot_navigation2
