[0.480s] DEBUG:colcon:Command line arguments: ['/usr/bin/colcon', 'build']
[0.480s] DEBUG:colcon:Parsed command line arguments: Namespace(log_base=None, log_level=None, verb_name='build', build_base='build', install_base='install', merge_install=False, symlink_install=False, test_result_base=None, continue_on_error=False, executor='parallel', parallel_workers=4, event_handlers=None, ignore_user_meta=False, metas=['./colcon.meta'], base_paths=['.'], packages_ignore=None, packages_ignore_regex=None, paths=None, packages_up_to=None, packages_up_to_regex=None, packages_above=None, packages_above_and_dependencies=None, packages_above_depth=None, packages_select_by_dep=None, packages_skip_by_dep=None, packages_skip_up_to=None, packages_select_build_failed=False, packages_skip_build_finished=False, packages_select_test_failures=False, packages_skip_test_passed=False, packages_select=None, packages_skip=None, packages_select_regex=None, packages_skip_regex=None, packages_start=None, packages_end=None, allow_overriding=[], cmake_args=None, cmake_target=None, cmake_target_skip_unavailable=False, cmake_clean_cache=False, cmake_clean_first=False, cmake_force_configure=False, ament_cmake_args=None, catkin_cmake_args=None, catkin_skip_building_tests=False, mixin_files=None, mixin=None, verb_parser=<colcon_mixin.mixin.mixin_argument.MixinArgumentDecorator object at 0x78a88c32d210>, verb_extension=<colcon_core.verb.build.BuildVerb object at 0x78a88c32cd30>, main=<bound method BuildVerb.main of <colcon_core.verb.build.BuildVerb object at 0x78a88c32cd30>>, mixin_verb=('build',))
[0.790s] Level 1:colcon.colcon_core.package_discovery:discover_packages(colcon_meta) check parameters
[0.790s] Level 1:colcon.colcon_core.package_discovery:discover_packages(recursive) check parameters
[0.790s] Level 1:colcon.colcon_core.package_discovery:discover_packages(ignore) check parameters
[0.790s] Level 1:colcon.colcon_core.package_discovery:discover_packages(path) check parameters
[0.790s] Level 1:colcon.colcon_core.package_discovery:discover_packages(colcon_meta) discover
[0.790s] Level 1:colcon.colcon_core.package_discovery:discover_packages(recursive) discover
[0.790s] INFO:colcon.colcon_core.package_discovery:Crawling recursively for packages in '/home/utilisateur/slam'
[0.791s] Level 1:colcon.colcon_core.package_identification:_identify(.) by extensions ['ignore', 'ignore_ament_install']
[0.791s] Level 1:colcon.colcon_core.package_identification:_identify(.) by extension 'ignore'
[0.791s] Level 1:colcon.colcon_core.package_identification:_identify(.) by extension 'ignore_ament_install'
[0.791s] Level 1:colcon.colcon_core.package_identification:_identify(.) by extensions ['colcon_pkg']
[0.791s] Level 1:colcon.colcon_core.package_identification:_identify(.) by extension 'colcon_pkg'
[0.791s] Level 1:colcon.colcon_core.package_identification:_identify(.) by extensions ['colcon_meta']
[0.791s] Level 1:colcon.colcon_core.package_identification:_identify(.) by extension 'colcon_meta'
[0.791s] Level 1:colcon.colcon_core.package_identification:_identify(.) by extensions ['ros']
[0.791s] Level 1:colcon.colcon_core.package_identification:_identify(.) by extension 'ros'
[0.806s] Level 1:colcon.colcon_core.package_identification:_identify(.) by extensions ['cmake', 'python']
[0.806s] Level 1:colcon.colcon_core.package_identification:_identify(.) by extension 'cmake'
[0.806s] Level 1:colcon.colcon_core.package_identification:_identify(.) by extension 'python'
[0.806s] Level 1:colcon.colcon_core.package_identification:_identify(.) by extensions ['python_setup_py']
[0.807s] Level 1:colcon.colcon_core.package_identification:_identify(.) by extension 'python_setup_py'
[0.807s] Level 1:colcon.colcon_core.package_identification:_identify(build) by extensions ['ignore', 'ignore_ament_install']
[0.807s] Level 1:colcon.colcon_core.package_identification:_identify(build) by extension 'ignore'
[0.807s] Level 1:colcon.colcon_core.package_identification:_identify(build) ignored
[0.807s] Level 1:colcon.colcon_core.package_identification:_identify(install) by extensions ['ignore', 'ignore_ament_install']
[0.807s] Level 1:colcon.colcon_core.package_identification:_identify(install) by extension 'ignore'
[0.807s] Level 1:colcon.colcon_core.package_identification:_identify(install) ignored
[0.807s] Level 1:colcon.colcon_core.package_identification:_identify(log) by extensions ['ignore', 'ignore_ament_install']
[0.807s] Level 1:colcon.colcon_core.package_identification:_identify(log) by extension 'ignore'
[0.807s] Level 1:colcon.colcon_core.package_identification:_identify(log) ignored
[0.808s] Level 1:colcon.colcon_core.package_identification:_identify(test) by extensions ['ignore', 'ignore_ament_install']
[0.808s] Level 1:colcon.colcon_core.package_identification:_identify(test) by extension 'ignore'
[0.808s] Level 1:colcon.colcon_core.package_identification:_identify(test) by extension 'ignore_ament_install'
[0.808s] Level 1:colcon.colcon_core.package_identification:_identify(test) by extensions ['colcon_pkg']
[0.808s] Level 1:colcon.colcon_core.package_identification:_identify(test) by extension 'colcon_pkg'
[0.808s] Level 1:colcon.colcon_core.package_identification:_identify(test) by extensions ['colcon_meta']
[0.808s] Level 1:colcon.colcon_core.package_identification:_identify(test) by extension 'colcon_meta'
[0.808s] Level 1:colcon.colcon_core.package_identification:_identify(test) by extensions ['ros']
[0.808s] Level 1:colcon.colcon_core.package_identification:_identify(test) by extension 'ros'
[0.808s] Level 1:colcon.colcon_core.package_identification:_identify(test) by extensions ['cmake', 'python']
[0.808s] Level 1:colcon.colcon_core.package_identification:_identify(test) by extension 'cmake'
[0.808s] Level 1:colcon.colcon_core.package_identification:_identify(test) by extension 'python'
[0.808s] Level 1:colcon.colcon_core.package_identification:_identify(test) by extensions ['python_setup_py']
[0.808s] Level 1:colcon.colcon_core.package_identification:_identify(test) by extension 'python_setup_py'
[0.808s] Level 1:colcon.colcon_core.package_identification:_identify(test/build) by extensions ['ignore', 'ignore_ament_install']
[0.808s] Level 1:colcon.colcon_core.package_identification:_identify(test/build) by extension 'ignore'
[0.809s] Level 1:colcon.colcon_core.package_identification:_identify(test/build) ignored
[0.809s] Level 1:colcon.colcon_core.package_identification:_identify(test/install) by extensions ['ignore', 'ignore_ament_install']
[0.809s] Level 1:colcon.colcon_core.package_identification:_identify(test/install) by extension 'ignore'
[0.809s] Level 1:colcon.colcon_core.package_identification:_identify(test/install) ignored
[0.809s] Level 1:colcon.colcon_core.package_identification:_identify(test/log) by extensions ['ignore', 'ignore_ament_install']
[0.809s] Level 1:colcon.colcon_core.package_identification:_identify(test/log) by extension 'ignore'
[0.809s] Level 1:colcon.colcon_core.package_identification:_identify(test/log) ignored
[0.809s] Level 1:colcon.colcon_core.package_identification:_identify(test/maps) by extensions ['ignore', 'ignore_ament_install']
[0.809s] Level 1:colcon.colcon_core.package_identification:_identify(test/maps) by extension 'ignore'
[0.809s] Level 1:colcon.colcon_core.package_identification:_identify(test/maps) by extension 'ignore_ament_install'
[0.810s] Level 1:colcon.colcon_core.package_identification:_identify(test/maps) by extensions ['colcon_pkg']
[0.810s] Level 1:colcon.colcon_core.package_identification:_identify(test/maps) by extension 'colcon_pkg'
[0.810s] Level 1:colcon.colcon_core.package_identification:_identify(test/maps) by extensions ['colcon_meta']
[0.810s] Level 1:colcon.colcon_core.package_identification:_identify(test/maps) by extension 'colcon_meta'
[0.810s] Level 1:colcon.colcon_core.package_identification:_identify(test/maps) by extensions ['ros']
[0.810s] Level 1:colcon.colcon_core.package_identification:_identify(test/maps) by extension 'ros'
[0.810s] Level 1:colcon.colcon_core.package_identification:_identify(test/maps) by extensions ['cmake', 'python']
[0.810s] Level 1:colcon.colcon_core.package_identification:_identify(test/maps) by extension 'cmake'
[0.810s] Level 1:colcon.colcon_core.package_identification:_identify(test/maps) by extension 'python'
[0.810s] Level 1:colcon.colcon_core.package_identification:_identify(test/maps) by extensions ['python_setup_py']
[0.810s] Level 1:colcon.colcon_core.package_identification:_identify(test/maps) by extension 'python_setup_py'
[0.810s] Level 1:colcon.colcon_core.package_identification:_identify(test/src) by extensions ['ignore', 'ignore_ament_install']
[0.810s] Level 1:colcon.colcon_core.package_identification:_identify(test/src) by extension 'ignore'
[0.810s] Level 1:colcon.colcon_core.package_identification:_identify(test/src) by extension 'ignore_ament_install'
[0.810s] Level 1:colcon.colcon_core.package_identification:_identify(test/src) by extensions ['colcon_pkg']
[0.810s] Level 1:colcon.colcon_core.package_identification:_identify(test/src) by extension 'colcon_pkg'
[0.810s] Level 1:colcon.colcon_core.package_identification:_identify(test/src) by extensions ['colcon_meta']
[0.811s] Level 1:colcon.colcon_core.package_identification:_identify(test/src) by extension 'colcon_meta'
[0.811s] Level 1:colcon.colcon_core.package_identification:_identify(test/src) by extensions ['ros']
[0.811s] Level 1:colcon.colcon_core.package_identification:_identify(test/src) by extension 'ros'
[0.811s] Level 1:colcon.colcon_core.package_identification:_identify(test/src) by extensions ['cmake', 'python']
[0.811s] Level 1:colcon.colcon_core.package_identification:_identify(test/src) by extension 'cmake'
[0.811s] Level 1:colcon.colcon_core.package_identification:_identify(test/src) by extension 'python'
[0.811s] Level 1:colcon.colcon_core.package_identification:_identify(test/src) by extensions ['python_setup_py']
[0.811s] Level 1:colcon.colcon_core.package_identification:_identify(test/src) by extension 'python_setup_py'
[0.811s] Level 1:colcon.colcon_core.package_identification:_identify(test/src/robot_description) by extensions ['ignore', 'ignore_ament_install']
[0.811s] Level 1:colcon.colcon_core.package_identification:_identify(test/src/robot_description) by extension 'ignore'
[0.811s] Level 1:colcon.colcon_core.package_identification:_identify(test/src/robot_description) by extension 'ignore_ament_install'
[0.811s] Level 1:colcon.colcon_core.package_identification:_identify(test/src/robot_description) by extensions ['colcon_pkg']
[0.811s] Level 1:colcon.colcon_core.package_identification:_identify(test/src/robot_description) by extension 'colcon_pkg'
[0.811s] Level 1:colcon.colcon_core.package_identification:_identify(test/src/robot_description) by extensions ['colcon_meta']
[0.811s] Level 1:colcon.colcon_core.package_identification:_identify(test/src/robot_description) by extension 'colcon_meta'
[0.811s] Level 1:colcon.colcon_core.package_identification:_identify(test/src/robot_description) by extensions ['ros']
[0.811s] Level 1:colcon.colcon_core.package_identification:_identify(test/src/robot_description) by extension 'ros'
[0.818s] DEBUG:colcon.colcon_core.package_identification:Package 'test/src/robot_description' with type 'ros.ament_cmake' and name 'robot_description'
[0.818s] Level 1:colcon.colcon_core.package_identification:_identify(test/src/robot_hardware) by extensions ['ignore', 'ignore_ament_install']
[0.818s] Level 1:colcon.colcon_core.package_identification:_identify(test/src/robot_hardware) by extension 'ignore'
[0.818s] Level 1:colcon.colcon_core.package_identification:_identify(test/src/robot_hardware) by extension 'ignore_ament_install'
[0.818s] Level 1:colcon.colcon_core.package_identification:_identify(test/src/robot_hardware) by extensions ['colcon_pkg']
[0.818s] Level 1:colcon.colcon_core.package_identification:_identify(test/src/robot_hardware) by extension 'colcon_pkg'
[0.818s] Level 1:colcon.colcon_core.package_identification:_identify(test/src/robot_hardware) by extensions ['colcon_meta']
[0.818s] Level 1:colcon.colcon_core.package_identification:_identify(test/src/robot_hardware) by extension 'colcon_meta'
[0.818s] Level 1:colcon.colcon_core.package_identification:_identify(test/src/robot_hardware) by extensions ['ros']
[0.818s] Level 1:colcon.colcon_core.package_identification:_identify(test/src/robot_hardware) by extension 'ros'
[0.820s] DEBUG:colcon.colcon_core.package_identification:Package 'test/src/robot_hardware' with type 'ros.ament_python' and name 'robot_hardware'
[0.820s] Level 1:colcon.colcon_core.package_identification:_identify(test/src/robot_navigation) by extensions ['ignore', 'ignore_ament_install']
[0.820s] Level 1:colcon.colcon_core.package_identification:_identify(test/src/robot_navigation) by extension 'ignore'
[0.820s] Level 1:colcon.colcon_core.package_identification:_identify(test/src/robot_navigation) by extension 'ignore_ament_install'
[0.820s] Level 1:colcon.colcon_core.package_identification:_identify(test/src/robot_navigation) by extensions ['colcon_pkg']
[0.820s] Level 1:colcon.colcon_core.package_identification:_identify(test/src/robot_navigation) by extension 'colcon_pkg'
[0.820s] Level 1:colcon.colcon_core.package_identification:_identify(test/src/robot_navigation) by extensions ['colcon_meta']
[0.820s] Level 1:colcon.colcon_core.package_identification:_identify(test/src/robot_navigation) by extension 'colcon_meta'
[0.820s] Level 1:colcon.colcon_core.package_identification:_identify(test/src/robot_navigation) by extensions ['ros']
[0.820s] Level 1:colcon.colcon_core.package_identification:_identify(test/src/robot_navigation) by extension 'ros'
[0.822s] DEBUG:colcon.colcon_core.package_identification:Package 'test/src/robot_navigation' with type 'ros.ament_python' and name 'robot_navigation'
[0.822s] Level 1:colcon.colcon_core.package_identification:_identify(test/src/robot_navigation2) by extensions ['ignore', 'ignore_ament_install']
[0.822s] Level 1:colcon.colcon_core.package_identification:_identify(test/src/robot_navigation2) by extension 'ignore'
[0.822s] Level 1:colcon.colcon_core.package_identification:_identify(test/src/robot_navigation2) by extension 'ignore_ament_install'
[0.822s] Level 1:colcon.colcon_core.package_identification:_identify(test/src/robot_navigation2) by extensions ['colcon_pkg']
[0.822s] Level 1:colcon.colcon_core.package_identification:_identify(test/src/robot_navigation2) by extension 'colcon_pkg'
[0.822s] Level 1:colcon.colcon_core.package_identification:_identify(test/src/robot_navigation2) by extensions ['colcon_meta']
[0.822s] Level 1:colcon.colcon_core.package_identification:_identify(test/src/robot_navigation2) by extension 'colcon_meta'
[0.822s] Level 1:colcon.colcon_core.package_identification:_identify(test/src/robot_navigation2) by extensions ['ros']
[0.822s] Level 1:colcon.colcon_core.package_identification:_identify(test/src/robot_navigation2) by extension 'ros'
[0.825s] DEBUG:colcon.colcon_core.package_identification:Package 'test/src/robot_navigation2' with type 'ros.ament_cmake' and name 'robot_navigation2'
[0.825s] Level 1:colcon.colcon_core.package_identification:_identify(test/src/robot_simulation) by extensions ['ignore', 'ignore_ament_install']
[0.826s] Level 1:colcon.colcon_core.package_identification:_identify(test/src/robot_simulation) by extension 'ignore'
[0.826s] Level 1:colcon.colcon_core.package_identification:_identify(test/src/robot_simulation) by extension 'ignore_ament_install'
[0.826s] Level 1:colcon.colcon_core.package_identification:_identify(test/src/robot_simulation) by extensions ['colcon_pkg']
[0.826s] Level 1:colcon.colcon_core.package_identification:_identify(test/src/robot_simulation) by extension 'colcon_pkg'
[0.826s] Level 1:colcon.colcon_core.package_identification:_identify(test/src/robot_simulation) by extensions ['colcon_meta']
[0.826s] Level 1:colcon.colcon_core.package_identification:_identify(test/src/robot_simulation) by extension 'colcon_meta'
[0.826s] Level 1:colcon.colcon_core.package_identification:_identify(test/src/robot_simulation) by extensions ['ros']
[0.826s] Level 1:colcon.colcon_core.package_identification:_identify(test/src/robot_simulation) by extension 'ros'
[0.827s] DEBUG:colcon.colcon_core.package_identification:Package 'test/src/robot_simulation' with type 'ros.ament_cmake' and name 'robot_simulation'
[0.828s] Level 1:colcon.colcon_core.package_discovery:discover_packages(recursive) using defaults
[0.828s] Level 1:colcon.colcon_core.package_discovery:discover_packages(ignore) discover
[0.828s] Level 1:colcon.colcon_core.package_discovery:discover_packages(ignore) using defaults
[0.828s] Level 1:colcon.colcon_core.package_discovery:discover_packages(path) discover
[0.828s] Level 1:colcon.colcon_core.package_discovery:discover_packages(path) using defaults
[0.872s] Level 1:colcon.colcon_core.package_discovery:discover_packages(prefix_path) check parameters
[0.872s] Level 1:colcon.colcon_core.package_discovery:discover_packages(prefix_path) discover
[0.876s] Level 1:colcon.colcon_core.package_discovery:discover_packages(prefix_path) using defaults
[0.879s] Level 5:colcon.colcon_core.verb:set package 'robot_description' build argument 'cmake_args' from command line to 'None'
[0.879s] Level 5:colcon.colcon_core.verb:set package 'robot_description' build argument 'cmake_target' from command line to 'None'
[0.879s] Level 5:colcon.colcon_core.verb:set package 'robot_description' build argument 'cmake_target_skip_unavailable' from command line to 'False'
[0.879s] Level 5:colcon.colcon_core.verb:set package 'robot_description' build argument 'cmake_clean_cache' from command line to 'False'
[0.879s] Level 5:colcon.colcon_core.verb:set package 'robot_description' build argument 'cmake_clean_first' from command line to 'False'
[0.879s] Level 5:colcon.colcon_core.verb:set package 'robot_description' build argument 'cmake_force_configure' from command line to 'False'
[0.879s] Level 5:colcon.colcon_core.verb:set package 'robot_description' build argument 'ament_cmake_args' from command line to 'None'
[0.879s] Level 5:colcon.colcon_core.verb:set package 'robot_description' build argument 'catkin_cmake_args' from command line to 'None'
[0.879s] Level 5:colcon.colcon_core.verb:set package 'robot_description' build argument 'catkin_skip_building_tests' from command line to 'False'
[0.879s] DEBUG:colcon.colcon_core.verb:Building package 'robot_description' with the following arguments: {'ament_cmake_args': None, 'build_base': '/home/utilisateur/slam/build/robot_description', 'catkin_cmake_args': None, 'catkin_skip_building_tests': False, 'cmake_args': None, 'cmake_clean_cache': False, 'cmake_clean_first': False, 'cmake_force_configure': False, 'cmake_target': None, 'cmake_target_skip_unavailable': False, 'install_base': '/home/utilisateur/slam/install/robot_description', 'merge_install': False, 'path': '/home/utilisateur/slam/test/src/robot_description', 'symlink_install': False, 'test_result_base': None}
[0.880s] Level 5:colcon.colcon_core.verb:set package 'robot_navigation' build argument 'cmake_args' from command line to 'None'
[0.880s] Level 5:colcon.colcon_core.verb:set package 'robot_navigation' build argument 'cmake_target' from command line to 'None'
[0.880s] Level 5:colcon.colcon_core.verb:set package 'robot_navigation' build argument 'cmake_target_skip_unavailable' from command line to 'False'
[0.880s] Level 5:colcon.colcon_core.verb:set package 'robot_navigation' build argument 'cmake_clean_cache' from command line to 'False'
[0.880s] Level 5:colcon.colcon_core.verb:set package 'robot_navigation' build argument 'cmake_clean_first' from command line to 'False'
[0.880s] Level 5:colcon.colcon_core.verb:set package 'robot_navigation' build argument 'cmake_force_configure' from command line to 'False'
[0.880s] Level 5:colcon.colcon_core.verb:set package 'robot_navigation' build argument 'ament_cmake_args' from command line to 'None'
[0.880s] Level 5:colcon.colcon_core.verb:set package 'robot_navigation' build argument 'catkin_cmake_args' from command line to 'None'
[0.880s] Level 5:colcon.colcon_core.verb:set package 'robot_navigation' build argument 'catkin_skip_building_tests' from command line to 'False'
[0.880s] DEBUG:colcon.colcon_core.verb:Building package 'robot_navigation' with the following arguments: {'ament_cmake_args': None, 'build_base': '/home/utilisateur/slam/build/robot_navigation', 'catkin_cmake_args': None, 'catkin_skip_building_tests': False, 'cmake_args': None, 'cmake_clean_cache': False, 'cmake_clean_first': False, 'cmake_force_configure': False, 'cmake_target': None, 'cmake_target_skip_unavailable': False, 'install_base': '/home/utilisateur/slam/install/robot_navigation', 'merge_install': False, 'path': '/home/utilisateur/slam/test/src/robot_navigation', 'symlink_install': False, 'test_result_base': None}
[0.881s] Level 5:colcon.colcon_core.verb:set package 'robot_hardware' build argument 'cmake_args' from command line to 'None'
[0.881s] Level 5:colcon.colcon_core.verb:set package 'robot_hardware' build argument 'cmake_target' from command line to 'None'
[0.881s] Level 5:colcon.colcon_core.verb:set package 'robot_hardware' build argument 'cmake_target_skip_unavailable' from command line to 'False'
[0.881s] Level 5:colcon.colcon_core.verb:set package 'robot_hardware' build argument 'cmake_clean_cache' from command line to 'False'
[0.881s] Level 5:colcon.colcon_core.verb:set package 'robot_hardware' build argument 'cmake_clean_first' from command line to 'False'
[0.881s] Level 5:colcon.colcon_core.verb:set package 'robot_hardware' build argument 'cmake_force_configure' from command line to 'False'
[0.881s] Level 5:colcon.colcon_core.verb:set package 'robot_hardware' build argument 'ament_cmake_args' from command line to 'None'
[0.881s] Level 5:colcon.colcon_core.verb:set package 'robot_hardware' build argument 'catkin_cmake_args' from command line to 'None'
[0.881s] Level 5:colcon.colcon_core.verb:set package 'robot_hardware' build argument 'catkin_skip_building_tests' from command line to 'False'
[0.881s] DEBUG:colcon.colcon_core.verb:Building package 'robot_hardware' with the following arguments: {'ament_cmake_args': None, 'build_base': '/home/utilisateur/slam/build/robot_hardware', 'catkin_cmake_args': None, 'catkin_skip_building_tests': False, 'cmake_args': None, 'cmake_clean_cache': False, 'cmake_clean_first': False, 'cmake_force_configure': False, 'cmake_target': None, 'cmake_target_skip_unavailable': False, 'install_base': '/home/utilisateur/slam/install/robot_hardware', 'merge_install': False, 'path': '/home/utilisateur/slam/test/src/robot_hardware', 'symlink_install': False, 'test_result_base': None}
[0.881s] Level 5:colcon.colcon_core.verb:set package 'robot_simulation' build argument 'cmake_args' from command line to 'None'
[0.881s] Level 5:colcon.colcon_core.verb:set package 'robot_simulation' build argument 'cmake_target' from command line to 'None'
[0.881s] Level 5:colcon.colcon_core.verb:set package 'robot_simulation' build argument 'cmake_target_skip_unavailable' from command line to 'False'
[0.881s] Level 5:colcon.colcon_core.verb:set package 'robot_simulation' build argument 'cmake_clean_cache' from command line to 'False'
[0.881s] Level 5:colcon.colcon_core.verb:set package 'robot_simulation' build argument 'cmake_clean_first' from command line to 'False'
[0.881s] Level 5:colcon.colcon_core.verb:set package 'robot_simulation' build argument 'cmake_force_configure' from command line to 'False'
[0.881s] Level 5:colcon.colcon_core.verb:set package 'robot_simulation' build argument 'ament_cmake_args' from command line to 'None'
[0.881s] Level 5:colcon.colcon_core.verb:set package 'robot_simulation' build argument 'catkin_cmake_args' from command line to 'None'
[0.882s] Level 5:colcon.colcon_core.verb:set package 'robot_simulation' build argument 'catkin_skip_building_tests' from command line to 'False'
[0.882s] DEBUG:colcon.colcon_core.verb:Building package 'robot_simulation' with the following arguments: {'ament_cmake_args': None, 'build_base': '/home/utilisateur/slam/build/robot_simulation', 'catkin_cmake_args': None, 'catkin_skip_building_tests': False, 'cmake_args': None, 'cmake_clean_cache': False, 'cmake_clean_first': False, 'cmake_force_configure': False, 'cmake_target': None, 'cmake_target_skip_unavailable': False, 'install_base': '/home/utilisateur/slam/install/robot_simulation', 'merge_install': False, 'path': '/home/utilisateur/slam/test/src/robot_simulation', 'symlink_install': False, 'test_result_base': None}
[0.882s] Level 5:colcon.colcon_core.verb:set package 'robot_navigation2' build argument 'cmake_args' from command line to 'None'
[0.882s] Level 5:colcon.colcon_core.verb:set package 'robot_navigation2' build argument 'cmake_target' from command line to 'None'
[0.882s] Level 5:colcon.colcon_core.verb:set package 'robot_navigation2' build argument 'cmake_target_skip_unavailable' from command line to 'False'
[0.882s] Level 5:colcon.colcon_core.verb:set package 'robot_navigation2' build argument 'cmake_clean_cache' from command line to 'False'
[0.882s] Level 5:colcon.colcon_core.verb:set package 'robot_navigation2' build argument 'cmake_clean_first' from command line to 'False'
[0.882s] Level 5:colcon.colcon_core.verb:set package 'robot_navigation2' build argument 'cmake_force_configure' from command line to 'False'
[0.882s] Level 5:colcon.colcon_core.verb:set package 'robot_navigation2' build argument 'ament_cmake_args' from command line to 'None'
[0.882s] Level 5:colcon.colcon_core.verb:set package 'robot_navigation2' build argument 'catkin_cmake_args' from command line to 'None'
[0.882s] Level 5:colcon.colcon_core.verb:set package 'robot_navigation2' build argument 'catkin_skip_building_tests' from command line to 'False'
[0.882s] DEBUG:colcon.colcon_core.verb:Building package 'robot_navigation2' with the following arguments: {'ament_cmake_args': None, 'build_base': '/home/utilisateur/slam/build/robot_navigation2', 'catkin_cmake_args': None, 'catkin_skip_building_tests': False, 'cmake_args': None, 'cmake_clean_cache': False, 'cmake_clean_first': False, 'cmake_force_configure': False, 'cmake_target': None, 'cmake_target_skip_unavailable': False, 'install_base': '/home/utilisateur/slam/install/robot_navigation2', 'merge_install': False, 'path': '/home/utilisateur/slam/test/src/robot_navigation2', 'symlink_install': False, 'test_result_base': None}
[0.882s] INFO:colcon.colcon_core.executor:Executing jobs using 'parallel' executor
[0.884s] DEBUG:colcon.colcon_parallel_executor.executor.parallel:run_until_complete
[0.884s] INFO:colcon.colcon_ros.task.ament_cmake.build:Building ROS package in '/home/utilisateur/slam/test/src/robot_description' with build type 'ament_cmake'
[0.884s] INFO:colcon.colcon_cmake.task.cmake.build:Building CMake package in '/home/utilisateur/slam/test/src/robot_description'
[0.892s] INFO:colcon.colcon_core.plugin_system:Skipping extension 'colcon_core.shell.bat': Not used on non-Windows systems
[0.892s] INFO:colcon.colcon_core.shell:Skip shell extension 'powershell' for command environment: Not usable outside of PowerShell
[0.892s] DEBUG:colcon.colcon_core.shell:Skip shell extension 'dsv' for command environment
[0.895s] INFO:colcon.colcon_ros.task.ament_python.build:Building ROS package in '/home/utilisateur/slam/test/src/robot_navigation' with build type 'ament_python'
[0.896s] Level 1:colcon.colcon_core.shell:create_environment_hook('robot_navigation', 'ament_prefix_path')
[0.896s] INFO:colcon.colcon_core.shell:Creating environment hook '/home/utilisateur/slam/install/robot_navigation/share/robot_navigation/hook/ament_prefix_path.ps1'
[0.900s] INFO:colcon.colcon_core.shell:Creating environment descriptor '/home/utilisateur/slam/install/robot_navigation/share/robot_navigation/hook/ament_prefix_path.dsv'
[0.901s] INFO:colcon.colcon_core.shell:Creating environment hook '/home/utilisateur/slam/install/robot_navigation/share/robot_navigation/hook/ament_prefix_path.sh'
[0.902s] INFO:colcon.colcon_core.shell:Skip shell extension 'powershell' for command environment: Not usable outside of PowerShell
[0.903s] DEBUG:colcon.colcon_core.shell:Skip shell extension 'dsv' for command environment
[0.912s] DEBUG:colcon.colcon_core.event_handler.log_command:Invoking command in '/home/utilisateur/slam/build/robot_description': /usr/bin/cmake --build /home/utilisateur/slam/build/robot_description -- -j4 -l4
[1.184s] INFO:colcon.colcon_core.task.python.build:Building Python package in '/home/utilisateur/slam/test/src/robot_navigation'
[1.184s] INFO:colcon.colcon_core.shell:Skip shell extension 'powershell' for command environment: Not usable outside of PowerShell
[1.184s] DEBUG:colcon.colcon_core.shell:Skip shell extension 'dsv' for command environment
[1.187s] DEBUG:colcon.colcon_core.event_handler.log_command:Invoked command in '/home/utilisateur/slam/build/robot_description' returned '0': /usr/bin/cmake --build /home/utilisateur/slam/build/robot_description -- -j4 -l4
[1.200s] DEBUG:colcon.colcon_core.event_handler.log_command:Invoking command in '/home/utilisateur/slam/build/robot_description': /usr/bin/cmake --install /home/utilisateur/slam/build/robot_description
[1.217s] Level 1:colcon.colcon_core.environment:create_environment_scripts_only(robot_description)
[1.218s] DEBUG:colcon.colcon_core.event_handler.log_command:Invoked command in '/home/utilisateur/slam/build/robot_description' returned '0': /usr/bin/cmake --install /home/utilisateur/slam/build/robot_description
[1.227s] Level 1:colcon.colcon_core.environment:checking '/home/utilisateur/slam/install/robot_description' for CMake module files
[1.227s] Level 1:colcon.colcon_core.environment:checking '/home/utilisateur/slam/install/robot_description' for CMake config files
[1.228s] Level 1:colcon.colcon_core.shell:create_environment_hook('robot_description', 'cmake_prefix_path')
[1.229s] INFO:colcon.colcon_core.shell:Creating environment hook '/home/utilisateur/slam/install/robot_description/share/robot_description/hook/cmake_prefix_path.ps1'
[1.229s] INFO:colcon.colcon_core.shell:Creating environment descriptor '/home/utilisateur/slam/install/robot_description/share/robot_description/hook/cmake_prefix_path.dsv'
[1.230s] INFO:colcon.colcon_core.shell:Creating environment hook '/home/utilisateur/slam/install/robot_description/share/robot_description/hook/cmake_prefix_path.sh'
[1.231s] Level 1:colcon.colcon_core.environment:checking '/home/utilisateur/slam/install/robot_description/bin'
[1.231s] Level 1:colcon.colcon_core.environment:checking '/home/utilisateur/slam/install/robot_description/lib/pkgconfig/robot_description.pc'
[1.231s] Level 1:colcon.colcon_core.environment:checking '/home/utilisateur/slam/install/robot_description/lib/python3.10/site-packages'
[1.232s] Level 1:colcon.colcon_core.environment:checking '/home/utilisateur/slam/install/robot_description/bin'
[1.232s] INFO:colcon.colcon_core.shell:Creating package script '/home/utilisateur/slam/install/robot_description/share/robot_description/package.ps1'
[1.234s] INFO:colcon.colcon_core.shell:Creating package descriptor '/home/utilisateur/slam/install/robot_description/share/robot_description/package.dsv'
[1.235s] INFO:colcon.colcon_core.shell:Creating package script '/home/utilisateur/slam/install/robot_description/share/robot_description/package.sh'
[1.236s] INFO:colcon.colcon_core.shell:Creating package script '/home/utilisateur/slam/install/robot_description/share/robot_description/package.bash'
[1.239s] INFO:colcon.colcon_core.shell:Creating package script '/home/utilisateur/slam/install/robot_description/share/robot_description/package.zsh'
[1.241s] Level 1:colcon.colcon_core.environment:create_file_with_runtime_dependencies(/home/utilisateur/slam/install/robot_description/share/colcon-core/packages/robot_description)
[1.242s] Level 1:colcon.colcon_core.environment:create_environment_scripts_only(robot_description)
[1.242s] Level 1:colcon.colcon_core.environment:checking '/home/utilisateur/slam/install/robot_description' for CMake module files
[1.242s] Level 1:colcon.colcon_core.environment:checking '/home/utilisateur/slam/install/robot_description' for CMake config files
[1.243s] Level 1:colcon.colcon_core.shell:create_environment_hook('robot_description', 'cmake_prefix_path')
[1.243s] INFO:colcon.colcon_core.shell:Creating environment hook '/home/utilisateur/slam/install/robot_description/share/robot_description/hook/cmake_prefix_path.ps1'
[1.244s] INFO:colcon.colcon_core.shell:Creating environment descriptor '/home/utilisateur/slam/install/robot_description/share/robot_description/hook/cmake_prefix_path.dsv'
[1.244s] INFO:colcon.colcon_core.shell:Creating environment hook '/home/utilisateur/slam/install/robot_description/share/robot_description/hook/cmake_prefix_path.sh'
[1.245s] Level 1:colcon.colcon_core.environment:checking '/home/utilisateur/slam/install/robot_description/bin'
[1.245s] Level 1:colcon.colcon_core.environment:checking '/home/utilisateur/slam/install/robot_description/lib/pkgconfig/robot_description.pc'
[1.245s] Level 1:colcon.colcon_core.environment:checking '/home/utilisateur/slam/install/robot_description/lib/python3.10/site-packages'
[1.246s] Level 1:colcon.colcon_core.environment:checking '/home/utilisateur/slam/install/robot_description/bin'
[1.246s] INFO:colcon.colcon_core.shell:Creating package script '/home/utilisateur/slam/install/robot_description/share/robot_description/package.ps1'
[1.246s] INFO:colcon.colcon_core.shell:Creating package descriptor '/home/utilisateur/slam/install/robot_description/share/robot_description/package.dsv'
[1.247s] INFO:colcon.colcon_core.shell:Creating package script '/home/utilisateur/slam/install/robot_description/share/robot_description/package.sh'
[1.248s] INFO:colcon.colcon_core.shell:Creating package script '/home/utilisateur/slam/install/robot_description/share/robot_description/package.bash'
[1.248s] INFO:colcon.colcon_core.shell:Creating package script '/home/utilisateur/slam/install/robot_description/share/robot_description/package.zsh'
[1.249s] Level 1:colcon.colcon_core.environment:create_file_with_runtime_dependencies(/home/utilisateur/slam/install/robot_description/share/colcon-core/packages/robot_description)
[1.249s] INFO:colcon.colcon_ros.task.ament_cmake.build:Building ROS package in '/home/utilisateur/slam/test/src/robot_simulation' with build type 'ament_cmake'
[1.249s] INFO:colcon.colcon_cmake.task.cmake.build:Building CMake package in '/home/utilisateur/slam/test/src/robot_simulation'
[1.249s] INFO:colcon.colcon_core.shell:Skip shell extension 'powershell' for command environment: Not usable outside of PowerShell
[1.249s] DEBUG:colcon.colcon_core.shell:Skip shell extension 'dsv' for command environment
[1.252s] INFO:colcon.colcon_ros.task.ament_python.build:Building ROS package in '/home/utilisateur/slam/test/src/robot_hardware' with build type 'ament_python'
[1.252s] Level 1:colcon.colcon_core.shell:create_environment_hook('robot_hardware', 'ament_prefix_path')
[1.252s] INFO:colcon.colcon_core.shell:Creating environment hook '/home/utilisateur/slam/install/robot_hardware/share/robot_hardware/hook/ament_prefix_path.ps1'
[1.254s] INFO:colcon.colcon_core.shell:Creating environment descriptor '/home/utilisateur/slam/install/robot_hardware/share/robot_hardware/hook/ament_prefix_path.dsv'
[1.254s] INFO:colcon.colcon_core.shell:Creating environment hook '/home/utilisateur/slam/install/robot_hardware/share/robot_hardware/hook/ament_prefix_path.sh'
[1.255s] INFO:colcon.colcon_core.shell:Skip shell extension 'powershell' for command environment: Not usable outside of PowerShell
[1.255s] DEBUG:colcon.colcon_core.shell:Skip shell extension 'dsv' for command environment
[1.263s] DEBUG:colcon.colcon_core.event_handler.log_command:Invoking command in '/home/utilisateur/slam/build/robot_simulation': AMENT_PREFIX_PATH=/home/utilisateur/slam/install/robot_description CMAKE_PREFIX_PATH=/home/utilisateur/slam/install/robot_description /usr/bin/cmake --build /home/utilisateur/slam/build/robot_simulation -- -j4 -l4
[1.566s] INFO:colcon.colcon_core.task.python.build:Building Python package in '/home/utilisateur/slam/test/src/robot_hardware'
[1.567s] INFO:colcon.colcon_core.shell:Skip shell extension 'powershell' for command environment: Not usable outside of PowerShell
[1.567s] DEBUG:colcon.colcon_core.shell:Skip shell extension 'dsv' for command environment
[1.570s] DEBUG:colcon.colcon_core.event_handler.log_command:Invoked command in '/home/utilisateur/slam/build/robot_simulation' returned '0': AMENT_PREFIX_PATH=/home/utilisateur/slam/install/robot_description CMAKE_PREFIX_PATH=/home/utilisateur/slam/install/robot_description /usr/bin/cmake --build /home/utilisateur/slam/build/robot_simulation -- -j4 -l4
[1.576s] DEBUG:colcon.colcon_core.event_handler.log_command:Invoking command in '/home/utilisateur/slam/build/robot_simulation': AMENT_PREFIX_PATH=/home/utilisateur/slam/install/robot_description CMAKE_PREFIX_PATH=/home/utilisateur/slam/install/robot_description /usr/bin/cmake --install /home/utilisateur/slam/build/robot_simulation
[1.590s] Level 1:colcon.colcon_core.environment:create_environment_scripts_only(robot_simulation)
[1.591s] Level 1:colcon.colcon_core.environment:checking '/home/utilisateur/slam/install/robot_simulation' for CMake module files
[1.591s] DEBUG:colcon.colcon_core.event_handler.log_command:Invoked command in '/home/utilisateur/slam/build/robot_simulation' returned '0': AMENT_PREFIX_PATH=/home/utilisateur/slam/install/robot_description CMAKE_PREFIX_PATH=/home/utilisateur/slam/install/robot_description /usr/bin/cmake --install /home/utilisateur/slam/build/robot_simulation
[1.592s] Level 1:colcon.colcon_core.environment:checking '/home/utilisateur/slam/install/robot_simulation' for CMake config files
[1.592s] Level 1:colcon.colcon_core.shell:create_environment_hook('robot_simulation', 'cmake_prefix_path')
[1.592s] INFO:colcon.colcon_core.shell:Creating environment hook '/home/utilisateur/slam/install/robot_simulation/share/robot_simulation/hook/cmake_prefix_path.ps1'
[1.593s] INFO:colcon.colcon_core.shell:Creating environment descriptor '/home/utilisateur/slam/install/robot_simulation/share/robot_simulation/hook/cmake_prefix_path.dsv'
[1.594s] INFO:colcon.colcon_core.shell:Creating environment hook '/home/utilisateur/slam/install/robot_simulation/share/robot_simulation/hook/cmake_prefix_path.sh'
[1.594s] Level 1:colcon.colcon_core.environment:checking '/home/utilisateur/slam/install/robot_simulation/bin'
[1.594s] Level 1:colcon.colcon_core.environment:checking '/home/utilisateur/slam/install/robot_simulation/lib/pkgconfig/robot_simulation.pc'
[1.595s] Level 1:colcon.colcon_core.environment:checking '/home/utilisateur/slam/install/robot_simulation/lib/python3.10/site-packages'
[1.595s] Level 1:colcon.colcon_core.environment:checking '/home/utilisateur/slam/install/robot_simulation/bin'
[1.595s] INFO:colcon.colcon_core.shell:Creating package script '/home/utilisateur/slam/install/robot_simulation/share/robot_simulation/package.ps1'
[1.596s] INFO:colcon.colcon_core.shell:Creating package descriptor '/home/utilisateur/slam/install/robot_simulation/share/robot_simulation/package.dsv'
[1.596s] INFO:colcon.colcon_core.shell:Creating package script '/home/utilisateur/slam/install/robot_simulation/share/robot_simulation/package.sh'
[1.597s] INFO:colcon.colcon_core.shell:Creating package script '/home/utilisateur/slam/install/robot_simulation/share/robot_simulation/package.bash'
[1.597s] INFO:colcon.colcon_core.shell:Creating package script '/home/utilisateur/slam/install/robot_simulation/share/robot_simulation/package.zsh'
[1.598s] Level 1:colcon.colcon_core.environment:create_file_with_runtime_dependencies(/home/utilisateur/slam/install/robot_simulation/share/colcon-core/packages/robot_simulation)
[1.601s] Level 1:colcon.colcon_core.environment:create_environment_scripts_only(robot_simulation)
[1.601s] Level 1:colcon.colcon_core.environment:checking '/home/utilisateur/slam/install/robot_simulation' for CMake module files
[1.602s] Level 1:colcon.colcon_core.environment:checking '/home/utilisateur/slam/install/robot_simulation' for CMake config files
[1.602s] Level 1:colcon.colcon_core.shell:create_environment_hook('robot_simulation', 'cmake_prefix_path')
[1.602s] INFO:colcon.colcon_core.shell:Creating environment hook '/home/utilisateur/slam/install/robot_simulation/share/robot_simulation/hook/cmake_prefix_path.ps1'
[1.603s] INFO:colcon.colcon_core.shell:Creating environment descriptor '/home/utilisateur/slam/install/robot_simulation/share/robot_simulation/hook/cmake_prefix_path.dsv'
[1.603s] INFO:colcon.colcon_core.shell:Creating environment hook '/home/utilisateur/slam/install/robot_simulation/share/robot_simulation/hook/cmake_prefix_path.sh'
[1.604s] Level 1:colcon.colcon_core.environment:checking '/home/utilisateur/slam/install/robot_simulation/bin'
[1.604s] Level 1:colcon.colcon_core.environment:checking '/home/utilisateur/slam/install/robot_simulation/lib/pkgconfig/robot_simulation.pc'
[1.605s] Level 1:colcon.colcon_core.environment:checking '/home/utilisateur/slam/install/robot_simulation/lib/python3.10/site-packages'
[1.605s] Level 1:colcon.colcon_core.environment:checking '/home/utilisateur/slam/install/robot_simulation/bin'
[1.605s] INFO:colcon.colcon_core.shell:Creating package script '/home/utilisateur/slam/install/robot_simulation/share/robot_simulation/package.ps1'
[1.606s] INFO:colcon.colcon_core.shell:Creating package descriptor '/home/utilisateur/slam/install/robot_simulation/share/robot_simulation/package.dsv'
[1.607s] INFO:colcon.colcon_core.shell:Creating package script '/home/utilisateur/slam/install/robot_simulation/share/robot_simulation/package.sh'
[1.608s] INFO:colcon.colcon_core.shell:Creating package script '/home/utilisateur/slam/install/robot_simulation/share/robot_simulation/package.bash'
[1.608s] INFO:colcon.colcon_core.shell:Creating package script '/home/utilisateur/slam/install/robot_simulation/share/robot_simulation/package.zsh'
[1.609s] Level 1:colcon.colcon_core.environment:create_file_with_runtime_dependencies(/home/utilisateur/slam/install/robot_simulation/share/colcon-core/packages/robot_simulation)
[1.609s] INFO:colcon.colcon_ros.task.ament_cmake.build:Building ROS package in '/home/utilisateur/slam/test/src/robot_navigation2' with build type 'ament_cmake'
[1.610s] INFO:colcon.colcon_cmake.task.cmake.build:Building CMake package in '/home/utilisateur/slam/test/src/robot_navigation2'
[1.610s] INFO:colcon.colcon_core.shell:Skip shell extension 'powershell' for command environment: Not usable outside of PowerShell
[1.610s] DEBUG:colcon.colcon_core.shell:Skip shell extension 'dsv' for command environment
[1.622s] DEBUG:colcon.colcon_core.event_handler.log_command:Invoking command in '/home/utilisateur/slam/build/robot_navigation2': AMENT_PREFIX_PATH=/home/utilisateur/slam/install/robot_simulation:/home/utilisateur/slam/install/robot_description CMAKE_PREFIX_PATH=/home/utilisateur/slam/install/robot_simulation:/home/utilisateur/slam/install/robot_description /usr/bin/cmake --build /home/utilisateur/slam/build/robot_navigation2 -- -j4 -l4
[1.646s] DEBUG:colcon.colcon_core.event_handler.log_command:Invoking command in '/home/utilisateur/slam/test/src/robot_navigation': PYTHONPATH=/home/utilisateur/slam/build/robot_navigation/prefix_override:/usr/lib/python3/dist-packages/colcon_core/task/python/colcon_distutils_commands:/home/utilisateur/slam/install/robot_navigation/lib/python3.10/site-packages: /usr/bin/python3 -W ignore:setup.py install is deprecated -W ignore:easy_install command is deprecated setup.py egg_info --egg-base ../../../build/robot_navigation build --build-base /home/utilisateur/slam/build/robot_navigation/build install --record /home/utilisateur/slam/build/robot_navigation/install.log --single-version-externally-managed install_data
[1.681s] DEBUG:colcon.colcon_core.event_handler.log_command:Invoked command in '/home/utilisateur/slam/build/robot_navigation2' returned '0': AMENT_PREFIX_PATH=/home/utilisateur/slam/install/robot_simulation:/home/utilisateur/slam/install/robot_description CMAKE_PREFIX_PATH=/home/utilisateur/slam/install/robot_simulation:/home/utilisateur/slam/install/robot_description /usr/bin/cmake --build /home/utilisateur/slam/build/robot_navigation2 -- -j4 -l4
[1.683s] DEBUG:colcon.colcon_core.event_handler.log_command:Invoking command in '/home/utilisateur/slam/build/robot_navigation2': AMENT_PREFIX_PATH=/home/utilisateur/slam/install/robot_simulation:/home/utilisateur/slam/install/robot_description CMAKE_PREFIX_PATH=/home/utilisateur/slam/install/robot_simulation:/home/utilisateur/slam/install/robot_description /usr/bin/cmake --install /home/utilisateur/slam/build/robot_navigation2
[1.703s] Level 1:colcon.colcon_core.environment:create_environment_scripts_only(robot_navigation2)
[1.704s] Level 1:colcon.colcon_core.environment:checking '/home/utilisateur/slam/install/robot_navigation2' for CMake module files
[1.704s] DEBUG:colcon.colcon_core.event_handler.log_command:Invoked command in '/home/utilisateur/slam/build/robot_navigation2' returned '0': AMENT_PREFIX_PATH=/home/utilisateur/slam/install/robot_simulation:/home/utilisateur/slam/install/robot_description CMAKE_PREFIX_PATH=/home/utilisateur/slam/install/robot_simulation:/home/utilisateur/slam/install/robot_description /usr/bin/cmake --install /home/utilisateur/slam/build/robot_navigation2
[1.705s] Level 1:colcon.colcon_core.environment:checking '/home/utilisateur/slam/install/robot_navigation2' for CMake config files
[1.706s] Level 1:colcon.colcon_core.shell:create_environment_hook('robot_navigation2', 'cmake_prefix_path')
[1.706s] INFO:colcon.colcon_core.shell:Creating environment hook '/home/utilisateur/slam/install/robot_navigation2/share/robot_navigation2/hook/cmake_prefix_path.ps1'
[1.707s] INFO:colcon.colcon_core.shell:Creating environment descriptor '/home/utilisateur/slam/install/robot_navigation2/share/robot_navigation2/hook/cmake_prefix_path.dsv'
[1.707s] INFO:colcon.colcon_core.shell:Creating environment hook '/home/utilisateur/slam/install/robot_navigation2/share/robot_navigation2/hook/cmake_prefix_path.sh'
[1.708s] Level 1:colcon.colcon_core.environment:checking '/home/utilisateur/slam/install/robot_navigation2/bin'
[1.708s] Level 1:colcon.colcon_core.environment:checking '/home/utilisateur/slam/install/robot_navigation2/lib/pkgconfig/robot_navigation2.pc'
[1.708s] Level 1:colcon.colcon_core.environment:checking '/home/utilisateur/slam/install/robot_navigation2/lib/python3.10/site-packages'
[1.709s] Level 1:colcon.colcon_core.environment:checking '/home/utilisateur/slam/install/robot_navigation2/bin'
[1.713s] INFO:colcon.colcon_core.shell:Creating package script '/home/utilisateur/slam/install/robot_navigation2/share/robot_navigation2/package.ps1'
[1.714s] INFO:colcon.colcon_core.shell:Creating package descriptor '/home/utilisateur/slam/install/robot_navigation2/share/robot_navigation2/package.dsv'
[1.714s] INFO:colcon.colcon_core.shell:Creating package script '/home/utilisateur/slam/install/robot_navigation2/share/robot_navigation2/package.sh'
[1.715s] INFO:colcon.colcon_core.shell:Creating package script '/home/utilisateur/slam/install/robot_navigation2/share/robot_navigation2/package.bash'
[1.716s] INFO:colcon.colcon_core.shell:Creating package script '/home/utilisateur/slam/install/robot_navigation2/share/robot_navigation2/package.zsh'
[1.716s] Level 1:colcon.colcon_core.environment:create_file_with_runtime_dependencies(/home/utilisateur/slam/install/robot_navigation2/share/colcon-core/packages/robot_navigation2)
[1.717s] Level 1:colcon.colcon_core.environment:create_environment_scripts_only(robot_navigation2)
[1.717s] Level 1:colcon.colcon_core.environment:checking '/home/utilisateur/slam/install/robot_navigation2' for CMake module files
[1.718s] Level 1:colcon.colcon_core.environment:checking '/home/utilisateur/slam/install/robot_navigation2' for CMake config files
[1.718s] Level 1:colcon.colcon_core.shell:create_environment_hook('robot_navigation2', 'cmake_prefix_path')
[1.718s] INFO:colcon.colcon_core.shell:Creating environment hook '/home/utilisateur/slam/install/robot_navigation2/share/robot_navigation2/hook/cmake_prefix_path.ps1'
[1.719s] INFO:colcon.colcon_core.shell:Creating environment descriptor '/home/utilisateur/slam/install/robot_navigation2/share/robot_navigation2/hook/cmake_prefix_path.dsv'
[1.719s] INFO:colcon.colcon_core.shell:Creating environment hook '/home/utilisateur/slam/install/robot_navigation2/share/robot_navigation2/hook/cmake_prefix_path.sh'
[1.720s] Level 1:colcon.colcon_core.environment:checking '/home/utilisateur/slam/install/robot_navigation2/bin'
[1.720s] Level 1:colcon.colcon_core.environment:checking '/home/utilisateur/slam/install/robot_navigation2/lib/pkgconfig/robot_navigation2.pc'
[1.720s] Level 1:colcon.colcon_core.environment:checking '/home/utilisateur/slam/install/robot_navigation2/lib/python3.10/site-packages'
[1.721s] Level 1:colcon.colcon_core.environment:checking '/home/utilisateur/slam/install/robot_navigation2/bin'
[1.721s] INFO:colcon.colcon_core.shell:Creating package script '/home/utilisateur/slam/install/robot_navigation2/share/robot_navigation2/package.ps1'
[1.722s] INFO:colcon.colcon_core.shell:Creating package descriptor '/home/utilisateur/slam/install/robot_navigation2/share/robot_navigation2/package.dsv'
[1.722s] INFO:colcon.colcon_core.shell:Creating package script '/home/utilisateur/slam/install/robot_navigation2/share/robot_navigation2/package.sh'
[1.723s] INFO:colcon.colcon_core.shell:Creating package script '/home/utilisateur/slam/install/robot_navigation2/share/robot_navigation2/package.bash'
[1.723s] INFO:colcon.colcon_core.shell:Creating package script '/home/utilisateur/slam/install/robot_navigation2/share/robot_navigation2/package.zsh'
[1.724s] Level 1:colcon.colcon_core.environment:create_file_with_runtime_dependencies(/home/utilisateur/slam/install/robot_navigation2/share/colcon-core/packages/robot_navigation2)
[1.953s] DEBUG:colcon.colcon_core.event_handler.log_command:Invoking command in '/home/utilisateur/slam/test/src/robot_hardware': AMENT_PREFIX_PATH=/home/utilisateur/slam/install/robot_description CMAKE_PREFIX_PATH=/home/utilisateur/slam/install/robot_description PYTHONPATH=/home/utilisateur/slam/build/robot_hardware/prefix_override:/usr/lib/python3/dist-packages/colcon_core/task/python/colcon_distutils_commands:/home/utilisateur/slam/install/robot_hardware/lib/python3.10/site-packages: /usr/bin/python3 -W ignore:setup.py install is deprecated -W ignore:easy_install command is deprecated setup.py egg_info --egg-base ../../../build/robot_hardware build --build-base /home/utilisateur/slam/build/robot_hardware/build install --record /home/utilisateur/slam/build/robot_hardware/install.log --single-version-externally-managed install_data
[1.974s] Level 1:colcon.colcon_core.environment:checking '/home/utilisateur/slam/install/robot_navigation' for CMake module files
[1.975s] DEBUG:colcon.colcon_core.event_handler.log_command:Invoked command in '/home/utilisateur/slam/test/src/robot_navigation' returned '0': PYTHONPATH=/home/utilisateur/slam/build/robot_navigation/prefix_override:/usr/lib/python3/dist-packages/colcon_core/task/python/colcon_distutils_commands:/home/utilisateur/slam/install/robot_navigation/lib/python3.10/site-packages: /usr/bin/python3 -W ignore:setup.py install is deprecated -W ignore:easy_install command is deprecated setup.py egg_info --egg-base ../../../build/robot_navigation build --build-base /home/utilisateur/slam/build/robot_navigation/build install --record /home/utilisateur/slam/build/robot_navigation/install.log --single-version-externally-managed install_data
[1.975s] Level 1:colcon.colcon_core.environment:checking '/home/utilisateur/slam/install/robot_navigation' for CMake config files
[1.977s] Level 1:colcon.colcon_core.environment:checking '/home/utilisateur/slam/install/robot_navigation/lib'
[1.977s] Level 1:colcon.colcon_core.environment:checking '/home/utilisateur/slam/install/robot_navigation/bin'
[1.977s] Level 1:colcon.colcon_core.environment:checking '/home/utilisateur/slam/install/robot_navigation/lib/pkgconfig/robot_navigation.pc'
[1.977s] Level 1:colcon.colcon_core.environment:checking '/home/utilisateur/slam/install/robot_navigation/lib/python3.10/site-packages'
[1.977s] Level 1:colcon.colcon_core.shell:create_environment_hook('robot_navigation', 'pythonpath')
[1.978s] INFO:colcon.colcon_core.shell:Creating environment hook '/home/utilisateur/slam/install/robot_navigation/share/robot_navigation/hook/pythonpath.ps1'
[1.978s] INFO:colcon.colcon_core.shell:Creating environment descriptor '/home/utilisateur/slam/install/robot_navigation/share/robot_navigation/hook/pythonpath.dsv'
[1.979s] INFO:colcon.colcon_core.shell:Creating environment hook '/home/utilisateur/slam/install/robot_navigation/share/robot_navigation/hook/pythonpath.sh'
[1.980s] Level 1:colcon.colcon_core.environment:checking '/home/utilisateur/slam/install/robot_navigation/bin'
[1.980s] Level 1:colcon.colcon_core.environment:create_environment_scripts_only(robot_navigation)
[1.980s] INFO:colcon.colcon_core.shell:Creating package script '/home/utilisateur/slam/install/robot_navigation/share/robot_navigation/package.ps1'
[1.981s] INFO:colcon.colcon_core.shell:Creating package descriptor '/home/utilisateur/slam/install/robot_navigation/share/robot_navigation/package.dsv'
[1.981s] INFO:colcon.colcon_core.shell:Creating package script '/home/utilisateur/slam/install/robot_navigation/share/robot_navigation/package.sh'
[1.982s] INFO:colcon.colcon_core.shell:Creating package script '/home/utilisateur/slam/install/robot_navigation/share/robot_navigation/package.bash'
[1.982s] INFO:colcon.colcon_core.shell:Creating package script '/home/utilisateur/slam/install/robot_navigation/share/robot_navigation/package.zsh'
[1.983s] Level 1:colcon.colcon_core.environment:create_file_with_runtime_dependencies(/home/utilisateur/slam/install/robot_navigation/share/colcon-core/packages/robot_navigation)
[2.277s] Level 1:colcon.colcon_core.environment:checking '/home/utilisateur/slam/install/robot_hardware' for CMake module files
[2.278s] DEBUG:colcon.colcon_core.event_handler.log_command:Invoked command in '/home/utilisateur/slam/test/src/robot_hardware' returned '0': AMENT_PREFIX_PATH=/home/utilisateur/slam/install/robot_description CMAKE_PREFIX_PATH=/home/utilisateur/slam/install/robot_description PYTHONPATH=/home/utilisateur/slam/build/robot_hardware/prefix_override:/usr/lib/python3/dist-packages/colcon_core/task/python/colcon_distutils_commands:/home/utilisateur/slam/install/robot_hardware/lib/python3.10/site-packages: /usr/bin/python3 -W ignore:setup.py install is deprecated -W ignore:easy_install command is deprecated setup.py egg_info --egg-base ../../../build/robot_hardware build --build-base /home/utilisateur/slam/build/robot_hardware/build install --record /home/utilisateur/slam/build/robot_hardware/install.log --single-version-externally-managed install_data
[2.278s] Level 1:colcon.colcon_core.environment:checking '/home/utilisateur/slam/install/robot_hardware' for CMake config files
[2.280s] Level 1:colcon.colcon_core.environment:checking '/home/utilisateur/slam/install/robot_hardware/lib'
[2.280s] Level 1:colcon.colcon_core.environment:checking '/home/utilisateur/slam/install/robot_hardware/bin'
[2.280s] Level 1:colcon.colcon_core.environment:checking '/home/utilisateur/slam/install/robot_hardware/lib/pkgconfig/robot_hardware.pc'
[2.281s] Level 1:colcon.colcon_core.environment:checking '/home/utilisateur/slam/install/robot_hardware/lib/python3.10/site-packages'
[2.281s] Level 1:colcon.colcon_core.shell:create_environment_hook('robot_hardware', 'pythonpath')
[2.281s] INFO:colcon.colcon_core.shell:Creating environment hook '/home/utilisateur/slam/install/robot_hardware/share/robot_hardware/hook/pythonpath.ps1'
[2.282s] INFO:colcon.colcon_core.shell:Creating environment descriptor '/home/utilisateur/slam/install/robot_hardware/share/robot_hardware/hook/pythonpath.dsv'
[2.282s] INFO:colcon.colcon_core.shell:Creating environment hook '/home/utilisateur/slam/install/robot_hardware/share/robot_hardware/hook/pythonpath.sh'
[2.283s] Level 1:colcon.colcon_core.environment:checking '/home/utilisateur/slam/install/robot_hardware/bin'
[2.283s] Level 1:colcon.colcon_core.environment:create_environment_scripts_only(robot_hardware)
[2.283s] INFO:colcon.colcon_core.shell:Creating package script '/home/utilisateur/slam/install/robot_hardware/share/robot_hardware/package.ps1'
[2.284s] INFO:colcon.colcon_core.shell:Creating package descriptor '/home/utilisateur/slam/install/robot_hardware/share/robot_hardware/package.dsv'
[2.285s] INFO:colcon.colcon_core.shell:Creating package script '/home/utilisateur/slam/install/robot_hardware/share/robot_hardware/package.sh'
[2.285s] INFO:colcon.colcon_core.shell:Creating package script '/home/utilisateur/slam/install/robot_hardware/share/robot_hardware/package.bash'
[2.286s] INFO:colcon.colcon_core.shell:Creating package script '/home/utilisateur/slam/install/robot_hardware/share/robot_hardware/package.zsh'
[2.286s] Level 1:colcon.colcon_core.environment:create_file_with_runtime_dependencies(/home/utilisateur/slam/install/robot_hardware/share/colcon-core/packages/robot_hardware)
[2.286s] DEBUG:colcon.colcon_parallel_executor.executor.parallel:closing loop
[2.287s] DEBUG:colcon.colcon_parallel_executor.executor.parallel:loop closed
[2.287s] DEBUG:colcon.colcon_parallel_executor.executor.parallel:run_until_complete finished with '0'
[2.287s] DEBUG:colcon.colcon_core.event_reactor:joining thread
[2.295s] INFO:colcon.colcon_core.plugin_system:Skipping extension 'colcon_notification.desktop_notification.terminal_notifier': Not used on non-Darwin systems
[2.295s] INFO:colcon.colcon_core.plugin_system:Skipping extension 'colcon_notification.desktop_notification.win32': Not used on non-Windows systems
[2.295s] INFO:colcon.colcon_notification.desktop_notification:Sending desktop notification using 'notify2'
[2.311s] DEBUG:colcon.colcon_core.event_reactor:joined thread
[2.311s] INFO:colcon.colcon_core.shell:Creating prefix script '/home/utilisateur/slam/install/local_setup.ps1'
[2.313s] INFO:colcon.colcon_core.shell:Creating prefix util module '/home/utilisateur/slam/install/_local_setup_util_ps1.py'
[2.315s] INFO:colcon.colcon_core.shell:Creating prefix chain script '/home/utilisateur/slam/install/setup.ps1'
[2.317s] INFO:colcon.colcon_core.shell:Creating prefix script '/home/utilisateur/slam/install/local_setup.sh'
[2.319s] INFO:colcon.colcon_core.shell:Creating prefix util module '/home/utilisateur/slam/install/_local_setup_util_sh.py'
[2.320s] INFO:colcon.colcon_core.shell:Creating prefix chain script '/home/utilisateur/slam/install/setup.sh'
[2.322s] INFO:colcon.colcon_core.shell:Creating prefix script '/home/utilisateur/slam/install/local_setup.bash'
[2.323s] INFO:colcon.colcon_core.shell:Creating prefix chain script '/home/utilisateur/slam/install/setup.bash'
[2.324s] INFO:colcon.colcon_core.shell:Creating prefix script '/home/utilisateur/slam/install/local_setup.zsh'
[2.326s] INFO:colcon.colcon_core.shell:Creating prefix chain script '/home/utilisateur/slam/install/setup.zsh'
