[0.012s] Invoking command in '/home/utilisateur/slam/build/robot_navigation2': CMAKE_PREFIX_PATH=${CMAKE_PREFIX_PATH}:/opt/ros/humble /usr/bin/cmake --build /home/utilisateur/slam/build/robot_navigation2 -- -j4 -l4
[0.043s] -- Found ament_cmake: 1.3.12 (/opt/ros/humble/share/ament_cmake/cmake)
[0.215s] -- Found rclpy: 3.3.17 (/opt/ros/humble/share/rclpy/cmake)
[0.215s] -- Found ament_lint_auto: 0.12.14 (/opt/ros/humble/share/ament_lint_auto/cmake)
[0.309s] -- Added test 'flake8' to check Python code syntax and style conventions
[0.309s] -- Added test 'lint_cmake' to check CMake code style
[0.310s] -- Added test 'pep257' to check Python code against some of the docstring style conventions in PEP 257
[0.311s] -- Added test 'xmllint' to check XML markup files
[0.313s] -- Configuring done
[0.316s] -- Generating done
[0.319s] -- Build files have been written to: /home/utilisateur/slam/build/robot_navigation2
[0.347s] Invoked command in '/home/utilisateur/slam/build/robot_navigation2' returned '0': CMAKE_PREFIX_PATH=${CMAKE_PREFIX_PATH}:/opt/ros/humble /usr/bin/cmake --build /home/utilisateur/slam/build/robot_navigation2 -- -j4 -l4
[0.349s] Invoking command in '/home/utilisateur/slam/build/robot_navigation2': CMAKE_PREFIX_PATH=${CMAKE_PREFIX_PATH}:/opt/ros/humble /usr/bin/cmake --install /home/utilisateur/slam/build/robot_navigation2
[0.359s] -- Install configuration: ""
[0.360s] -- Up-to-date: /home/utilisateur/slam/install/robot_navigation2/share/robot_navigation2/launch
[0.360s] -- Installing: /home/utilisateur/slam/install/robot_navigation2/share/robot_navigation2/launch/nav2.launch.py
[0.361s] -- Up-to-date: /home/utilisateur/slam/install/robot_navigation2/share/robot_navigation2/launch/simple_nav2.launch.py
[0.361s] -- Up-to-date: /home/utilisateur/slam/install/robot_navigation2/share/robot_navigation2/config
[0.361s] -- Up-to-date: /home/utilisateur/slam/install/robot_navigation2/share/robot_navigation2/config/nav2_params.yaml
[0.361s] -- Installing: /home/utilisateur/slam/install/robot_navigation2/share/ament_index/resource_index/package_run_dependencies/robot_navigation2
[0.361s] -- Up-to-date: /home/utilisateur/slam/install/robot_navigation2/share/ament_index/resource_index/parent_prefix_path/robot_navigation2
[0.361s] -- Up-to-date: /home/utilisateur/slam/install/robot_navigation2/share/robot_navigation2/environment/ament_prefix_path.sh
[0.361s] -- Installing: /home/utilisateur/slam/install/robot_navigation2/share/robot_navigation2/environment/ament_prefix_path.dsv
[0.361s] -- Up-to-date: /home/utilisateur/slam/install/robot_navigation2/share/robot_navigation2/environment/path.sh
[0.361s] -- Installing: /home/utilisateur/slam/install/robot_navigation2/share/robot_navigation2/environment/path.dsv
[0.361s] -- Up-to-date: /home/utilisateur/slam/install/robot_navigation2/share/robot_navigation2/local_setup.bash
[0.361s] -- Up-to-date: /home/utilisateur/slam/install/robot_navigation2/share/robot_navigation2/local_setup.sh
[0.361s] -- Up-to-date: /home/utilisateur/slam/install/robot_navigation2/share/robot_navigation2/local_setup.zsh
[0.361s] -- Installing: /home/utilisateur/slam/install/robot_navigation2/share/robot_navigation2/local_setup.dsv
[0.362s] -- Installing: /home/utilisateur/slam/install/robot_navigation2/share/robot_navigation2/package.dsv
[0.362s] -- Up-to-date: /home/utilisateur/slam/install/robot_navigation2/share/ament_index/resource_index/packages/robot_navigation2
[0.362s] -- Up-to-date: /home/utilisateur/slam/install/robot_navigation2/share/robot_navigation2/cmake/robot_navigation2Config.cmake
[0.362s] -- Up-to-date: /home/utilisateur/slam/install/robot_navigation2/share/robot_navigation2/cmake/robot_navigation2Config-version.cmake
[0.362s] -- Installing: /home/utilisateur/slam/install/robot_navigation2/share/robot_navigation2/package.xml
[0.364s] Invoked command in '/home/utilisateur/slam/build/robot_navigation2' returned '0': CMAKE_PREFIX_PATH=${CMAKE_PREFIX_PATH}:/opt/ros/humble /usr/bin/cmake --install /home/utilisateur/slam/build/robot_navigation2
