[0.024s] Invoking command in '/home/utilisateur/slam/build/robot_description': CMAKE_PREFIX_PATH=/opt/ros/humble /usr/bin/cmake --build /home/utilisateur/slam/build/robot_description -- -j4 -l4
[0.460s] Invoked command in '/home/utilisateur/slam/build/robot_description' returned '0': CMAKE_PREFIX_PATH=/opt/ros/humble /usr/bin/cmake --build /home/utilisateur/slam/build/robot_description -- -j4 -l4
[0.474s] Invoking command in '/home/utilisateur/slam/build/robot_description': CMAKE_PREFIX_PATH=/opt/ros/humble /usr/bin/cmake --install /home/utilisateur/slam/build/robot_description
[0.485s] -- Install configuration: ""
[0.486s] -- Up-to-date: /home/utilisateur/slam/install/robot_description/share/robot_description/urdf
[0.486s] -- Up-to-date: /home/utilisateur/slam/install/robot_description/share/robot_description/urdf/robot.urdf.xacro
[0.486s] -- Up-to-date: /home/utilisateur/slam/install/robot_description/share/robot_description/urdf/robot.gazebo.xacro
[0.486s] -- Up-to-date: /home/utilisateur/slam/install/robot_description/share/robot_description/launch
[0.486s] -- Up-to-date: /home/utilisateur/slam/install/robot_description/share/robot_description/launch/display.launch.py
[0.486s] -- Up-to-date: /home/utilisateur/slam/install/robot_description/share/robot_description/config
[0.486s] -- Up-to-date: /home/utilisateur/slam/install/robot_description/share/robot_description/config/display.rviz
[0.486s] -- Up-to-date: /home/utilisateur/slam/install/robot_description/share/robot_description/config/twist_mux.yaml
[0.486s] -- Up-to-date: /home/utilisateur/slam/install/robot_description/share/ament_index/resource_index/package_run_dependencies/robot_description
[0.486s] -- Up-to-date: /home/utilisateur/slam/install/robot_description/share/ament_index/resource_index/parent_prefix_path/robot_description
[0.487s] -- Up-to-date: /home/utilisateur/slam/install/robot_description/share/robot_description/environment/ament_prefix_path.sh
[0.487s] -- Up-to-date: /home/utilisateur/slam/install/robot_description/share/robot_description/environment/ament_prefix_path.dsv
[0.489s] -- Up-to-date: /home/utilisateur/slam/install/robot_description/share/robot_description/environment/path.sh
[0.489s] -- Up-to-date: /home/utilisateur/slam/install/robot_description/share/robot_description/environment/path.dsv
[0.489s] -- Up-to-date: /home/utilisateur/slam/install/robot_description/share/robot_description/local_setup.bash
[0.489s] -- Up-to-date: /home/utilisateur/slam/install/robot_description/share/robot_description/local_setup.sh
[0.490s] -- Up-to-date: /home/utilisateur/slam/install/robot_description/share/robot_description/local_setup.zsh
[0.493s] -- Up-to-date: /home/utilisateur/slam/install/robot_description/share/robot_description/local_setup.dsv
[0.493s] -- Installing: /home/utilisateur/slam/install/robot_description/share/robot_description/package.dsv
[0.494s] -- Up-to-date: /home/utilisateur/slam/install/robot_description/share/ament_index/resource_index/packages/robot_description
[0.494s] -- Up-to-date: /home/utilisateur/slam/install/robot_description/share/robot_description/cmake/robot_descriptionConfig.cmake
[0.494s] -- Up-to-date: /home/utilisateur/slam/install/robot_description/share/robot_description/cmake/robot_descriptionConfig-version.cmake
[0.494s] -- Up-to-date: /home/utilisateur/slam/install/robot_description/share/robot_description/package.xml
[0.494s] Invoked command in '/home/utilisateur/slam/build/robot_description' returned '0': CMAKE_PREFIX_PATH=/opt/ros/humble /usr/bin/cmake --install /home/utilisateur/slam/build/robot_description
