[0.024s] Invoking command in '/home/utilisateur/slam/build/robot_description': CMAKE_PREFIX_PATH=${CMAKE_PREFIX_PATH}:/opt/ros/humble /usr/bin/cmake --build /home/utilisateur/slam/build/robot_description -- -j4 -l4
[0.064s] -- Found ament_cmake: 1.3.12 (/opt/ros/humble/share/ament_cmake/cmake)
[0.251s] -- Found urdf: 2.6.1 (/opt/ros/humble/share/urdf/cmake)
[0.326s] -- Found xacro: 2.1.1 (/opt/ros/humble/share/xacro/cmake)
[0.328s] -- Found ament_lint_auto: 0.12.14 (/opt/ros/humble/share/ament_lint_auto/cmake)
[0.437s] -- Added test 'flake8' to check Python code syntax and style conventions
[0.438s] -- Added test 'lint_cmake' to check CMake code style
[0.438s] -- Added test 'pep257' to check Python code against some of the docstring style conventions in PEP 257
[0.441s] -- Added test 'xmllint' to check XML markup files
[0.444s] -- Configuring done
[0.454s] -- Generating done
[0.458s] -- Build files have been written to: /home/utilisateur/slam/build/robot_description
[0.486s] Invoked command in '/home/utilisateur/slam/build/robot_description' returned '0': CMAKE_PREFIX_PATH=${CMAKE_PREFIX_PATH}:/opt/ros/humble /usr/bin/cmake --build /home/utilisateur/slam/build/robot_description -- -j4 -l4
[0.498s] Invoking command in '/home/utilisateur/slam/build/robot_description': CMAKE_PREFIX_PATH=${CMAKE_PREFIX_PATH}:/opt/ros/humble /usr/bin/cmake --install /home/utilisateur/slam/build/robot_description
[0.507s] -- Install configuration: ""
[0.507s] -- Up-to-date: /home/utilisateur/slam/install/robot_description/share/robot_description/urdf
[0.510s] -- Installing: /home/utilisateur/slam/install/robot_description/share/robot_description/urdf/robot.urdf.xacro
[0.510s] -- Installing: /home/utilisateur/slam/install/robot_description/share/robot_description/urdf/robot.gazebo.xacro
[0.510s] -- Up-to-date: /home/utilisateur/slam/install/robot_description/share/robot_description/launch
[0.510s] -- Up-to-date: /home/utilisateur/slam/install/robot_description/share/robot_description/launch/display.launch.py
[0.510s] -- Up-to-date: /home/utilisateur/slam/install/robot_description/share/robot_description/config
[0.510s] -- Up-to-date: /home/utilisateur/slam/install/robot_description/share/robot_description/config/display.rviz
[0.510s] -- Up-to-date: /home/utilisateur/slam/install/robot_description/share/robot_description/config/twist_mux.yaml
[0.510s] -- Up-to-date: /home/utilisateur/slam/install/robot_description/share/robot_description/meshes
[0.510s] -- Installing: /home/utilisateur/slam/install/robot_description/share/robot_description/meshes/octagon_base.stl
[0.511s] -- Up-to-date: /home/utilisateur/slam/install/robot_description/share/ament_index/resource_index/package_run_dependencies/robot_description
[0.511s] -- Installing: /home/utilisateur/slam/install/robot_description/share/ament_index/resource_index/parent_prefix_path/robot_description
[0.512s] -- Up-to-date: /home/utilisateur/slam/install/robot_description/share/robot_description/environment/ament_prefix_path.sh
[0.512s] -- Installing: /home/utilisateur/slam/install/robot_description/share/robot_description/environment/ament_prefix_path.dsv
[0.512s] -- Up-to-date: /home/utilisateur/slam/install/robot_description/share/robot_description/environment/path.sh
[0.513s] -- Installing: /home/utilisateur/slam/install/robot_description/share/robot_description/environment/path.dsv
[0.513s] -- Up-to-date: /home/utilisateur/slam/install/robot_description/share/robot_description/local_setup.bash
[0.513s] -- Up-to-date: /home/utilisateur/slam/install/robot_description/share/robot_description/local_setup.sh
[0.513s] -- Up-to-date: /home/utilisateur/slam/install/robot_description/share/robot_description/local_setup.zsh
[0.513s] -- Installing: /home/utilisateur/slam/install/robot_description/share/robot_description/local_setup.dsv
[0.513s] -- Installing: /home/utilisateur/slam/install/robot_description/share/robot_description/package.dsv
[0.514s] -- Up-to-date: /home/utilisateur/slam/install/robot_description/share/ament_index/resource_index/packages/robot_description
[0.514s] -- Up-to-date: /home/utilisateur/slam/install/robot_description/share/robot_description/cmake/robot_descriptionConfig.cmake
[0.514s] -- Up-to-date: /home/utilisateur/slam/install/robot_description/share/robot_description/cmake/robot_descriptionConfig-version.cmake
[0.514s] -- Up-to-date: /home/utilisateur/slam/install/robot_description/share/robot_description/package.xml
[0.516s] Invoked command in '/home/utilisateur/slam/build/robot_description' returned '0': CMAKE_PREFIX_PATH=${CMAKE_PREFIX_PATH}:/opt/ros/humble /usr/bin/cmake --install /home/utilisateur/slam/build/robot_description
