[0.188s] DEBUG:colcon:Command line arguments: ['/usr/bin/colcon', 'build']
[0.188s] DEBUG:colcon:Parsed command line arguments: Namespace(log_base=None, log_level=None, verb_name='build', build_base='build', install_base='install', merge_install=False, symlink_install=False, test_result_base=None, continue_on_error=False, executor='parallel', parallel_workers=4, event_handlers=None, ignore_user_meta=False, metas=['./colcon.meta'], base_paths=['.'], packages_ignore=None, packages_ignore_regex=None, paths=None, packages_up_to=None, packages_up_to_regex=None, packages_above=None, packages_above_and_dependencies=None, packages_above_depth=None, packages_select_by_dep=None, packages_skip_by_dep=None, packages_skip_up_to=None, packages_select_build_failed=False, packages_skip_build_finished=False, packages_select_test_failures=False, packages_skip_test_passed=False, packages_select=None, packages_skip=None, packages_select_regex=None, packages_skip_regex=None, packages_start=None, packages_end=None, allow_overriding=[], cmake_args=None, cmake_target=None, cmake_target_skip_unavailable=False, cmake_clean_cache=False, cmake_clean_first=False, cmake_force_configure=False, ament_cmake_args=None, catkin_cmake_args=None, catkin_skip_building_tests=False, mixin_files=None, mixin=None, verb_parser=<colcon_mixin.mixin.mixin_argument.MixinArgumentDecorator object at 0x7f5e6265dea0>, verb_extension=<colcon_core.verb.build.BuildVerb object at 0x7f5e6265d9c0>, main=<bound method BuildVerb.main of <colcon_core.verb.build.BuildVerb object at 0x7f5e6265d9c0>>, mixin_verb=('build',))
[0.457s] Level 1:colcon.colcon_core.package_discovery:discover_packages(colcon_meta) check parameters
[0.457s] Level 1:colcon.colcon_core.package_discovery:discover_packages(recursive) check parameters
[0.458s] Level 1:colcon.colcon_core.package_discovery:discover_packages(ignore) check parameters
[0.458s] Level 1:colcon.colcon_core.package_discovery:discover_packages(path) check parameters
[0.458s] Level 1:colcon.colcon_core.package_discovery:discover_packages(colcon_meta) discover
[0.458s] Level 1:colcon.colcon_core.package_discovery:discover_packages(recursive) discover
[0.458s] INFO:colcon.colcon_core.package_discovery:Crawling recursively for packages in '/home/utilisateur/slam'
[0.458s] Level 1:colcon.colcon_core.package_identification:_identify(.) by extensions ['ignore', 'ignore_ament_install']
[0.458s] Level 1:colcon.colcon_core.package_identification:_identify(.) by extension 'ignore'
[0.458s] Level 1:colcon.colcon_core.package_identification:_identify(.) by extension 'ignore_ament_install'
[0.458s] Level 1:colcon.colcon_core.package_identification:_identify(.) by extensions ['colcon_pkg']
[0.459s] Level 1:colcon.colcon_core.package_identification:_identify(.) by extension 'colcon_pkg'
[0.459s] Level 1:colcon.colcon_core.package_identification:_identify(.) by extensions ['colcon_meta']
[0.459s] Level 1:colcon.colcon_core.package_identification:_identify(.) by extension 'colcon_meta'
[0.459s] Level 1:colcon.colcon_core.package_identification:_identify(.) by extensions ['ros']
[0.459s] Level 1:colcon.colcon_core.package_identification:_identify(.) by extension 'ros'
[0.476s] Level 1:colcon.colcon_core.package_identification:_identify(.) by extensions ['cmake', 'python']
[0.476s] Level 1:colcon.colcon_core.package_identification:_identify(.) by extension 'cmake'
[0.476s] Level 1:colcon.colcon_core.package_identification:_identify(.) by extension 'python'
[0.476s] Level 1:colcon.colcon_core.package_identification:_identify(.) by extensions ['python_setup_py']
[0.477s] Level 1:colcon.colcon_core.package_identification:_identify(.) by extension 'python_setup_py'
[0.477s] Level 1:colcon.colcon_core.package_identification:_identify(build) by extensions ['ignore', 'ignore_ament_install']
[0.477s] Level 1:colcon.colcon_core.package_identification:_identify(build) by extension 'ignore'
[0.477s] Level 1:colcon.colcon_core.package_identification:_identify(build) ignored
[0.477s] Level 1:colcon.colcon_core.package_identification:_identify(install) by extensions ['ignore', 'ignore_ament_install']
[0.477s] Level 1:colcon.colcon_core.package_identification:_identify(install) by extension 'ignore'
[0.477s] Level 1:colcon.colcon_core.package_identification:_identify(install) ignored
[0.478s] Level 1:colcon.colcon_core.package_identification:_identify(log) by extensions ['ignore', 'ignore_ament_install']
[0.478s] Level 1:colcon.colcon_core.package_identification:_identify(log) by extension 'ignore'
[0.478s] Level 1:colcon.colcon_core.package_identification:_identify(log) ignored
[0.478s] Level 1:colcon.colcon_core.package_identification:_identify(test) by extensions ['ignore', 'ignore_ament_install']
[0.478s] Level 1:colcon.colcon_core.package_identification:_identify(test) by extension 'ignore'
[0.478s] Level 1:colcon.colcon_core.package_identification:_identify(test) by extension 'ignore_ament_install'
[0.478s] Level 1:colcon.colcon_core.package_identification:_identify(test) by extensions ['colcon_pkg']
[0.478s] Level 1:colcon.colcon_core.package_identification:_identify(test) by extension 'colcon_pkg'
[0.478s] Level 1:colcon.colcon_core.package_identification:_identify(test) by extensions ['colcon_meta']
[0.478s] Level 1:colcon.colcon_core.package_identification:_identify(test) by extension 'colcon_meta'
[0.478s] Level 1:colcon.colcon_core.package_identification:_identify(test) by extensions ['ros']
[0.479s] Level 1:colcon.colcon_core.package_identification:_identify(test) by extension 'ros'
[0.479s] Level 1:colcon.colcon_core.package_identification:_identify(test) by extensions ['cmake', 'python']
[0.479s] Level 1:colcon.colcon_core.package_identification:_identify(test) by extension 'cmake'
[0.479s] Level 1:colcon.colcon_core.package_identification:_identify(test) by extension 'python'
[0.479s] Level 1:colcon.colcon_core.package_identification:_identify(test) by extensions ['python_setup_py']
[0.479s] Level 1:colcon.colcon_core.package_identification:_identify(test) by extension 'python_setup_py'
[0.479s] Level 1:colcon.colcon_core.package_identification:_identify(test/build) by extensions ['ignore', 'ignore_ament_install']
[0.479s] Level 1:colcon.colcon_core.package_identification:_identify(test/build) by extension 'ignore'
[0.479s] Level 1:colcon.colcon_core.package_identification:_identify(test/build) ignored
[0.479s] Level 1:colcon.colcon_core.package_identification:_identify(test/install) by extensions ['ignore', 'ignore_ament_install']
[0.479s] Level 1:colcon.colcon_core.package_identification:_identify(test/install) by extension 'ignore'
[0.479s] Level 1:colcon.colcon_core.package_identification:_identify(test/install) ignored
[0.480s] Level 1:colcon.colcon_core.package_identification:_identify(test/log) by extensions ['ignore', 'ignore_ament_install']
[0.480s] Level 1:colcon.colcon_core.package_identification:_identify(test/log) by extension 'ignore'
[0.480s] Level 1:colcon.colcon_core.package_identification:_identify(test/log) ignored
[0.480s] Level 1:colcon.colcon_core.package_identification:_identify(test/maps) by extensions ['ignore', 'ignore_ament_install']
[0.480s] Level 1:colcon.colcon_core.package_identification:_identify(test/maps) by extension 'ignore'
[0.480s] Level 1:colcon.colcon_core.package_identification:_identify(test/maps) by extension 'ignore_ament_install'
[0.480s] Level 1:colcon.colcon_core.package_identification:_identify(test/maps) by extensions ['colcon_pkg']
[0.480s] Level 1:colcon.colcon_core.package_identification:_identify(test/maps) by extension 'colcon_pkg'
[0.480s] Level 1:colcon.colcon_core.package_identification:_identify(test/maps) by extensions ['colcon_meta']
[0.480s] Level 1:colcon.colcon_core.package_identification:_identify(test/maps) by extension 'colcon_meta'
[0.480s] Level 1:colcon.colcon_core.package_identification:_identify(test/maps) by extensions ['ros']
[0.481s] Level 1:colcon.colcon_core.package_identification:_identify(test/maps) by extension 'ros'
[0.481s] Level 1:colcon.colcon_core.package_identification:_identify(test/maps) by extensions ['cmake', 'python']
[0.481s] Level 1:colcon.colcon_core.package_identification:_identify(test/maps) by extension 'cmake'
[0.481s] Level 1:colcon.colcon_core.package_identification:_identify(test/maps) by extension 'python'
[0.481s] Level 1:colcon.colcon_core.package_identification:_identify(test/maps) by extensions ['python_setup_py']
[0.481s] Level 1:colcon.colcon_core.package_identification:_identify(test/maps) by extension 'python_setup_py'
[0.481s] Level 1:colcon.colcon_core.package_identification:_identify(test/src) by extensions ['ignore', 'ignore_ament_install']
[0.481s] Level 1:colcon.colcon_core.package_identification:_identify(test/src) by extension 'ignore'
[0.481s] Level 1:colcon.colcon_core.package_identification:_identify(test/src) by extension 'ignore_ament_install'
[0.481s] Level 1:colcon.colcon_core.package_identification:_identify(test/src) by extensions ['colcon_pkg']
[0.481s] Level 1:colcon.colcon_core.package_identification:_identify(test/src) by extension 'colcon_pkg'
[0.481s] Level 1:colcon.colcon_core.package_identification:_identify(test/src) by extensions ['colcon_meta']
[0.481s] Level 1:colcon.colcon_core.package_identification:_identify(test/src) by extension 'colcon_meta'
[0.481s] Level 1:colcon.colcon_core.package_identification:_identify(test/src) by extensions ['ros']
[0.481s] Level 1:colcon.colcon_core.package_identification:_identify(test/src) by extension 'ros'
[0.482s] Level 1:colcon.colcon_core.package_identification:_identify(test/src) by extensions ['cmake', 'python']
[0.482s] Level 1:colcon.colcon_core.package_identification:_identify(test/src) by extension 'cmake'
[0.482s] Level 1:colcon.colcon_core.package_identification:_identify(test/src) by extension 'python'
[0.482s] Level 1:colcon.colcon_core.package_identification:_identify(test/src) by extensions ['python_setup_py']
[0.482s] Level 1:colcon.colcon_core.package_identification:_identify(test/src) by extension 'python_setup_py'
[0.482s] Level 1:colcon.colcon_core.package_identification:_identify(test/src/robot_description) by extensions ['ignore', 'ignore_ament_install']
[0.482s] Level 1:colcon.colcon_core.package_identification:_identify(test/src/robot_description) by extension 'ignore'
[0.482s] Level 1:colcon.colcon_core.package_identification:_identify(test/src/robot_description) by extension 'ignore_ament_install'
[0.482s] Level 1:colcon.colcon_core.package_identification:_identify(test/src/robot_description) by extensions ['colcon_pkg']
[0.482s] Level 1:colcon.colcon_core.package_identification:_identify(test/src/robot_description) by extension 'colcon_pkg'
[0.482s] Level 1:colcon.colcon_core.package_identification:_identify(test/src/robot_description) by extensions ['colcon_meta']
[0.482s] Level 1:colcon.colcon_core.package_identification:_identify(test/src/robot_description) by extension 'colcon_meta'
[0.482s] Level 1:colcon.colcon_core.package_identification:_identify(test/src/robot_description) by extensions ['ros']
[0.482s] Level 1:colcon.colcon_core.package_identification:_identify(test/src/robot_description) by extension 'ros'
[0.486s] DEBUG:colcon.colcon_core.package_identification:Package 'test/src/robot_description' with type 'ros.ament_cmake' and name 'robot_description'
[0.486s] Level 1:colcon.colcon_core.package_identification:_identify(test/src/robot_navigation) by extensions ['ignore', 'ignore_ament_install']
[0.486s] Level 1:colcon.colcon_core.package_identification:_identify(test/src/robot_navigation) by extension 'ignore'
[0.486s] Level 1:colcon.colcon_core.package_identification:_identify(test/src/robot_navigation) by extension 'ignore_ament_install'
[0.486s] Level 1:colcon.colcon_core.package_identification:_identify(test/src/robot_navigation) by extensions ['colcon_pkg']
[0.486s] Level 1:colcon.colcon_core.package_identification:_identify(test/src/robot_navigation) by extension 'colcon_pkg'
[0.487s] Level 1:colcon.colcon_core.package_identification:_identify(test/src/robot_navigation) by extensions ['colcon_meta']
[0.487s] Level 1:colcon.colcon_core.package_identification:_identify(test/src/robot_navigation) by extension 'colcon_meta'
[0.487s] Level 1:colcon.colcon_core.package_identification:_identify(test/src/robot_navigation) by extensions ['ros']
[0.487s] Level 1:colcon.colcon_core.package_identification:_identify(test/src/robot_navigation) by extension 'ros'
[0.487s] DEBUG:colcon.colcon_core.package_identification:Package 'test/src/robot_navigation' with type 'ros.ament_python' and name 'robot_navigation'
[0.488s] Level 1:colcon.colcon_core.package_identification:_identify(test/src/robot_navigation2) by extensions ['ignore', 'ignore_ament_install']
[0.488s] Level 1:colcon.colcon_core.package_identification:_identify(test/src/robot_navigation2) by extension 'ignore'
[0.488s] Level 1:colcon.colcon_core.package_identification:_identify(test/src/robot_navigation2) by extension 'ignore_ament_install'
[0.488s] Level 1:colcon.colcon_core.package_identification:_identify(test/src/robot_navigation2) by extensions ['colcon_pkg']
[0.488s] Level 1:colcon.colcon_core.package_identification:_identify(test/src/robot_navigation2) by extension 'colcon_pkg'
[0.488s] Level 1:colcon.colcon_core.package_identification:_identify(test/src/robot_navigation2) by extensions ['colcon_meta']
[0.488s] Level 1:colcon.colcon_core.package_identification:_identify(test/src/robot_navigation2) by extension 'colcon_meta'
[0.488s] Level 1:colcon.colcon_core.package_identification:_identify(test/src/robot_navigation2) by extensions ['ros']
[0.488s] Level 1:colcon.colcon_core.package_identification:_identify(test/src/robot_navigation2) by extension 'ros'
[0.490s] DEBUG:colcon.colcon_core.package_identification:Package 'test/src/robot_navigation2' with type 'ros.ament_cmake' and name 'robot_navigation2'
[0.490s] Level 1:colcon.colcon_core.package_identification:_identify(test/src/robot_simulation) by extensions ['ignore', 'ignore_ament_install']
[0.490s] Level 1:colcon.colcon_core.package_identification:_identify(test/src/robot_simulation) by extension 'ignore'
[0.490s] Level 1:colcon.colcon_core.package_identification:_identify(test/src/robot_simulation) by extension 'ignore_ament_install'
[0.490s] Level 1:colcon.colcon_core.package_identification:_identify(test/src/robot_simulation) by extensions ['colcon_pkg']
[0.490s] Level 1:colcon.colcon_core.package_identification:_identify(test/src/robot_simulation) by extension 'colcon_pkg'
[0.490s] Level 1:colcon.colcon_core.package_identification:_identify(test/src/robot_simulation) by extensions ['colcon_meta']
[0.490s] Level 1:colcon.colcon_core.package_identification:_identify(test/src/robot_simulation) by extension 'colcon_meta'
[0.491s] Level 1:colcon.colcon_core.package_identification:_identify(test/src/robot_simulation) by extensions ['ros']
[0.491s] Level 1:colcon.colcon_core.package_identification:_identify(test/src/robot_simulation) by extension 'ros'
[0.492s] DEBUG:colcon.colcon_core.package_identification:Package 'test/src/robot_simulation' with type 'ros.ament_cmake' and name 'robot_simulation'
[0.492s] Level 1:colcon.colcon_core.package_discovery:discover_packages(recursive) using defaults
[0.492s] Level 1:colcon.colcon_core.package_discovery:discover_packages(ignore) discover
[0.492s] Level 1:colcon.colcon_core.package_discovery:discover_packages(ignore) using defaults
[0.492s] Level 1:colcon.colcon_core.package_discovery:discover_packages(path) discover
[0.492s] Level 1:colcon.colcon_core.package_discovery:discover_packages(path) using defaults
[0.540s] Level 1:colcon.colcon_core.package_discovery:discover_packages(prefix_path) check parameters
[0.540s] Level 1:colcon.colcon_core.package_discovery:discover_packages(prefix_path) discover
[0.544s] DEBUG:colcon.colcon_installed_package_information.package_discovery:Found 344 installed packages in /opt/ros/humble
[0.547s] Level 1:colcon.colcon_core.package_discovery:discover_packages(prefix_path) using defaults
[0.613s] Level 5:colcon.colcon_core.verb:set package 'robot_description' build argument 'cmake_args' from command line to 'None'
[0.613s] Level 5:colcon.colcon_core.verb:set package 'robot_description' build argument 'cmake_target' from command line to 'None'
[0.613s] Level 5:colcon.colcon_core.verb:set package 'robot_description' build argument 'cmake_target_skip_unavailable' from command line to 'False'
[0.613s] Level 5:colcon.colcon_core.verb:set package 'robot_description' build argument 'cmake_clean_cache' from command line to 'False'
[0.613s] Level 5:colcon.colcon_core.verb:set package 'robot_description' build argument 'cmake_clean_first' from command line to 'False'
[0.613s] Level 5:colcon.colcon_core.verb:set package 'robot_description' build argument 'cmake_force_configure' from command line to 'False'
[0.613s] Level 5:colcon.colcon_core.verb:set package 'robot_description' build argument 'ament_cmake_args' from command line to 'None'
[0.613s] Level 5:colcon.colcon_core.verb:set package 'robot_description' build argument 'catkin_cmake_args' from command line to 'None'
[0.613s] Level 5:colcon.colcon_core.verb:set package 'robot_description' build argument 'catkin_skip_building_tests' from command line to 'False'
[0.613s] DEBUG:colcon.colcon_core.verb:Building package 'robot_description' with the following arguments: {'ament_cmake_args': None, 'build_base': '/home/utilisateur/slam/build/robot_description', 'catkin_cmake_args': None, 'catkin_skip_building_tests': False, 'cmake_args': None, 'cmake_clean_cache': False, 'cmake_clean_first': False, 'cmake_force_configure': False, 'cmake_target': None, 'cmake_target_skip_unavailable': False, 'install_base': '/home/utilisateur/slam/install/robot_description', 'merge_install': False, 'path': '/home/utilisateur/slam/test/src/robot_description', 'symlink_install': False, 'test_result_base': None}
[0.613s] Level 5:colcon.colcon_core.verb:set package 'robot_navigation' build argument 'cmake_args' from command line to 'None'
[0.613s] Level 5:colcon.colcon_core.verb:set package 'robot_navigation' build argument 'cmake_target' from command line to 'None'
[0.614s] Level 5:colcon.colcon_core.verb:set package 'robot_navigation' build argument 'cmake_target_skip_unavailable' from command line to 'False'
[0.614s] Level 5:colcon.colcon_core.verb:set package 'robot_navigation' build argument 'cmake_clean_cache' from command line to 'False'
[0.614s] Level 5:colcon.colcon_core.verb:set package 'robot_navigation' build argument 'cmake_clean_first' from command line to 'False'
[0.614s] Level 5:colcon.colcon_core.verb:set package 'robot_navigation' build argument 'cmake_force_configure' from command line to 'False'
[0.614s] Level 5:colcon.colcon_core.verb:set package 'robot_navigation' build argument 'ament_cmake_args' from command line to 'None'
[0.614s] Level 5:colcon.colcon_core.verb:set package 'robot_navigation' build argument 'catkin_cmake_args' from command line to 'None'
[0.614s] Level 5:colcon.colcon_core.verb:set package 'robot_navigation' build argument 'catkin_skip_building_tests' from command line to 'False'
[0.614s] DEBUG:colcon.colcon_core.verb:Building package 'robot_navigation' with the following arguments: {'ament_cmake_args': None, 'build_base': '/home/utilisateur/slam/build/robot_navigation', 'catkin_cmake_args': None, 'catkin_skip_building_tests': False, 'cmake_args': None, 'cmake_clean_cache': False, 'cmake_clean_first': False, 'cmake_force_configure': False, 'cmake_target': None, 'cmake_target_skip_unavailable': False, 'install_base': '/home/utilisateur/slam/install/robot_navigation', 'merge_install': False, 'path': '/home/utilisateur/slam/test/src/robot_navigation', 'symlink_install': False, 'test_result_base': None}
[0.614s] Level 5:colcon.colcon_core.verb:set package 'robot_simulation' build argument 'cmake_args' from command line to 'None'
[0.614s] Level 5:colcon.colcon_core.verb:set package 'robot_simulation' build argument 'cmake_target' from command line to 'None'
[0.614s] Level 5:colcon.colcon_core.verb:set package 'robot_simulation' build argument 'cmake_target_skip_unavailable' from command line to 'False'
[0.614s] Level 5:colcon.colcon_core.verb:set package 'robot_simulation' build argument 'cmake_clean_cache' from command line to 'False'
[0.614s] Level 5:colcon.colcon_core.verb:set package 'robot_simulation' build argument 'cmake_clean_first' from command line to 'False'
[0.614s] Level 5:colcon.colcon_core.verb:set package 'robot_simulation' build argument 'cmake_force_configure' from command line to 'False'
[0.614s] Level 5:colcon.colcon_core.verb:set package 'robot_simulation' build argument 'ament_cmake_args' from command line to 'None'
[0.614s] Level 5:colcon.colcon_core.verb:set package 'robot_simulation' build argument 'catkin_cmake_args' from command line to 'None'
[0.614s] Level 5:colcon.colcon_core.verb:set package 'robot_simulation' build argument 'catkin_skip_building_tests' from command line to 'False'
[0.615s] DEBUG:colcon.colcon_core.verb:Building package 'robot_simulation' with the following arguments: {'ament_cmake_args': None, 'build_base': '/home/utilisateur/slam/build/robot_simulation', 'catkin_cmake_args': None, 'catkin_skip_building_tests': False, 'cmake_args': None, 'cmake_clean_cache': False, 'cmake_clean_first': False, 'cmake_force_configure': False, 'cmake_target': None, 'cmake_target_skip_unavailable': False, 'install_base': '/home/utilisateur/slam/install/robot_simulation', 'merge_install': False, 'path': '/home/utilisateur/slam/test/src/robot_simulation', 'symlink_install': False, 'test_result_base': None}
[0.615s] Level 5:colcon.colcon_core.verb:set package 'robot_navigation2' build argument 'cmake_args' from command line to 'None'
[0.615s] Level 5:colcon.colcon_core.verb:set package 'robot_navigation2' build argument 'cmake_target' from command line to 'None'
[0.615s] Level 5:colcon.colcon_core.verb:set package 'robot_navigation2' build argument 'cmake_target_skip_unavailable' from command line to 'False'
[0.615s] Level 5:colcon.colcon_core.verb:set package 'robot_navigation2' build argument 'cmake_clean_cache' from command line to 'False'
[0.615s] Level 5:colcon.colcon_core.verb:set package 'robot_navigation2' build argument 'cmake_clean_first' from command line to 'False'
[0.615s] Level 5:colcon.colcon_core.verb:set package 'robot_navigation2' build argument 'cmake_force_configure' from command line to 'False'
[0.615s] Level 5:colcon.colcon_core.verb:set package 'robot_navigation2' build argument 'ament_cmake_args' from command line to 'None'
[0.615s] Level 5:colcon.colcon_core.verb:set package 'robot_navigation2' build argument 'catkin_cmake_args' from command line to 'None'
[0.615s] Level 5:colcon.colcon_core.verb:set package 'robot_navigation2' build argument 'catkin_skip_building_tests' from command line to 'False'
[0.616s] DEBUG:colcon.colcon_core.verb:Building package 'robot_navigation2' with the following arguments: {'ament_cmake_args': None, 'build_base': '/home/utilisateur/slam/build/robot_navigation2', 'catkin_cmake_args': None, 'catkin_skip_building_tests': False, 'cmake_args': None, 'cmake_clean_cache': False, 'cmake_clean_first': False, 'cmake_force_configure': False, 'cmake_target': None, 'cmake_target_skip_unavailable': False, 'install_base': '/home/utilisateur/slam/install/robot_navigation2', 'merge_install': False, 'path': '/home/utilisateur/slam/test/src/robot_navigation2', 'symlink_install': False, 'test_result_base': None}
[0.616s] INFO:colcon.colcon_core.executor:Executing jobs using 'parallel' executor
[0.617s] DEBUG:colcon.colcon_parallel_executor.executor.parallel:run_until_complete
[0.618s] INFO:colcon.colcon_ros.task.ament_cmake.build:Building ROS package in '/home/utilisateur/slam/test/src/robot_description' with build type 'ament_cmake'
[0.618s] INFO:colcon.colcon_cmake.task.cmake.build:Building CMake package in '/home/utilisateur/slam/test/src/robot_description'
[0.622s] INFO:colcon.colcon_core.plugin_system:Skipping extension 'colcon_core.shell.bat': Not used on non-Windows systems
[0.622s] INFO:colcon.colcon_core.shell:Skip shell extension 'powershell' for command environment: Not usable outside of PowerShell
[0.622s] DEBUG:colcon.colcon_core.shell:Skip shell extension 'dsv' for command environment
[0.627s] INFO:colcon.colcon_ros.task.ament_python.build:Building ROS package in '/home/utilisateur/slam/test/src/robot_navigation' with build type 'ament_python'
[0.627s] Level 1:colcon.colcon_core.shell:create_environment_hook('robot_navigation', 'ament_prefix_path')
[0.627s] INFO:colcon.colcon_core.shell:Creating environment hook '/home/utilisateur/slam/install/robot_navigation/share/robot_navigation/hook/ament_prefix_path.ps1'
[0.628s] INFO:colcon.colcon_core.shell:Creating environment descriptor '/home/utilisateur/slam/install/robot_navigation/share/robot_navigation/hook/ament_prefix_path.dsv'
[0.629s] INFO:colcon.colcon_core.shell:Creating environment hook '/home/utilisateur/slam/install/robot_navigation/share/robot_navigation/hook/ament_prefix_path.sh'
[0.630s] INFO:colcon.colcon_core.shell:Skip shell extension 'powershell' for command environment: Not usable outside of PowerShell
[0.630s] DEBUG:colcon.colcon_core.shell:Skip shell extension 'dsv' for command environment
[0.643s] DEBUG:colcon.colcon_core.event_handler.log_command:Invoking command in '/home/utilisateur/slam/build/robot_description': CMAKE_PREFIX_PATH=/opt/ros/humble /usr/bin/cmake --build /home/utilisateur/slam/build/robot_description -- -j4 -l4
[1.078s] INFO:colcon.colcon_core.task.python.build:Building Python package in '/home/utilisateur/slam/test/src/robot_navigation'
[1.079s] INFO:colcon.colcon_core.shell:Skip shell extension 'powershell' for command environment: Not usable outside of PowerShell
[1.079s] DEBUG:colcon.colcon_core.shell:Skip shell extension 'dsv' for command environment
[1.086s] DEBUG:colcon.colcon_core.event_handler.log_command:Invoked command in '/home/utilisateur/slam/build/robot_description' returned '0': CMAKE_PREFIX_PATH=/opt/ros/humble /usr/bin/cmake --build /home/utilisateur/slam/build/robot_description -- -j4 -l4
[1.102s] DEBUG:colcon.colcon_core.event_handler.log_command:Invoking command in '/home/utilisateur/slam/build/robot_description': CMAKE_PREFIX_PATH=/opt/ros/humble /usr/bin/cmake --install /home/utilisateur/slam/build/robot_description
[1.116s] Level 1:colcon.colcon_core.environment:create_environment_scripts_only(robot_description)
[1.118s] DEBUG:colcon.colcon_core.event_handler.log_command:Invoked command in '/home/utilisateur/slam/build/robot_description' returned '0': CMAKE_PREFIX_PATH=/opt/ros/humble /usr/bin/cmake --install /home/utilisateur/slam/build/robot_description
[1.121s] Level 1:colcon.colcon_core.environment:checking '/home/utilisateur/slam/install/robot_description' for CMake module files
[1.122s] Level 1:colcon.colcon_core.environment:checking '/home/utilisateur/slam/install/robot_description' for CMake config files
[1.122s] Level 1:colcon.colcon_core.shell:create_environment_hook('robot_description', 'cmake_prefix_path')
[1.122s] INFO:colcon.colcon_core.shell:Creating environment hook '/home/utilisateur/slam/install/robot_description/share/robot_description/hook/cmake_prefix_path.ps1'
[1.123s] INFO:colcon.colcon_core.shell:Creating environment descriptor '/home/utilisateur/slam/install/robot_description/share/robot_description/hook/cmake_prefix_path.dsv'
[1.123s] INFO:colcon.colcon_core.shell:Creating environment hook '/home/utilisateur/slam/install/robot_description/share/robot_description/hook/cmake_prefix_path.sh'
[1.124s] Level 1:colcon.colcon_core.environment:checking '/home/utilisateur/slam/install/robot_description/bin'
[1.125s] Level 1:colcon.colcon_core.environment:checking '/home/utilisateur/slam/install/robot_description/lib/pkgconfig/robot_description.pc'
[1.125s] Level 1:colcon.colcon_core.environment:checking '/home/utilisateur/slam/install/robot_description/lib/python3.10/site-packages'
[1.125s] Level 1:colcon.colcon_core.environment:checking '/home/utilisateur/slam/install/robot_description/bin'
[1.126s] INFO:colcon.colcon_core.shell:Creating package script '/home/utilisateur/slam/install/robot_description/share/robot_description/package.ps1'
[1.127s] INFO:colcon.colcon_core.shell:Creating package descriptor '/home/utilisateur/slam/install/robot_description/share/robot_description/package.dsv'
[1.127s] INFO:colcon.colcon_core.shell:Creating package script '/home/utilisateur/slam/install/robot_description/share/robot_description/package.sh'
[1.130s] INFO:colcon.colcon_core.shell:Creating package script '/home/utilisateur/slam/install/robot_description/share/robot_description/package.bash'
[1.131s] INFO:colcon.colcon_core.shell:Creating package script '/home/utilisateur/slam/install/robot_description/share/robot_description/package.zsh'
[1.133s] Level 1:colcon.colcon_core.environment:create_file_with_runtime_dependencies(/home/utilisateur/slam/install/robot_description/share/colcon-core/packages/robot_description)
[1.134s] Level 1:colcon.colcon_core.environment:create_environment_scripts_only(robot_description)
[1.135s] Level 1:colcon.colcon_core.environment:checking '/home/utilisateur/slam/install/robot_description' for CMake module files
[1.135s] Level 1:colcon.colcon_core.environment:checking '/home/utilisateur/slam/install/robot_description' for CMake config files
[1.136s] Level 1:colcon.colcon_core.shell:create_environment_hook('robot_description', 'cmake_prefix_path')
[1.136s] INFO:colcon.colcon_core.shell:Creating environment hook '/home/utilisateur/slam/install/robot_description/share/robot_description/hook/cmake_prefix_path.ps1'
[1.136s] INFO:colcon.colcon_core.shell:Creating environment descriptor '/home/utilisateur/slam/install/robot_description/share/robot_description/hook/cmake_prefix_path.dsv'
[1.137s] INFO:colcon.colcon_core.shell:Creating environment hook '/home/utilisateur/slam/install/robot_description/share/robot_description/hook/cmake_prefix_path.sh'
[1.138s] Level 1:colcon.colcon_core.environment:checking '/home/utilisateur/slam/install/robot_description/bin'
[1.138s] Level 1:colcon.colcon_core.environment:checking '/home/utilisateur/slam/install/robot_description/lib/pkgconfig/robot_description.pc'
[1.138s] Level 1:colcon.colcon_core.environment:checking '/home/utilisateur/slam/install/robot_description/lib/python3.10/site-packages'
[1.138s] Level 1:colcon.colcon_core.environment:checking '/home/utilisateur/slam/install/robot_description/bin'
[1.139s] INFO:colcon.colcon_core.shell:Creating package script '/home/utilisateur/slam/install/robot_description/share/robot_description/package.ps1'
[1.140s] INFO:colcon.colcon_core.shell:Creating package descriptor '/home/utilisateur/slam/install/robot_description/share/robot_description/package.dsv'
[1.140s] INFO:colcon.colcon_core.shell:Creating package script '/home/utilisateur/slam/install/robot_description/share/robot_description/package.sh'
[1.141s] INFO:colcon.colcon_core.shell:Creating package script '/home/utilisateur/slam/install/robot_description/share/robot_description/package.bash'
[1.141s] INFO:colcon.colcon_core.shell:Creating package script '/home/utilisateur/slam/install/robot_description/share/robot_description/package.zsh'
[1.142s] Level 1:colcon.colcon_core.environment:create_file_with_runtime_dependencies(/home/utilisateur/slam/install/robot_description/share/colcon-core/packages/robot_description)
[1.143s] INFO:colcon.colcon_ros.task.ament_cmake.build:Building ROS package in '/home/utilisateur/slam/test/src/robot_simulation' with build type 'ament_cmake'
[1.145s] INFO:colcon.colcon_cmake.task.cmake.build:Building CMake package in '/home/utilisateur/slam/test/src/robot_simulation'
[1.146s] INFO:colcon.colcon_core.shell:Skip shell extension 'powershell' for command environment: Not usable outside of PowerShell
[1.146s] DEBUG:colcon.colcon_core.shell:Skip shell extension 'dsv' for command environment
[1.160s] DEBUG:colcon.colcon_core.event_handler.log_command:Invoking command in '/home/utilisateur/slam/build/robot_simulation': AMENT_PREFIX_PATH=/home/utilisateur/slam/install/robot_description:${AMENT_PREFIX_PATH} CMAKE_PREFIX_PATH=/home/utilisateur/slam/install/robot_description:/opt/ros/humble /usr/bin/cmake --build /home/utilisateur/slam/build/robot_simulation -- -j4 -l4
[1.222s] DEBUG:colcon.colcon_core.event_handler.log_command:Invoked command in '/home/utilisateur/slam/build/robot_simulation' returned '0': AMENT_PREFIX_PATH=/home/utilisateur/slam/install/robot_description:${AMENT_PREFIX_PATH} CMAKE_PREFIX_PATH=/home/utilisateur/slam/install/robot_description:/opt/ros/humble /usr/bin/cmake --build /home/utilisateur/slam/build/robot_simulation -- -j4 -l4
[1.225s] DEBUG:colcon.colcon_core.event_handler.log_command:Invoking command in '/home/utilisateur/slam/build/robot_simulation': AMENT_PREFIX_PATH=/home/utilisateur/slam/install/robot_description:${AMENT_PREFIX_PATH} CMAKE_PREFIX_PATH=/home/utilisateur/slam/install/robot_description:/opt/ros/humble /usr/bin/cmake --install /home/utilisateur/slam/build/robot_simulation
[1.247s] Level 1:colcon.colcon_core.environment:create_environment_scripts_only(robot_simulation)
[1.249s] Level 1:colcon.colcon_core.environment:checking '/home/utilisateur/slam/install/robot_simulation' for CMake module files
[1.249s] Level 1:colcon.colcon_core.environment:checking '/home/utilisateur/slam/install/robot_simulation' for CMake config files
[1.250s] Level 1:colcon.colcon_core.shell:create_environment_hook('robot_simulation', 'cmake_prefix_path')
[1.250s] INFO:colcon.colcon_core.shell:Creating environment hook '/home/utilisateur/slam/install/robot_simulation/share/robot_simulation/hook/cmake_prefix_path.ps1'
[1.248s] DEBUG:colcon.colcon_core.event_handler.log_command:Invoked command in '/home/utilisateur/slam/build/robot_simulation' returned '0': AMENT_PREFIX_PATH=/home/utilisateur/slam/install/robot_description:${AMENT_PREFIX_PATH} CMAKE_PREFIX_PATH=/home/utilisateur/slam/install/robot_description:/opt/ros/humble /usr/bin/cmake --install /home/utilisateur/slam/build/robot_simulation
[1.251s] INFO:colcon.colcon_core.shell:Creating environment descriptor '/home/utilisateur/slam/install/robot_simulation/share/robot_simulation/hook/cmake_prefix_path.dsv'
[1.252s] INFO:colcon.colcon_core.shell:Creating environment hook '/home/utilisateur/slam/install/robot_simulation/share/robot_simulation/hook/cmake_prefix_path.sh'
[1.253s] Level 1:colcon.colcon_core.environment:checking '/home/utilisateur/slam/install/robot_simulation/bin'
[1.253s] Level 1:colcon.colcon_core.environment:checking '/home/utilisateur/slam/install/robot_simulation/lib/pkgconfig/robot_simulation.pc'
[1.253s] Level 1:colcon.colcon_core.environment:checking '/home/utilisateur/slam/install/robot_simulation/lib/python3.10/site-packages'
[1.254s] Level 1:colcon.colcon_core.environment:checking '/home/utilisateur/slam/install/robot_simulation/bin'
[1.254s] INFO:colcon.colcon_core.shell:Creating package script '/home/utilisateur/slam/install/robot_simulation/share/robot_simulation/package.ps1'
[1.255s] INFO:colcon.colcon_core.shell:Creating package descriptor '/home/utilisateur/slam/install/robot_simulation/share/robot_simulation/package.dsv'
[1.255s] INFO:colcon.colcon_core.shell:Creating package script '/home/utilisateur/slam/install/robot_simulation/share/robot_simulation/package.sh'
[1.256s] INFO:colcon.colcon_core.shell:Creating package script '/home/utilisateur/slam/install/robot_simulation/share/robot_simulation/package.bash'
[1.257s] INFO:colcon.colcon_core.shell:Creating package script '/home/utilisateur/slam/install/robot_simulation/share/robot_simulation/package.zsh'
[1.258s] Level 1:colcon.colcon_core.environment:create_file_with_runtime_dependencies(/home/utilisateur/slam/install/robot_simulation/share/colcon-core/packages/robot_simulation)
[1.259s] Level 1:colcon.colcon_core.environment:create_environment_scripts_only(robot_simulation)
[1.259s] Level 1:colcon.colcon_core.environment:checking '/home/utilisateur/slam/install/robot_simulation' for CMake module files
[1.260s] Level 1:colcon.colcon_core.environment:checking '/home/utilisateur/slam/install/robot_simulation' for CMake config files
[1.261s] Level 1:colcon.colcon_core.shell:create_environment_hook('robot_simulation', 'cmake_prefix_path')
[1.261s] INFO:colcon.colcon_core.shell:Creating environment hook '/home/utilisateur/slam/install/robot_simulation/share/robot_simulation/hook/cmake_prefix_path.ps1'
[1.262s] INFO:colcon.colcon_core.shell:Creating environment descriptor '/home/utilisateur/slam/install/robot_simulation/share/robot_simulation/hook/cmake_prefix_path.dsv'
[1.263s] INFO:colcon.colcon_core.shell:Creating environment hook '/home/utilisateur/slam/install/robot_simulation/share/robot_simulation/hook/cmake_prefix_path.sh'
[1.264s] Level 1:colcon.colcon_core.environment:checking '/home/utilisateur/slam/install/robot_simulation/bin'
[1.264s] Level 1:colcon.colcon_core.environment:checking '/home/utilisateur/slam/install/robot_simulation/lib/pkgconfig/robot_simulation.pc'
[1.264s] Level 1:colcon.colcon_core.environment:checking '/home/utilisateur/slam/install/robot_simulation/lib/python3.10/site-packages'
[1.265s] Level 1:colcon.colcon_core.environment:checking '/home/utilisateur/slam/install/robot_simulation/bin'
[1.265s] INFO:colcon.colcon_core.shell:Creating package script '/home/utilisateur/slam/install/robot_simulation/share/robot_simulation/package.ps1'
[1.266s] INFO:colcon.colcon_core.shell:Creating package descriptor '/home/utilisateur/slam/install/robot_simulation/share/robot_simulation/package.dsv'
[1.267s] INFO:colcon.colcon_core.shell:Creating package script '/home/utilisateur/slam/install/robot_simulation/share/robot_simulation/package.sh'
[1.267s] INFO:colcon.colcon_core.shell:Creating package script '/home/utilisateur/slam/install/robot_simulation/share/robot_simulation/package.bash'
[1.268s] INFO:colcon.colcon_core.shell:Creating package script '/home/utilisateur/slam/install/robot_simulation/share/robot_simulation/package.zsh'
[1.268s] Level 1:colcon.colcon_core.environment:create_file_with_runtime_dependencies(/home/utilisateur/slam/install/robot_simulation/share/colcon-core/packages/robot_simulation)
[1.269s] INFO:colcon.colcon_ros.task.ament_cmake.build:Building ROS package in '/home/utilisateur/slam/test/src/robot_navigation2' with build type 'ament_cmake'
[1.270s] INFO:colcon.colcon_cmake.task.cmake.build:Building CMake package in '/home/utilisateur/slam/test/src/robot_navigation2'
[1.270s] INFO:colcon.colcon_core.shell:Skip shell extension 'powershell' for command environment: Not usable outside of PowerShell
[1.270s] DEBUG:colcon.colcon_core.shell:Skip shell extension 'dsv' for command environment
[1.285s] DEBUG:colcon.colcon_core.event_handler.log_command:Invoking command in '/home/utilisateur/slam/build/robot_navigation2': AMENT_PREFIX_PATH=/home/utilisateur/slam/install/robot_simulation:/home/utilisateur/slam/install/robot_description:${AMENT_PREFIX_PATH} CMAKE_PREFIX_PATH=/home/utilisateur/slam/install/robot_simulation:/home/utilisateur/slam/install/robot_description:/opt/ros/humble /usr/bin/cmake --build /home/utilisateur/slam/build/robot_navigation2 -- -j4 -l4
[1.350s] DEBUG:colcon.colcon_core.event_handler.log_command:Invoked command in '/home/utilisateur/slam/build/robot_navigation2' returned '0': AMENT_PREFIX_PATH=/home/utilisateur/slam/install/robot_simulation:/home/utilisateur/slam/install/robot_description:${AMENT_PREFIX_PATH} CMAKE_PREFIX_PATH=/home/utilisateur/slam/install/robot_simulation:/home/utilisateur/slam/install/robot_description:/opt/ros/humble /usr/bin/cmake --build /home/utilisateur/slam/build/robot_navigation2 -- -j4 -l4
[1.350s] DEBUG:colcon.colcon_core.event_handler.log_command:Invoking command in '/home/utilisateur/slam/build/robot_navigation2': AMENT_PREFIX_PATH=/home/utilisateur/slam/install/robot_simulation:/home/utilisateur/slam/install/robot_description:${AMENT_PREFIX_PATH} CMAKE_PREFIX_PATH=/home/utilisateur/slam/install/robot_simulation:/home/utilisateur/slam/install/robot_description:/opt/ros/humble /usr/bin/cmake --install /home/utilisateur/slam/build/robot_navigation2
[1.365s] Level 1:colcon.colcon_core.environment:create_environment_scripts_only(robot_navigation2)
[1.366s] Level 1:colcon.colcon_core.environment:checking '/home/utilisateur/slam/install/robot_navigation2' for CMake module files
[1.366s] Level 1:colcon.colcon_core.environment:checking '/home/utilisateur/slam/install/robot_navigation2' for CMake config files
[1.367s] DEBUG:colcon.colcon_core.event_handler.log_command:Invoked command in '/home/utilisateur/slam/build/robot_navigation2' returned '0': AMENT_PREFIX_PATH=/home/utilisateur/slam/install/robot_simulation:/home/utilisateur/slam/install/robot_description:${AMENT_PREFIX_PATH} CMAKE_PREFIX_PATH=/home/utilisateur/slam/install/robot_simulation:/home/utilisateur/slam/install/robot_description:/opt/ros/humble /usr/bin/cmake --install /home/utilisateur/slam/build/robot_navigation2
[1.367s] Level 1:colcon.colcon_core.shell:create_environment_hook('robot_navigation2', 'cmake_prefix_path')
[1.368s] INFO:colcon.colcon_core.shell:Creating environment hook '/home/utilisateur/slam/install/robot_navigation2/share/robot_navigation2/hook/cmake_prefix_path.ps1'
[1.369s] INFO:colcon.colcon_core.shell:Creating environment descriptor '/home/utilisateur/slam/install/robot_navigation2/share/robot_navigation2/hook/cmake_prefix_path.dsv'
[1.370s] INFO:colcon.colcon_core.shell:Creating environment hook '/home/utilisateur/slam/install/robot_navigation2/share/robot_navigation2/hook/cmake_prefix_path.sh'
[1.371s] Level 1:colcon.colcon_core.environment:checking '/home/utilisateur/slam/install/robot_navigation2/bin'
[1.371s] Level 1:colcon.colcon_core.environment:checking '/home/utilisateur/slam/install/robot_navigation2/lib/pkgconfig/robot_navigation2.pc'
[1.371s] Level 1:colcon.colcon_core.environment:checking '/home/utilisateur/slam/install/robot_navigation2/lib/python3.10/site-packages'
[1.372s] Level 1:colcon.colcon_core.environment:checking '/home/utilisateur/slam/install/robot_navigation2/bin'
[1.372s] INFO:colcon.colcon_core.shell:Creating package script '/home/utilisateur/slam/install/robot_navigation2/share/robot_navigation2/package.ps1'
[1.374s] INFO:colcon.colcon_core.shell:Creating package descriptor '/home/utilisateur/slam/install/robot_navigation2/share/robot_navigation2/package.dsv'
[1.375s] INFO:colcon.colcon_core.shell:Creating package script '/home/utilisateur/slam/install/robot_navigation2/share/robot_navigation2/package.sh'
[1.376s] INFO:colcon.colcon_core.shell:Creating package script '/home/utilisateur/slam/install/robot_navigation2/share/robot_navigation2/package.bash'
[1.377s] INFO:colcon.colcon_core.shell:Creating package script '/home/utilisateur/slam/install/robot_navigation2/share/robot_navigation2/package.zsh'
[1.377s] Level 1:colcon.colcon_core.environment:create_file_with_runtime_dependencies(/home/utilisateur/slam/install/robot_navigation2/share/colcon-core/packages/robot_navigation2)
[1.378s] Level 1:colcon.colcon_core.environment:create_environment_scripts_only(robot_navigation2)
[1.378s] Level 1:colcon.colcon_core.environment:checking '/home/utilisateur/slam/install/robot_navigation2' for CMake module files
[1.379s] Level 1:colcon.colcon_core.environment:checking '/home/utilisateur/slam/install/robot_navigation2' for CMake config files
[1.379s] Level 1:colcon.colcon_core.shell:create_environment_hook('robot_navigation2', 'cmake_prefix_path')
[1.380s] INFO:colcon.colcon_core.shell:Creating environment hook '/home/utilisateur/slam/install/robot_navigation2/share/robot_navigation2/hook/cmake_prefix_path.ps1'
[1.380s] INFO:colcon.colcon_core.shell:Creating environment descriptor '/home/utilisateur/slam/install/robot_navigation2/share/robot_navigation2/hook/cmake_prefix_path.dsv'
[1.381s] INFO:colcon.colcon_core.shell:Creating environment hook '/home/utilisateur/slam/install/robot_navigation2/share/robot_navigation2/hook/cmake_prefix_path.sh'
[1.382s] Level 1:colcon.colcon_core.environment:checking '/home/utilisateur/slam/install/robot_navigation2/bin'
[1.382s] Level 1:colcon.colcon_core.environment:checking '/home/utilisateur/slam/install/robot_navigation2/lib/pkgconfig/robot_navigation2.pc'
[1.382s] Level 1:colcon.colcon_core.environment:checking '/home/utilisateur/slam/install/robot_navigation2/lib/python3.10/site-packages'
[1.382s] Level 1:colcon.colcon_core.environment:checking '/home/utilisateur/slam/install/robot_navigation2/bin'
[1.383s] INFO:colcon.colcon_core.shell:Creating package script '/home/utilisateur/slam/install/robot_navigation2/share/robot_navigation2/package.ps1'
[1.384s] INFO:colcon.colcon_core.shell:Creating package descriptor '/home/utilisateur/slam/install/robot_navigation2/share/robot_navigation2/package.dsv'
[1.385s] INFO:colcon.colcon_core.shell:Creating package script '/home/utilisateur/slam/install/robot_navigation2/share/robot_navigation2/package.sh'
[1.386s] INFO:colcon.colcon_core.shell:Creating package script '/home/utilisateur/slam/install/robot_navigation2/share/robot_navigation2/package.bash'
[1.387s] INFO:colcon.colcon_core.shell:Creating package script '/home/utilisateur/slam/install/robot_navigation2/share/robot_navigation2/package.zsh'
[1.387s] Level 1:colcon.colcon_core.environment:create_file_with_runtime_dependencies(/home/utilisateur/slam/install/robot_navigation2/share/colcon-core/packages/robot_navigation2)
[1.646s] DEBUG:colcon.colcon_core.event_handler.log_command:Invoking command in '/home/utilisateur/slam/test/src/robot_navigation': PYTHONPATH=/home/utilisateur/slam/build/robot_navigation/prefix_override:/usr/lib/python3/dist-packages/colcon_core/task/python/colcon_distutils_commands:/home/utilisateur/slam/install/robot_navigation/lib/python3.10/site-packages:${PYTHONPATH} /usr/bin/python3 -W ignore:setup.py install is deprecated -W ignore:easy_install command is deprecated setup.py egg_info --egg-base ../../../build/robot_navigation build --build-base /home/utilisateur/slam/build/robot_navigation/build install --record /home/utilisateur/slam/build/robot_navigation/install.log --single-version-externally-managed install_data
[2.113s] Level 1:colcon.colcon_core.environment:checking '/home/utilisateur/slam/install/robot_navigation' for CMake module files
[2.113s] DEBUG:colcon.colcon_core.event_handler.log_command:Invoked command in '/home/utilisateur/slam/test/src/robot_navigation' returned '0': PYTHONPATH=/home/utilisateur/slam/build/robot_navigation/prefix_override:/usr/lib/python3/dist-packages/colcon_core/task/python/colcon_distutils_commands:/home/utilisateur/slam/install/robot_navigation/lib/python3.10/site-packages:${PYTHONPATH} /usr/bin/python3 -W ignore:setup.py install is deprecated -W ignore:easy_install command is deprecated setup.py egg_info --egg-base ../../../build/robot_navigation build --build-base /home/utilisateur/slam/build/robot_navigation/build install --record /home/utilisateur/slam/build/robot_navigation/install.log --single-version-externally-managed install_data
[2.114s] Level 1:colcon.colcon_core.environment:checking '/home/utilisateur/slam/install/robot_navigation' for CMake config files
[2.115s] Level 1:colcon.colcon_core.environment:checking '/home/utilisateur/slam/install/robot_navigation/lib'
[2.115s] Level 1:colcon.colcon_core.environment:checking '/home/utilisateur/slam/install/robot_navigation/bin'
[2.115s] Level 1:colcon.colcon_core.environment:checking '/home/utilisateur/slam/install/robot_navigation/lib/pkgconfig/robot_navigation.pc'
[2.115s] Level 1:colcon.colcon_core.environment:checking '/home/utilisateur/slam/install/robot_navigation/lib/python3.10/site-packages'
[2.115s] Level 1:colcon.colcon_core.shell:create_environment_hook('robot_navigation', 'pythonpath')
[2.116s] INFO:colcon.colcon_core.shell:Creating environment hook '/home/utilisateur/slam/install/robot_navigation/share/robot_navigation/hook/pythonpath.ps1'
[2.116s] INFO:colcon.colcon_core.shell:Creating environment descriptor '/home/utilisateur/slam/install/robot_navigation/share/robot_navigation/hook/pythonpath.dsv'
[2.117s] INFO:colcon.colcon_core.shell:Creating environment hook '/home/utilisateur/slam/install/robot_navigation/share/robot_navigation/hook/pythonpath.sh'
[2.118s] Level 1:colcon.colcon_core.environment:checking '/home/utilisateur/slam/install/robot_navigation/bin'
[2.118s] Level 1:colcon.colcon_core.environment:create_environment_scripts_only(robot_navigation)
[2.118s] INFO:colcon.colcon_core.shell:Creating package script '/home/utilisateur/slam/install/robot_navigation/share/robot_navigation/package.ps1'
[2.119s] INFO:colcon.colcon_core.shell:Creating package descriptor '/home/utilisateur/slam/install/robot_navigation/share/robot_navigation/package.dsv'
[2.120s] INFO:colcon.colcon_core.shell:Creating package script '/home/utilisateur/slam/install/robot_navigation/share/robot_navigation/package.sh'
[2.121s] INFO:colcon.colcon_core.shell:Creating package script '/home/utilisateur/slam/install/robot_navigation/share/robot_navigation/package.bash'
[2.122s] INFO:colcon.colcon_core.shell:Creating package script '/home/utilisateur/slam/install/robot_navigation/share/robot_navigation/package.zsh'
[2.123s] Level 1:colcon.colcon_core.environment:create_file_with_runtime_dependencies(/home/utilisateur/slam/install/robot_navigation/share/colcon-core/packages/robot_navigation)
[2.123s] DEBUG:colcon.colcon_parallel_executor.executor.parallel:closing loop
[2.124s] DEBUG:colcon.colcon_parallel_executor.executor.parallel:loop closed
[2.124s] DEBUG:colcon.colcon_parallel_executor.executor.parallel:run_until_complete finished with '0'
[2.124s] DEBUG:colcon.colcon_core.event_reactor:joining thread
[2.131s] INFO:colcon.colcon_core.plugin_system:Skipping extension 'colcon_notification.desktop_notification.terminal_notifier': Not used on non-Darwin systems
[2.131s] INFO:colcon.colcon_core.plugin_system:Skipping extension 'colcon_notification.desktop_notification.win32': Not used on non-Windows systems
[2.131s] INFO:colcon.colcon_notification.desktop_notification:Sending desktop notification using 'notify2'
[2.148s] DEBUG:colcon.colcon_core.event_reactor:joined thread
[2.148s] INFO:colcon.colcon_core.shell:Creating prefix script '/home/utilisateur/slam/install/local_setup.ps1'
[2.150s] INFO:colcon.colcon_core.shell:Creating prefix util module '/home/utilisateur/slam/install/_local_setup_util_ps1.py'
[2.153s] INFO:colcon.colcon_core.shell:Creating prefix chain script '/home/utilisateur/slam/install/setup.ps1'
[2.156s] INFO:colcon.colcon_core.shell:Creating prefix script '/home/utilisateur/slam/install/local_setup.sh'
[2.157s] INFO:colcon.colcon_core.shell:Creating prefix util module '/home/utilisateur/slam/install/_local_setup_util_sh.py'
[2.159s] INFO:colcon.colcon_core.shell:Creating prefix chain script '/home/utilisateur/slam/install/setup.sh'
[2.160s] INFO:colcon.colcon_core.shell:Creating prefix script '/home/utilisateur/slam/install/local_setup.bash'
[2.161s] INFO:colcon.colcon_core.shell:Creating prefix chain script '/home/utilisateur/slam/install/setup.bash'
[2.162s] INFO:colcon.colcon_core.shell:Creating prefix script '/home/utilisateur/slam/install/local_setup.zsh'
[2.163s] INFO:colcon.colcon_core.shell:Creating prefix chain script '/home/utilisateur/slam/install/setup.zsh'
