[0.027s] Invoking command in '/home/utilisateur/slam/build/robot_description': CMAKE_PREFIX_PATH=${CMAKE_PREFIX_PATH}:/opt/ros/humble /usr/bin/cmake /home/utilisateur/slam/test/src/robot_description -DCMAKE_INSTALL_PREFIX=/home/utilisateur/slam/install/robot_description
[0.150s] -- The C compiler identification is GNU 11.4.0
[0.261s] -- The CXX compiler identification is GNU 11.4.0
[0.278s] -- Detecting C compiler ABI info
[0.426s] -- Detecting C compiler ABI info - done
[0.439s] -- Check for working C compiler: /usr/bin/cc - skipped
[0.439s] -- Detecting C compile features
[0.439s] -- Detecting C compile features - done
[0.444s] -- Detecting CXX compiler ABI info
[0.596s] -- Detecting CXX compiler ABI info - done
[0.623s] -- Check for working CXX compiler: /usr/bin/c++ - skipped
[0.627s] -- Detecting CXX compile features
[0.632s] -- Detecting CXX compile features - done
[0.653s] -- Found ament_cmake: 1.3.12 (/opt/ros/humble/share/ament_cmake/cmake)
[0.991s] -- Found Python3: /usr/bin/python3 (found version "3.10.12") found components: Interpreter 
[1.199s] -- Found urdf: 2.6.1 (/opt/ros/humble/share/urdf/cmake)
[1.308s] -- Found xacro: 2.1.1 (/opt/ros/humble/share/xacro/cmake)
[1.308s] -- Found ament_lint_auto: 0.12.14 (/opt/ros/humble/share/ament_lint_auto/cmake)
[1.500s] -- Added test 'flake8' to check Python code syntax and style conventions
[1.502s] -- Added test 'lint_cmake' to check CMake code style
[1.504s] -- Added test 'pep257' to check Python code against some of the docstring style conventions in PEP 257
[1.508s] -- Added test 'xmllint' to check XML markup files
[1.514s] -- Configuring done
[1.526s] -- Generating done
[1.533s] -- Build files have been written to: /home/utilisateur/slam/build/robot_description
[1.549s] Invoked command in '/home/utilisateur/slam/build/robot_description' returned '0': CMAKE_PREFIX_PATH=${CMAKE_PREFIX_PATH}:/opt/ros/humble /usr/bin/cmake /home/utilisateur/slam/test/src/robot_description -DCMAKE_INSTALL_PREFIX=/home/utilisateur/slam/install/robot_description
[1.549s] Invoking command in '/home/utilisateur/slam/build/robot_description': CMAKE_PREFIX_PATH=${CMAKE_PREFIX_PATH}:/opt/ros/humble /usr/bin/cmake --build /home/utilisateur/slam/build/robot_description -- -j4 -l4
[1.605s] Invoked command in '/home/utilisateur/slam/build/robot_description' returned '0': CMAKE_PREFIX_PATH=${CMAKE_PREFIX_PATH}:/opt/ros/humble /usr/bin/cmake --build /home/utilisateur/slam/build/robot_description -- -j4 -l4
[1.610s] Invoking command in '/home/utilisateur/slam/build/robot_description': CMAKE_PREFIX_PATH=${CMAKE_PREFIX_PATH}:/opt/ros/humble /usr/bin/cmake --install /home/utilisateur/slam/build/robot_description
[1.617s] -- Install configuration: ""
[1.617s] -- Installing: /home/utilisateur/slam/install/robot_description/share/robot_description/urdf
[1.617s] -- Installing: /home/utilisateur/slam/install/robot_description/share/robot_description/urdf/robot.urdf.xacro
[1.618s] -- Installing: /home/utilisateur/slam/install/robot_description/share/robot_description/urdf/robot.gazebo.xacro
[1.619s] -- Installing: /home/utilisateur/slam/install/robot_description/share/robot_description/launch
[1.619s] -- Installing: /home/utilisateur/slam/install/robot_description/share/robot_description/launch/display.launch.py
[1.619s] -- Installing: /home/utilisateur/slam/install/robot_description/share/robot_description/config
[1.619s] -- Installing: /home/utilisateur/slam/install/robot_description/share/robot_description/config/display.rviz
[1.619s] -- Installing: /home/utilisateur/slam/install/robot_description/share/robot_description/config/twist_mux.yaml
[1.619s] -- Installing: /home/utilisateur/slam/install/robot_description/share/ament_index/resource_index/package_run_dependencies/robot_description
[1.619s] -- Installing: /home/utilisateur/slam/install/robot_description/share/ament_index/resource_index/parent_prefix_path/robot_description
[1.619s] -- Installing: /home/utilisateur/slam/install/robot_description/share/robot_description/environment/ament_prefix_path.sh
[1.619s] -- Installing: /home/utilisateur/slam/install/robot_description/share/robot_description/environment/ament_prefix_path.dsv
[1.620s] -- Installing: /home/utilisateur/slam/install/robot_description/share/robot_description/environment/path.sh
[1.620s] -- Installing: /home/utilisateur/slam/install/robot_description/share/robot_description/environment/path.dsv
[1.621s] -- Installing: /home/utilisateur/slam/install/robot_description/share/robot_description/local_setup.bash
[1.621s] -- Installing: /home/utilisateur/slam/install/robot_description/share/robot_description/local_setup.sh
[1.621s] -- Installing: /home/utilisateur/slam/install/robot_description/share/robot_description/local_setup.zsh
[1.621s] -- Installing: /home/utilisateur/slam/install/robot_description/share/robot_description/local_setup.dsv
[1.621s] -- Installing: /home/utilisateur/slam/install/robot_description/share/robot_description/package.dsv
[1.621s] -- Installing: /home/utilisateur/slam/install/robot_description/share/ament_index/resource_index/packages/robot_description
[1.621s] -- Installing: /home/utilisateur/slam/install/robot_description/share/robot_description/cmake/robot_descriptionConfig.cmake
[1.622s] -- Installing: /home/utilisateur/slam/install/robot_description/share/robot_description/cmake/robot_descriptionConfig-version.cmake
[1.624s] -- Installing: /home/utilisateur/slam/install/robot_description/share/robot_description/package.xml
[1.629s] Invoked command in '/home/utilisateur/slam/build/robot_description' returned '0': CMAKE_PREFIX_PATH=${CMAKE_PREFIX_PATH}:/opt/ros/humble /usr/bin/cmake --install /home/utilisateur/slam/build/robot_description
