[0.028s] Invoking command in '/home/utilisateur/slam/build/nav2_voxel_grid': AMENT_PREFIX_PATH=/home/utilisateur/slam/install/nav2_common:${AMENT_PREFIX_PATH} CMAKE_PREFIX_PATH=/home/utilisateur/slam/install/nav2_common:/home/utilisateur/slam/install/robot_simulation:/home/utilisateur/slam/install/robot_description:/opt/ros/humble PYTHONPATH=/home/utilisateur/slam/install/nav2_common/local/lib/python3.10/dist-packages:${PYTHONPATH} /usr/bin/cmake /home/utilisateur/slam/test/src/navigation2/nav2_voxel_grid -DCMAKE_INSTALL_PREFIX=/home/utilisateur/slam/install/nav2_voxel_grid
[0.119s] -- The C compiler identification is GNU 11.4.0
[0.200s] -- The CXX compiler identification is GNU 11.4.0
[0.210s] -- Detecting C compiler ABI info
[0.340s] -- Detecting C compiler ABI info - done
[0.358s] -- Check for working C compiler: /usr/bin/cc - skipped
[0.359s] -- Detecting C compile features
[0.359s] -- Detecting C compile features - done
[0.367s] -- Detecting CXX compiler ABI info
[0.515s] -- Detecting CXX compiler ABI info - done
[0.531s] -- Check for working CXX compiler: /usr/bin/c++ - skipped
[0.531s] -- Detecting CXX compile features
[0.531s] -- Detecting CXX compile features - done
[0.535s] -- Found ament_cmake: 1.3.12 (/opt/ros/humble/share/ament_cmake/cmake)
[0.825s] -- Found Python3: /usr/bin/python3 (found version "3.10.12") found components: Interpreter 
[1.045s] -- Found nav2_common: 1.1.20 (/home/utilisateur/slam/install/nav2_common/share/nav2_common/cmake)
[1.048s] -- Found rclcpp: 16.0.15 (/opt/ros/humble/share/rclcpp/cmake)
[1.106s] -- Found rosidl_generator_c: 3.1.7 (/opt/ros/humble/share/rosidl_generator_c/cmake)
[1.116s] -- Found rosidl_adapter: 3.1.7 (/opt/ros/humble/share/rosidl_adapter/cmake)
[1.126s] -- Found rosidl_generator_cpp: 3.1.7 (/opt/ros/humble/share/rosidl_generator_cpp/cmake)
[1.149s] -- Using all available rosidl_typesupport_c: rosidl_typesupport_fastrtps_c;rosidl_typesupport_introspection_c
[1.171s] -- Using all available rosidl_typesupport_cpp: rosidl_typesupport_fastrtps_cpp;rosidl_typesupport_introspection_cpp
[1.240s] -- Found rmw_implementation_cmake: 6.1.2 (/opt/ros/humble/share/rmw_implementation_cmake/cmake)
[1.246s] -- Found rmw_fastrtps_cpp: 6.2.9 (/opt/ros/humble/share/rmw_fastrtps_cpp/cmake)
[1.388s] -- Found OpenSSL: /usr/lib/x86_64-linux-gnu/libcrypto.so (found version "3.0.2")  
[1.434s] -- Found FastRTPS: /opt/ros/humble/include  
[1.497s] -- Using RMW implementation 'rmw_fastrtps_cpp' as default
[1.515s] -- Looking for pthread.h
[1.642s] -- Looking for pthread.h - found
[1.642s] -- Performing Test CMAKE_HAVE_LIBC_PTHREAD
[1.790s] -- Performing Test CMAKE_HAVE_LIBC_PTHREAD - Success
[1.793s] -- Found Threads: TRUE  
[1.875s] -- Setting build type to Release as none was specified.
[1.879s] -- Found ament_lint_auto: 0.12.14 (/opt/ros/humble/share/ament_lint_auto/cmake)
[2.117s] -- Found gtest sources under '/opt/ros/humble/src/gtest_vendor': C++ tests using 'Google Test' will be built
[2.156s] -- Added test 'cppcheck' to perform static code analysis on C / C++ code
[2.157s] -- Configured cppcheck include dirs: /home/utilisateur/slam/test/src/navigation2/nav2_voxel_grid/include
[2.157s] -- Configured cppcheck exclude dirs and/or files: 
[2.157s] -- Added test 'cpplint' to check C / C++ code against the Google style
[2.157s] -- Configured cpplint exclude dirs and/or files: 
[2.163s] -- Added test 'lint_cmake' to check CMake code style
[2.163s] -- Added test 'uncrustify' to check C / C++ code style
[2.163s] -- Configured uncrustify additional arguments: 
[2.171s] -- Added test 'xmllint' to check XML markup files
[2.181s] -- Configuring done
[2.268s] -- Generating done
[2.290s] -- Build files have been written to: /home/utilisateur/slam/build/nav2_voxel_grid
[2.328s] Invoked command in '/home/utilisateur/slam/build/nav2_voxel_grid' returned '0': AMENT_PREFIX_PATH=/home/utilisateur/slam/install/nav2_common:${AMENT_PREFIX_PATH} CMAKE_PREFIX_PATH=/home/utilisateur/slam/install/nav2_common:/home/utilisateur/slam/install/robot_simulation:/home/utilisateur/slam/install/robot_description:/opt/ros/humble PYTHONPATH=/home/utilisateur/slam/install/nav2_common/local/lib/python3.10/dist-packages:${PYTHONPATH} /usr/bin/cmake /home/utilisateur/slam/test/src/navigation2/nav2_voxel_grid -DCMAKE_INSTALL_PREFIX=/home/utilisateur/slam/install/nav2_voxel_grid
[2.334s] Invoking command in '/home/utilisateur/slam/build/nav2_voxel_grid': AMENT_PREFIX_PATH=/home/utilisateur/slam/install/nav2_common:${AMENT_PREFIX_PATH} CMAKE_PREFIX_PATH=/home/utilisateur/slam/install/nav2_common:/home/utilisateur/slam/install/robot_simulation:/home/utilisateur/slam/install/robot_description:/opt/ros/humble PYTHONPATH=/home/utilisateur/slam/install/nav2_common/local/lib/python3.10/dist-packages:${PYTHONPATH} /usr/bin/cmake --build /home/utilisateur/slam/build/nav2_voxel_grid -- -j4 -l4
[2.461s] [ 10%] [32mBuilding CXX object gtest/CMakeFiles/gtest_main.dir/src/gtest_main.cc.o[0m
[2.464s] [ 20%] [32mBuilding CXX object CMakeFiles/voxel_grid.dir/src/voxel_grid.cpp.o[0m
[2.480s] [ 30%] [32mBuilding CXX object gtest/CMakeFiles/gtest.dir/src/gtest-all.cc.o[0m
[2.942s] gmake[2]: *** wait : Aucun processus enfant. Arrêt.
[2.942s] gmake[2]: *** Attente des tâches non terminées....
[2.942s] gmake[2]: *** wait : Aucun processus enfant. Arrêt.
[2.942s] gmake[1]: *** [CMakeFiles/Makefile2:174 : CMakeFiles/voxel_grid.dir/all] Erreur 2
[2.942s] gmake[2]: *** [gtest/CMakeFiles/gtest_main.dir/build.make:76: gtest/CMakeFiles/gtest_main.dir/src/gtest_main.cc.o] Interrompre
[2.945s] gmake[2]: *** [gtest/CMakeFiles/gtest.dir/build.make:76: gtest/CMakeFiles/gtest.dir/src/gtest-all.cc.o] Interrompre
[2.945s] gmake[1]: *** [CMakeFiles/Makefile2:282: gtest/CMakeFiles/gtest_main.dir/all] Interrompre
[2.945s] gmake[1]: *** [CMakeFiles/Makefile2:256: gtest/CMakeFiles/gtest.dir/all] Interrompre
[2.952s] gmake: *** [Makefile:146: all] Interrompre
