[0.387s] Invoking command in '/home/utilisateur/slam/build/robot_navigation2': CMAKE_PREFIX_PATH=${CMAKE_PREFIX_PATH}:/opt/ros/humble /usr/bin/cmake /home/utilisateur/slam/test/src/robot_navigation2 -DCMAKE_INSTALL_PREFIX=/home/utilisateur/slam/install/robot_navigation2
[0.463s] -- The C compiler identification is GNU 11.4.0
[0.551s] -- The CXX compiler identification is GNU 11.4.0
[0.560s] -- Detecting C compiler ABI info
[0.684s] -- Detecting C compiler ABI info - done
[0.695s] -- Check for working C compiler: /usr/bin/cc - skipped
[0.696s] -- Detecting C compile features
[0.699s] -- Detecting C compile features - done
[0.701s] -- Detecting CXX compiler ABI info
[0.818s] -- Detecting CXX compiler ABI info - done
[0.829s] -- Check for working CXX compiler: /usr/bin/c++ - skipped
[0.830s] -- Detecting CXX compile features
[0.831s] -- Detecting CXX compile features - done
[0.835s] -- Found ament_cmake: 1.3.12 (/opt/ros/humble/share/ament_cmake/cmake)
[1.206s] -- Found Python3: /usr/bin/python3 (found version "3.10.12") found components: Interpreter 
[1.348s] -- Found rclpy: 3.3.17 (/opt/ros/humble/share/rclpy/cmake)
[1.352s] -- Found ament_lint_auto: 0.12.14 (/opt/ros/humble/share/ament_lint_auto/cmake)
[1.463s] -- Added test 'flake8' to check Python code syntax and style conventions
[1.464s] -- Added test 'lint_cmake' to check CMake code style
[1.464s] -- Added test 'pep257' to check Python code against some of the docstring style conventions in PEP 257
[1.467s] -- Added test 'xmllint' to check XML markup files
[1.468s] -- Configuring done
[1.475s] -- Generating done
[1.475s] -- Build files have been written to: /home/utilisateur/slam/build/robot_navigation2
[1.481s] Invoked command in '/home/utilisateur/slam/build/robot_navigation2' returned '0': CMAKE_PREFIX_PATH=${CMAKE_PREFIX_PATH}:/opt/ros/humble /usr/bin/cmake /home/utilisateur/slam/test/src/robot_navigation2 -DCMAKE_INSTALL_PREFIX=/home/utilisateur/slam/install/robot_navigation2
[1.486s] Invoking command in '/home/utilisateur/slam/build/robot_navigation2': CMAKE_PREFIX_PATH=${CMAKE_PREFIX_PATH}:/opt/ros/humble /usr/bin/cmake --build /home/utilisateur/slam/build/robot_navigation2 -- -j4 -l4
[1.532s] Invoked command in '/home/utilisateur/slam/build/robot_navigation2' returned '0': CMAKE_PREFIX_PATH=${CMAKE_PREFIX_PATH}:/opt/ros/humble /usr/bin/cmake --build /home/utilisateur/slam/build/robot_navigation2 -- -j4 -l4
[1.533s] Invoking command in '/home/utilisateur/slam/build/robot_navigation2': CMAKE_PREFIX_PATH=${CMAKE_PREFIX_PATH}:/opt/ros/humble /usr/bin/cmake --install /home/utilisateur/slam/build/robot_navigation2
[1.543s] -- Install configuration: ""
[1.544s] -- Installing: /home/utilisateur/slam/install/robot_navigation2/share/robot_navigation2/launch
[1.544s] -- Installing: /home/utilisateur/slam/install/robot_navigation2/share/robot_navigation2/launch/nav2.launch.py
[1.544s] -- Installing: /home/utilisateur/slam/install/robot_navigation2/share/robot_navigation2/launch/simple_nav2.launch.py
[1.544s] -- Installing: /home/utilisateur/slam/install/robot_navigation2/share/robot_navigation2/config
[1.544s] -- Installing: /home/utilisateur/slam/install/robot_navigation2/share/robot_navigation2/config/nav2_params.yaml
[1.544s] -- Installing: /home/utilisateur/slam/install/robot_navigation2/share/ament_index/resource_index/package_run_dependencies/robot_navigation2
[1.544s] -- Installing: /home/utilisateur/slam/install/robot_navigation2/share/ament_index/resource_index/parent_prefix_path/robot_navigation2
[1.544s] -- Installing: /home/utilisateur/slam/install/robot_navigation2/share/robot_navigation2/environment/ament_prefix_path.sh
[1.544s] -- Installing: /home/utilisateur/slam/install/robot_navigation2/share/robot_navigation2/environment/ament_prefix_path.dsv
[1.547s] -- Installing: /home/utilisateur/slam/install/robot_navigation2/share/robot_navigation2/environment/path.sh
[1.547s] -- Installing: /home/utilisateur/slam/install/robot_navigation2/share/robot_navigation2/environment/path.dsv
[1.547s] -- Installing: /home/utilisateur/slam/install/robot_navigation2/share/robot_navigation2/local_setup.bash
[1.547s] -- Installing: /home/utilisateur/slam/install/robot_navigation2/share/robot_navigation2/local_setup.sh
[1.547s] -- Installing: /home/utilisateur/slam/install/robot_navigation2/share/robot_navigation2/local_setup.zsh
[1.547s] -- Installing: /home/utilisateur/slam/install/robot_navigation2/share/robot_navigation2/local_setup.dsv
[1.547s] -- Installing: /home/utilisateur/slam/install/robot_navigation2/share/robot_navigation2/package.dsv
[1.547s] -- Installing: /home/utilisateur/slam/install/robot_navigation2/share/ament_index/resource_index/packages/robot_navigation2
[1.547s] -- Installing: /home/utilisateur/slam/install/robot_navigation2/share/robot_navigation2/cmake/robot_navigation2Config.cmake
[1.548s] -- Installing: /home/utilisateur/slam/install/robot_navigation2/share/robot_navigation2/cmake/robot_navigation2Config-version.cmake
[1.548s] -- Installing: /home/utilisateur/slam/install/robot_navigation2/share/robot_navigation2/package.xml
[1.549s] Invoked command in '/home/utilisateur/slam/build/robot_navigation2' returned '0': CMAKE_PREFIX_PATH=${CMAKE_PREFIX_PATH}:/opt/ros/humble /usr/bin/cmake --install /home/utilisateur/slam/build/robot_navigation2
