[0.008s] Invoking command in '/home/utilisateur/slam/build/robot_simulation': CMAKE_PREFIX_PATH=/home/utilisateur/slam/install/robot_description:/home/utilisateur/slam/install/robot_simulation:/opt/ros/humble /usr/bin/cmake /home/utilisateur/slam/test/src/robot_simulation -DCMAKE_INSTALL_PREFIX=/home/utilisateur/slam/install/robot_simulation
[0.093s] -- The C compiler identification is GNU 11.4.0
[0.181s] -- The CXX compiler identification is GNU 11.4.0
[0.199s] -- Detecting C compiler ABI info
[0.301s] -- Detecting C compiler ABI info - done
[0.311s] -- Check for working C compiler: /usr/bin/cc - skipped
[0.312s] -- Detecting C compile features
[0.312s] -- Detecting C compile features - done
[0.318s] -- Detecting CXX compiler ABI info
[0.450s] -- Detecting CXX compiler ABI info - done
[0.460s] -- Check for working CXX compiler: /usr/bin/c++ - skipped
[0.461s] -- Detecting CXX compile features
[0.461s] -- Detecting CXX compile features - done
[0.465s] -- Found ament_cmake: 1.3.12 (/opt/ros/humble/share/ament_cmake/cmake)
[0.747s] -- Found Python3: /usr/bin/python3 (found version "3.10.12") found components: Interpreter 
[0.887s] -- Found gazebo_ros: 3.9.0 (/opt/ros/humble/share/gazebo_ros/cmake)
[0.952s] -- Found rosidl_generator_c: 3.1.7 (/opt/ros/humble/share/rosidl_generator_c/cmake)
[0.960s] -- Found rosidl_adapter: 3.1.7 (/opt/ros/humble/share/rosidl_adapter/cmake)
[0.971s] -- Found rosidl_generator_cpp: 3.1.7 (/opt/ros/humble/share/rosidl_generator_cpp/cmake)
[0.989s] -- Using all available rosidl_typesupport_c: rosidl_typesupport_fastrtps_c;rosidl_typesupport_introspection_c
[1.010s] -- Using all available rosidl_typesupport_cpp: rosidl_typesupport_fastrtps_cpp;rosidl_typesupport_introspection_cpp
[1.074s] -- Found rmw_implementation_cmake: 6.1.2 (/opt/ros/humble/share/rmw_implementation_cmake/cmake)
[1.078s] -- Found rmw_fastrtps_cpp: 6.2.9 (/opt/ros/humble/share/rmw_fastrtps_cpp/cmake)
[1.190s] -- Found OpenSSL: /usr/lib/x86_64-linux-gnu/libcrypto.so (found version "3.0.2")  
[1.228s] -- Found FastRTPS: /opt/ros/humble/include  
[1.283s] -- Using RMW implementation 'rmw_fastrtps_cpp' as default
[1.295s] -- Looking for pthread.h
[1.386s] -- Looking for pthread.h - found
[1.386s] -- Performing Test CMAKE_HAVE_LIBC_PTHREAD
[1.481s] -- Performing Test CMAKE_HAVE_LIBC_PTHREAD - Success
[1.482s] -- Found Threads: TRUE  
[1.561s] -- Found PkgConfig: /usr/bin/pkg-config (found version "0.29.2") 
[1.562s] -- Checking for module 'bullet>=2.82'
[1.580s] --   Found bullet, version 3.05
[1.714s] -- Found fcl: /usr/include (found suitable version "0.7.0", minimum required is "0.5.0") 
[1.774s] -- Found assimp: /usr/include (found version "5.2.0") 
[1.800s] -- Found DART: /usr/include (Required is at least version "6.6") found components: dart 
[1.838s] -- Found Boost: /usr/lib/x86_64-linux-gnu/cmake/Boost-1.74.0/BoostConfig.cmake (found suitable version "1.74.0", minimum required is "1.40.0") found components: thread system filesystem program_options regex iostreams date_time 
[1.855s] -- Found Protobuf: /usr/lib/x86_64-linux-gnu/libprotobuf.so (found version "3.12.4") 
[1.862s] -- Looking for ignition-math6 -- found version 6.15.1
[1.870s] -- Searching for dependencies of ignition-math6
[1.871s] -- Looking for OGRE...
[1.872s] -- OGRE_PREFIX_WATCH changed.
[1.879s] -- Checking for module 'OGRE'
[1.895s] --   Found OGRE, version 1.9.0
[1.938s] -- Found Ogre Ghadamon (1.9.0)
[1.949s] -- Found OGRE: optimized;/usr/lib/x86_64-linux-gnu/libOgreMain.so;debug;/usr/lib/x86_64-linux-gnu/libOgreMain.so
[1.962s] -- Looking for OGRE_Paging...
[1.972s] -- Found OGRE_Paging: optimized;/usr/lib/x86_64-linux-gnu/libOgrePaging.so;debug;/usr/lib/x86_64-linux-gnu/libOgrePaging.so
[1.973s] -- Looking for OGRE_Terrain...
[1.979s] -- Found OGRE_Terrain: optimized;/usr/lib/x86_64-linux-gnu/libOgreTerrain.so;debug;/usr/lib/x86_64-linux-gnu/libOgreTerrain.so
[1.979s] -- Looking for OGRE_Property...
[1.986s] -- Found OGRE_Property: optimized;/usr/lib/x86_64-linux-gnu/libOgreProperty.so;debug;/usr/lib/x86_64-linux-gnu/libOgreProperty.so
[1.986s] -- Looking for OGRE_RTShaderSystem...
[1.992s] -- Found OGRE_RTShaderSystem: optimized;/usr/lib/x86_64-linux-gnu/libOgreRTShaderSystem.so;debug;/usr/lib/x86_64-linux-gnu/libOgreRTShaderSystem.so
[1.992s] -- Looking for OGRE_Volume...
[1.999s] -- Found OGRE_Volume: optimized;/usr/lib/x86_64-linux-gnu/libOgreVolume.so;debug;/usr/lib/x86_64-linux-gnu/libOgreVolume.so
[1.999s] -- Looking for OGRE_Overlay...
[2.005s] -- Found OGRE_Overlay: optimized;/usr/lib/x86_64-linux-gnu/libOgreOverlay.so;debug;/usr/lib/x86_64-linux-gnu/libOgreOverlay.so
[2.149s] -- Looking for ignition-math6 -- found version 6.15.1
[2.152s] -- Looking for ignition-transport8 -- found version 8.2.1
[2.152s] -- Searching for dependencies of ignition-transport8
[2.176s] -- Found Protobuf: /usr/lib/x86_64-linux-gnu/libprotobuf.so (found suitable version "3.12.4", minimum required is "3") 
[2.192s] -- Config-file not installed for ZeroMQ -- checking for pkg-config
[2.198s] -- Checking for module 'libzmq >= 4'
[2.215s] --   Found libzmq , version 4.3.4
[2.262s] -- Found ZeroMQ: TRUE (Required is at least version "4") 
[2.269s] -- Checking for module 'uuid'
[2.286s] --   Found uuid, version 2.37.2
[2.327s] -- Found UUID: TRUE  
[2.329s] -- Looking for ignition-msgs5 -- found version 5.8.1
[2.330s] -- Searching for dependencies of ignition-msgs5
[2.356s] -- Looking for ignition-math6 -- found version 6.15.1
[2.362s] -- Checking for module 'tinyxml2'
[2.378s] --   Found tinyxml2, version 9.0.0
[2.422s] -- Looking for ignition-msgs5 -- found version 5.8.1
[2.425s] -- Looking for ignition-common3 -- found version 3.14.0
[2.426s] -- Searching for dependencies of ignition-common3
[2.426s] -- Looking for dlfcn.h - found
[2.427s] -- Looking for libdl - found
[2.429s] -- Found DL: TRUE  
[2.442s] -- Found tinyobjloader: /usr/lib/x86_64-linux-gnu/cmake/tinyobjloader/tinyobjloader-config.cmake (found version "2.0.0") 
[2.443s] -- Searching for <ignition-common3> component [graphics]
[2.446s] -- Looking for ignition-common3-graphics -- found version 3.14.0
[2.447s] -- Searching for dependencies of ignition-common3-graphics
[2.447s] -- Looking for ignition-math6 -- found version 6.15.1
[2.451s] -- Looking for ignition-fuel_tools4 -- found version 4.4.0
[2.452s] -- Searching for dependencies of ignition-fuel_tools4
[2.551s] -- Found CURL: /usr/lib/x86_64-linux-gnu/libcurl.so (found version "7.81.0")  
[2.563s] -- Checking for module 'jsoncpp'
[2.580s] --   Found jsoncpp, version 1.9.5
[2.623s] -- Found JSONCPP: TRUE  
[2.630s] -- Checking for module 'libzip'
[2.646s] --   Found libzip, version 1.7.3
[2.688s] -- Found ZIP: TRUE  
[2.688s] -- Looking for ignition-common3 -- found version 3.14.0
[2.689s] -- Looking for ignition-math6 -- found version 6.15.1
[2.690s] -- Looking for ignition-msgs5 -- found version 5.8.1
[2.694s] -- Gazebo version: 11.10
[2.694s] -- Checking for module 'tbb'
[2.711s] --   Found tbb, version 2021.5.0
[2.754s] -- Found gazebo_plugins: 3.9.0 (/opt/ros/humble/share/gazebo_plugins/cmake)
[2.837s] -- Found ament_lint_auto: 0.12.14 (/opt/ros/humble/share/ament_lint_auto/cmake)
[2.943s] -- Added test 'flake8' to check Python code syntax and style conventions
[2.944s] -- Added test 'lint_cmake' to check CMake code style
[2.944s] -- Added test 'pep257' to check Python code against some of the docstring style conventions in PEP 257
[2.946s] -- Added test 'xmllint' to check XML markup files
[2.948s] -- Configuring done
[2.956s] -- Generating done
[2.960s] -- Build files have been written to: /home/utilisateur/slam/build/robot_simulation
[2.976s] Invoked command in '/home/utilisateur/slam/build/robot_simulation' returned '0': CMAKE_PREFIX_PATH=/home/utilisateur/slam/install/robot_description:/home/utilisateur/slam/install/robot_simulation:/opt/ros/humble /usr/bin/cmake /home/utilisateur/slam/test/src/robot_simulation -DCMAKE_INSTALL_PREFIX=/home/utilisateur/slam/install/robot_simulation
[2.978s] Invoking command in '/home/utilisateur/slam/build/robot_simulation': CMAKE_PREFIX_PATH=/home/utilisateur/slam/install/robot_description:/home/utilisateur/slam/install/robot_simulation:/opt/ros/humble /usr/bin/cmake --build /home/utilisateur/slam/build/robot_simulation -- -j4 -l4
[3.032s] Invoked command in '/home/utilisateur/slam/build/robot_simulation' returned '0': CMAKE_PREFIX_PATH=/home/utilisateur/slam/install/robot_description:/home/utilisateur/slam/install/robot_simulation:/opt/ros/humble /usr/bin/cmake --build /home/utilisateur/slam/build/robot_simulation -- -j4 -l4
[3.035s] Invoking command in '/home/utilisateur/slam/build/robot_simulation': CMAKE_PREFIX_PATH=/home/utilisateur/slam/install/robot_description:/home/utilisateur/slam/install/robot_simulation:/opt/ros/humble /usr/bin/cmake --install /home/utilisateur/slam/build/robot_simulation
[3.043s] -- Install configuration: ""
[3.043s] -- Installing: /home/utilisateur/slam/install/robot_simulation/share/robot_simulation/launch
[3.043s] -- Installing: /home/utilisateur/slam/install/robot_simulation/share/robot_simulation/launch/navigation.launch.py
[3.044s] -- Installing: /home/utilisateur/slam/install/robot_simulation/share/robot_simulation/launch/gazebo.launch.py
[3.044s] -- Installing: /home/utilisateur/slam/install/robot_simulation/share/robot_simulation/launch/slam.launch.py
[3.044s] -- Installing: /home/utilisateur/slam/install/robot_simulation/share/robot_simulation/launch/gazebo_headless.launch.py
[3.044s] -- Installing: /home/utilisateur/slam/install/robot_simulation/share/robot_simulation/worlds
[3.044s] -- Installing: /home/utilisateur/slam/install/robot_simulation/share/robot_simulation/worlds/minimal.world
[3.044s] -- Installing: /home/utilisateur/slam/install/robot_simulation/share/robot_simulation/worlds/empty.world
[3.044s] -- Installing: /home/utilisateur/slam/install/robot_simulation/share/robot_simulation/worlds/test_world.world
[3.044s] -- Installing: /home/utilisateur/slam/install/robot_simulation/share/robot_simulation/config
[3.044s] -- Installing: /home/utilisateur/slam/install/robot_simulation/share/robot_simulation/config/sim.rviz
[3.044s] -- Installing: /home/utilisateur/slam/install/robot_simulation/share/robot_simulation/config/mapper_params_online_async.yaml
[3.045s] -- Installing: /home/utilisateur/slam/install/robot_simulation/share/ament_index/resource_index/package_run_dependencies/robot_simulation
[3.045s] -- Installing: /home/utilisateur/slam/install/robot_simulation/share/ament_index/resource_index/parent_prefix_path/robot_simulation
[3.045s] -- Installing: /home/utilisateur/slam/install/robot_simulation/share/robot_simulation/environment/ament_prefix_path.sh
[3.045s] -- Installing: /home/utilisateur/slam/install/robot_simulation/share/robot_simulation/environment/ament_prefix_path.dsv
[3.045s] -- Installing: /home/utilisateur/slam/install/robot_simulation/share/robot_simulation/environment/path.sh
[3.045s] -- Installing: /home/utilisateur/slam/install/robot_simulation/share/robot_simulation/environment/path.dsv
[3.046s] -- Installing: /home/utilisateur/slam/install/robot_simulation/share/robot_simulation/local_setup.bash
[3.046s] -- Installing: /home/utilisateur/slam/install/robot_simulation/share/robot_simulation/local_setup.sh
[3.046s] -- Installing: /home/utilisateur/slam/install/robot_simulation/share/robot_simulation/local_setup.zsh
[3.046s] -- Installing: /home/utilisateur/slam/install/robot_simulation/share/robot_simulation/local_setup.dsv
[3.046s] -- Installing: /home/utilisateur/slam/install/robot_simulation/share/robot_simulation/package.dsv
[3.046s] -- Installing: /home/utilisateur/slam/install/robot_simulation/share/ament_index/resource_index/packages/robot_simulation
[3.047s] -- Installing: /home/utilisateur/slam/install/robot_simulation/share/robot_simulation/cmake/robot_simulationConfig.cmake
[3.047s] -- Installing: /home/utilisateur/slam/install/robot_simulation/share/robot_simulation/cmake/robot_simulationConfig-version.cmake
[3.047s] -- Installing: /home/utilisateur/slam/install/robot_simulation/share/robot_simulation/package.xml
[3.049s] Invoked command in '/home/utilisateur/slam/build/robot_simulation' returned '0': CMAKE_PREFIX_PATH=/home/utilisateur/slam/install/robot_description:/home/utilisateur/slam/install/robot_simulation:/opt/ros/humble /usr/bin/cmake --install /home/utilisateur/slam/build/robot_simulation
