[0.029s] Invoking command in '/home/utilisateur/slam/build/robot_navigation2': AMENT_PREFIX_PATH=/home/utilisateur/slam/install/robot_simulation:/home/utilisateur/slam/install/robot_description:${AMENT_PREFIX_PATH} CMAKE_PREFIX_PATH=/home/utilisateur/slam/install/robot_simulation:/home/utilisateur/slam/install/robot_description:/home/utilisateur/ld06_reel_plateforme_mobile/LD06_SLAM_Robot_Clean/install/ldlidar_stl_ros2:/opt/ros/humble /usr/bin/cmake --build /home/utilisateur/slam/build/robot_navigation2 -- -j4 -l4
[0.058s] -- Found ament_cmake: 1.3.12 (/opt/ros/humble/share/ament_cmake/cmake)
[0.216s] -- Found rclpy: 3.3.17 (/opt/ros/humble/share/rclpy/cmake)
[0.217s] -- Found ament_lint_auto: 0.12.14 (/opt/ros/humble/share/ament_lint_auto/cmake)
[0.311s] -- Added test 'flake8' to check Python code syntax and style conventions
[0.312s] -- Added test 'lint_cmake' to check CMake code style
[0.312s] -- Added test 'pep257' to check Python code against some of the docstring style conventions in PEP 257
[0.314s] -- Added test 'xmllint' to check XML markup files
[0.317s] -- Configuring done
[0.325s] -- Generating done
[0.328s] -- Build files have been written to: /home/utilisateur/slam/build/robot_navigation2
[0.366s] Invoked command in '/home/utilisateur/slam/build/robot_navigation2' returned '0': AMENT_PREFIX_PATH=/home/utilisateur/slam/install/robot_simulation:/home/utilisateur/slam/install/robot_description:${AMENT_PREFIX_PATH} CMAKE_PREFIX_PATH=/home/utilisateur/slam/install/robot_simulation:/home/utilisateur/slam/install/robot_description:/home/utilisateur/ld06_reel_plateforme_mobile/LD06_SLAM_Robot_Clean/install/ldlidar_stl_ros2:/opt/ros/humble /usr/bin/cmake --build /home/utilisateur/slam/build/robot_navigation2 -- -j4 -l4
[0.369s] Invoking command in '/home/utilisateur/slam/build/robot_navigation2': AMENT_PREFIX_PATH=/home/utilisateur/slam/install/robot_simulation:/home/utilisateur/slam/install/robot_description:${AMENT_PREFIX_PATH} CMAKE_PREFIX_PATH=/home/utilisateur/slam/install/robot_simulation:/home/utilisateur/slam/install/robot_description:/home/utilisateur/ld06_reel_plateforme_mobile/LD06_SLAM_Robot_Clean/install/ldlidar_stl_ros2:/opt/ros/humble /usr/bin/cmake --install /home/utilisateur/slam/build/robot_navigation2
[0.379s] -- Install configuration: ""
[0.379s] -- Up-to-date: /home/utilisateur/slam/install/robot_navigation2/share/robot_navigation2/launch
[0.379s] -- Installing: /home/utilisateur/slam/install/robot_navigation2/share/robot_navigation2/launch/navigation_minimal.launch.py
[0.379s] -- Installing: /home/utilisateur/slam/install/robot_navigation2/share/robot_navigation2/launch/nav2.launch.py
[0.379s] -- Installing: /home/utilisateur/slam/install/robot_navigation2/share/robot_navigation2/launch/navigation_complete.launch.py
[0.380s] -- Installing: /home/utilisateur/slam/install/robot_navigation2/share/robot_navigation2/launch/run_simulation.launch.py
[0.380s] -- Installing: /home/utilisateur/slam/install/robot_navigation2/share/robot_navigation2/launch/simple_nav2.launch.py
[0.380s] -- Installing: /home/utilisateur/slam/install/robot_navigation2/share/robot_navigation2/launch/localization_simple.launch.py
[0.380s] -- Up-to-date: /home/utilisateur/slam/install/robot_navigation2/share/robot_navigation2/config
[0.380s] -- Installing: /home/utilisateur/slam/install/robot_navigation2/share/robot_navigation2/config/nav2_params.yaml
[0.381s] -- Up-to-date: /home/utilisateur/slam/install/robot_navigation2/share/robot_navigation2/rviz
[0.381s] -- Installing: /home/utilisateur/slam/install/robot_navigation2/share/robot_navigation2/rviz/nav2_config.rviz
[0.381s] -- Installing: /home/utilisateur/slam/install/robot_navigation2/share/ament_index/resource_index/package_run_dependencies/robot_navigation2
[0.382s] -- Installing: /home/utilisateur/slam/install/robot_navigation2/share/ament_index/resource_index/parent_prefix_path/robot_navigation2
[0.382s] -- Up-to-date: /home/utilisateur/slam/install/robot_navigation2/share/robot_navigation2/environment/ament_prefix_path.sh
[0.382s] -- Installing: /home/utilisateur/slam/install/robot_navigation2/share/robot_navigation2/environment/ament_prefix_path.dsv
[0.383s] -- Up-to-date: /home/utilisateur/slam/install/robot_navigation2/share/robot_navigation2/environment/path.sh
[0.383s] -- Installing: /home/utilisateur/slam/install/robot_navigation2/share/robot_navigation2/environment/path.dsv
[0.383s] -- Up-to-date: /home/utilisateur/slam/install/robot_navigation2/share/robot_navigation2/local_setup.bash
[0.383s] -- Up-to-date: /home/utilisateur/slam/install/robot_navigation2/share/robot_navigation2/local_setup.sh
[0.383s] -- Up-to-date: /home/utilisateur/slam/install/robot_navigation2/share/robot_navigation2/local_setup.zsh
[0.383s] -- Installing: /home/utilisateur/slam/install/robot_navigation2/share/robot_navigation2/local_setup.dsv
[0.383s] -- Installing: /home/utilisateur/slam/install/robot_navigation2/share/robot_navigation2/package.dsv
[0.384s] -- Up-to-date: /home/utilisateur/slam/install/robot_navigation2/share/ament_index/resource_index/packages/robot_navigation2
[0.384s] -- Up-to-date: /home/utilisateur/slam/install/robot_navigation2/share/robot_navigation2/cmake/robot_navigation2Config.cmake
[0.384s] -- Up-to-date: /home/utilisateur/slam/install/robot_navigation2/share/robot_navigation2/cmake/robot_navigation2Config-version.cmake
[0.384s] -- Installing: /home/utilisateur/slam/install/robot_navigation2/share/robot_navigation2/package.xml
[0.387s] Invoked command in '/home/utilisateur/slam/build/robot_navigation2' returned '0': AMENT_PREFIX_PATH=/home/utilisateur/slam/install/robot_simulation:/home/utilisateur/slam/install/robot_description:${AMENT_PREFIX_PATH} CMAKE_PREFIX_PATH=/home/utilisateur/slam/install/robot_simulation:/home/utilisateur/slam/install/robot_description:/home/utilisateur/ld06_reel_plateforme_mobile/LD06_SLAM_Robot_Clean/install/ldlidar_stl_ros2:/opt/ros/humble /usr/bin/cmake --install /home/utilisateur/slam/build/robot_navigation2
