running egg_info
creating ../../../build/robot_hardware/robot_hardware.egg-info
writing ../../../build/robot_hardware/robot_hardware.egg-info/PKG-INFO
writing dependency_links to ../../../build/robot_hardware/robot_hardware.egg-info/dependency_links.txt
writing entry points to ../../../build/robot_hardware/robot_hardware.egg-info/entry_points.txt
writing requirements to ../../../build/robot_hardware/robot_hardware.egg-info/requires.txt
writing top-level names to ../../../build/robot_hardware/robot_hardware.egg-info/top_level.txt
writing manifest file '../../../build/robot_hardware/robot_hardware.egg-info/SOURCES.txt'
reading manifest file '../../../build/robot_hardware/robot_hardware.egg-info/SOURCES.txt'
writing manifest file '../../../build/robot_hardware/robot_hardware.egg-info/SOURCES.txt'
running build
running build_py
creating /home/utilisateur/slam/build/robot_hardware/build
creating /home/utilisateur/slam/build/robot_hardware/build/lib
creating /home/utilisateur/slam/build/robot_hardware/build/lib/robot_hardware
copying robot_hardware/cmd_vel_to_arduino.py -> /home/utilisateur/slam/build/robot_hardware/build/lib/robot_hardware
copying robot_hardware/encoder_odometry.py -> /home/utilisateur/slam/build/robot_hardware/build/lib/robot_hardware
copying robot_hardware/__init__.py -> /home/utilisateur/slam/build/robot_hardware/build/lib/robot_hardware
running install
running install_lib
creating /home/utilisateur/slam/install/robot_hardware/lib/python3.10/site-packages/robot_hardware
copying /home/utilisateur/slam/build/robot_hardware/build/lib/robot_hardware/cmd_vel_to_arduino.py -> /home/utilisateur/slam/install/robot_hardware/lib/python3.10/site-packages/robot_hardware
copying /home/utilisateur/slam/build/robot_hardware/build/lib/robot_hardware/encoder_odometry.py -> /home/utilisateur/slam/install/robot_hardware/lib/python3.10/site-packages/robot_hardware
copying /home/utilisateur/slam/build/robot_hardware/build/lib/robot_hardware/__init__.py -> /home/utilisateur/slam/install/robot_hardware/lib/python3.10/site-packages/robot_hardware
byte-compiling /home/utilisateur/slam/install/robot_hardware/lib/python3.10/site-packages/robot_hardware/cmd_vel_to_arduino.py to cmd_vel_to_arduino.cpython-310.pyc
byte-compiling /home/utilisateur/slam/install/robot_hardware/lib/python3.10/site-packages/robot_hardware/encoder_odometry.py to encoder_odometry.cpython-310.pyc
byte-compiling /home/utilisateur/slam/install/robot_hardware/lib/python3.10/site-packages/robot_hardware/__init__.py to __init__.cpython-310.pyc
running install_data
creating /home/utilisateur/slam/install/robot_hardware/share/ament_index
creating /home/utilisateur/slam/install/robot_hardware/share/ament_index/resource_index
creating /home/utilisateur/slam/install/robot_hardware/share/ament_index/resource_index/packages
copying resource/robot_hardware -> /home/utilisateur/slam/install/robot_hardware/share/ament_index/resource_index/packages
copying package.xml -> /home/utilisateur/slam/install/robot_hardware/share/robot_hardware
creating /home/utilisateur/slam/install/robot_hardware/share/robot_hardware/launch
copying launch/real_robot_nav.launch.py -> /home/utilisateur/slam/install/robot_hardware/share/robot_hardware/launch
creating /home/utilisateur/slam/install/robot_hardware/share/robot_hardware/config
copying config/hardware_params.yaml -> /home/utilisateur/slam/install/robot_hardware/share/robot_hardware/config
copying config/nav2_real_params.yaml -> /home/utilisateur/slam/install/robot_hardware/share/robot_hardware/config
creating /home/utilisateur/slam/install/robot_hardware/share/robot_hardware/arduino
copying arduino/motor_controller.ino -> /home/utilisateur/slam/install/robot_hardware/share/robot_hardware/arduino
running install_egg_info
Copying ../../../build/robot_hardware/robot_hardware.egg-info to /home/utilisateur/slam/install/robot_hardware/lib/python3.10/site-packages/robot_hardware-0.0.1-py3.10.egg-info
running install_scripts
Installing cmd_vel_to_arduino script to /home/utilisateur/slam/install/robot_hardware/lib/robot_hardware
Installing encoder_odometry script to /home/utilisateur/slam/install/robot_hardware/lib/robot_hardware
writing list of installed files to '/home/utilisateur/slam/build/robot_hardware/install.log'
