-- Install configuration: ""
-- Up-to-date: /home/utilisateur/slam/install/robot_description/share/robot_description/urdf
-- Up-to-date: /home/utilisateur/slam/install/robot_description/share/robot_description/urdf/robot.urdf.xacro
-- Up-to-date: /home/utilisateur/slam/install/robot_description/share/robot_description/urdf/robot.gazebo.xacro
-- Up-to-date: /home/utilisateur/slam/install/robot_description/share/robot_description/launch
-- Up-to-date: /home/utilisateur/slam/install/robot_description/share/robot_description/launch/display.launch.py
-- Up-to-date: /home/utilisateur/slam/install/robot_description/share/robot_description/config
-- Up-to-date: /home/utilisateur/slam/install/robot_description/share/robot_description/config/display.rviz
-- Up-to-date: /home/utilisateur/slam/install/robot_description/share/robot_description/config/twist_mux.yaml
-- Up-to-date: /home/utilisateur/slam/install/robot_description/share/robot_description/meshes
-- Up-to-date: /home/utilisateur/slam/install/robot_description/share/robot_description/meshes/octagon_base.stl
-- Up-to-date: /home/utilisateur/slam/install/robot_description/share/ament_index/resource_index/package_run_dependencies/robot_description
-- Up-to-date: /home/utilisateur/slam/install/robot_description/share/ament_index/resource_index/parent_prefix_path/robot_description
-- Up-to-date: /home/utilisateur/slam/install/robot_description/share/robot_description/environment/ament_prefix_path.sh
-- Up-to-date: /home/utilisateur/slam/install/robot_description/share/robot_description/environment/ament_prefix_path.dsv
-- Up-to-date: /home/utilisateur/slam/install/robot_description/share/robot_description/environment/path.sh
-- Up-to-date: /home/utilisateur/slam/install/robot_description/share/robot_description/environment/path.dsv
-- Up-to-date: /home/utilisateur/slam/install/robot_description/share/robot_description/local_setup.bash
-- Up-to-date: /home/utilisateur/slam/install/robot_description/share/robot_description/local_setup.sh
-- Up-to-date: /home/utilisateur/slam/install/robot_description/share/robot_description/local_setup.zsh
-- Up-to-date: /home/utilisateur/slam/install/robot_description/share/robot_description/local_setup.dsv
-- Up-to-date: /home/utilisateur/slam/install/robot_description/share/robot_description/package.dsv
-- Up-to-date: /home/utilisateur/slam/install/robot_description/share/ament_index/resource_index/packages/robot_description
-- Up-to-date: /home/utilisateur/slam/install/robot_description/share/robot_description/cmake/robot_descriptionConfig.cmake
-- Up-to-date: /home/utilisateur/slam/install/robot_description/share/robot_description/cmake/robot_descriptionConfig-version.cmake
-- Up-to-date: /home/utilisateur/slam/install/robot_description/share/robot_description/package.xml
