[0.027s] Invoking command in '/home/utilisateur/slam/build/robot_description': /usr/bin/cmake --build /home/utilisateur/slam/build/robot_description -- -j4 -l4
[0.303s] Invoked command in '/home/utilisateur/slam/build/robot_description' returned '0': /usr/bin/cmake --build /home/utilisateur/slam/build/robot_description -- -j4 -l4
[0.315s] Invoking command in '/home/utilisateur/slam/build/robot_description': /usr/bin/cmake --install /home/utilisateur/slam/build/robot_description
[0.324s] -- Install configuration: ""
[0.326s] -- Up-to-date: /home/utilisateur/slam/install/robot_description/share/robot_description/urdf
[0.326s] -- Up-to-date: /home/utilisateur/slam/install/robot_description/share/robot_description/urdf/robot.urdf.xacro
[0.327s] -- Up-to-date: /home/utilisateur/slam/install/robot_description/share/robot_description/urdf/robot.gazebo.xacro
[0.327s] -- Up-to-date: /home/utilisateur/slam/install/robot_description/share/robot_description/launch
[0.327s] -- Up-to-date: /home/utilisateur/slam/install/robot_description/share/robot_description/launch/display.launch.py
[0.327s] -- Up-to-date: /home/utilisateur/slam/install/robot_description/share/robot_description/config
[0.328s] -- Up-to-date: /home/utilisateur/slam/install/robot_description/share/robot_description/config/display.rviz
[0.328s] -- Up-to-date: /home/utilisateur/slam/install/robot_description/share/robot_description/config/twist_mux.yaml
[0.328s] -- Up-to-date: /home/utilisateur/slam/install/robot_description/share/robot_description/meshes
[0.328s] -- Up-to-date: /home/utilisateur/slam/install/robot_description/share/robot_description/meshes/octagon_base.stl
[0.329s] -- Up-to-date: /home/utilisateur/slam/install/robot_description/share/ament_index/resource_index/package_run_dependencies/robot_description
[0.329s] -- Up-to-date: /home/utilisateur/slam/install/robot_description/share/ament_index/resource_index/parent_prefix_path/robot_description
[0.329s] -- Up-to-date: /home/utilisateur/slam/install/robot_description/share/robot_description/environment/ament_prefix_path.sh
[0.330s] -- Up-to-date: /home/utilisateur/slam/install/robot_description/share/robot_description/environment/ament_prefix_path.dsv
[0.330s] -- Up-to-date: /home/utilisateur/slam/install/robot_description/share/robot_description/environment/path.sh
[0.330s] -- Up-to-date: /home/utilisateur/slam/install/robot_description/share/robot_description/environment/path.dsv
[0.330s] -- Up-to-date: /home/utilisateur/slam/install/robot_description/share/robot_description/local_setup.bash
[0.330s] -- Up-to-date: /home/utilisateur/slam/install/robot_description/share/robot_description/local_setup.sh
[0.330s] -- Up-to-date: /home/utilisateur/slam/install/robot_description/share/robot_description/local_setup.zsh
[0.331s] -- Up-to-date: /home/utilisateur/slam/install/robot_description/share/robot_description/local_setup.dsv
[0.331s] -- Up-to-date: /home/utilisateur/slam/install/robot_description/share/robot_description/package.dsv
[0.331s] -- Up-to-date: /home/utilisateur/slam/install/robot_description/share/ament_index/resource_index/packages/robot_description
[0.331s] -- Up-to-date: /home/utilisateur/slam/install/robot_description/share/robot_description/cmake/robot_descriptionConfig.cmake
[0.331s] -- Up-to-date: /home/utilisateur/slam/install/robot_description/share/robot_description/cmake/robot_descriptionConfig-version.cmake
[0.331s] -- Up-to-date: /home/utilisateur/slam/install/robot_description/share/robot_description/package.xml
[0.333s] Invoked command in '/home/utilisateur/slam/build/robot_description' returned '0': /usr/bin/cmake --install /home/utilisateur/slam/build/robot_description
