[0.137s] DEBUG:colcon:Command line arguments: ['/usr/bin/colcon', 'build']
[0.137s] DEBUG:colcon:Parsed command line arguments: Namespace(log_base=None, log_level=None, verb_name='build', build_base='build', install_base='install', merge_install=False, symlink_install=False, test_result_base=None, continue_on_error=False, executor='parallel', parallel_workers=4, event_handlers=None, ignore_user_meta=False, metas=['./colcon.meta'], base_paths=['.'], packages_ignore=None, packages_ignore_regex=None, paths=None, packages_up_to=None, packages_up_to_regex=None, packages_above=None, packages_above_and_dependencies=None, packages_above_depth=None, packages_select_by_dep=None, packages_skip_by_dep=None, packages_skip_up_to=None, packages_select_build_failed=False, packages_skip_build_finished=False, packages_select_test_failures=False, packages_skip_test_passed=False, packages_select=None, packages_skip=None, packages_select_regex=None, packages_skip_regex=None, packages_start=None, packages_end=None, allow_overriding=[], cmake_args=None, cmake_target=None, cmake_target_skip_unavailable=False, cmake_clean_cache=False, cmake_clean_first=False, cmake_force_configure=False, ament_cmake_args=None, catkin_cmake_args=None, catkin_skip_building_tests=False, mixin_files=None, mixin=None, verb_parser=<colcon_mixin.mixin.mixin_argument.MixinArgumentDecorator object at 0x7e73f9a66140>, verb_extension=<colcon_core.verb.build.BuildVerb object at 0x7e73f9a65c60>, main=<bound method BuildVerb.main of <colcon_core.verb.build.BuildVerb object at 0x7e73f9a65c60>>, mixin_verb=('build',))
[0.349s] Level 1:colcon.colcon_core.package_discovery:discover_packages(colcon_meta) check parameters
[0.349s] Level 1:colcon.colcon_core.package_discovery:discover_packages(recursive) check parameters
[0.349s] Level 1:colcon.colcon_core.package_discovery:discover_packages(ignore) check parameters
[0.349s] Level 1:colcon.colcon_core.package_discovery:discover_packages(path) check parameters
[0.349s] Level 1:colcon.colcon_core.package_discovery:discover_packages(colcon_meta) discover
[0.349s] Level 1:colcon.colcon_core.package_discovery:discover_packages(recursive) discover
[0.349s] INFO:colcon.colcon_core.package_discovery:Crawling recursively for packages in '/home/utilisateur/slam'
[0.350s] Level 1:colcon.colcon_core.package_identification:_identify(.) by extensions ['ignore', 'ignore_ament_install']
[0.350s] Level 1:colcon.colcon_core.package_identification:_identify(.) by extension 'ignore'
[0.350s] Level 1:colcon.colcon_core.package_identification:_identify(.) by extension 'ignore_ament_install'
[0.350s] Level 1:colcon.colcon_core.package_identification:_identify(.) by extensions ['colcon_pkg']
[0.350s] Level 1:colcon.colcon_core.package_identification:_identify(.) by extension 'colcon_pkg'
[0.350s] Level 1:colcon.colcon_core.package_identification:_identify(.) by extensions ['colcon_meta']
[0.350s] Level 1:colcon.colcon_core.package_identification:_identify(.) by extension 'colcon_meta'
[0.350s] Level 1:colcon.colcon_core.package_identification:_identify(.) by extensions ['ros']
[0.350s] Level 1:colcon.colcon_core.package_identification:_identify(.) by extension 'ros'
[0.363s] Level 1:colcon.colcon_core.package_identification:_identify(.) by extensions ['cmake', 'python']
[0.363s] Level 1:colcon.colcon_core.package_identification:_identify(.) by extension 'cmake'
[0.363s] Level 1:colcon.colcon_core.package_identification:_identify(.) by extension 'python'
[0.363s] Level 1:colcon.colcon_core.package_identification:_identify(.) by extensions ['python_setup_py']
[0.363s] Level 1:colcon.colcon_core.package_identification:_identify(.) by extension 'python_setup_py'
[0.363s] Level 1:colcon.colcon_core.package_identification:_identify(build) by extensions ['ignore', 'ignore_ament_install']
[0.363s] Level 1:colcon.colcon_core.package_identification:_identify(build) by extension 'ignore'
[0.363s] Level 1:colcon.colcon_core.package_identification:_identify(build) ignored
[0.363s] Level 1:colcon.colcon_core.package_identification:_identify(install) by extensions ['ignore', 'ignore_ament_install']
[0.364s] Level 1:colcon.colcon_core.package_identification:_identify(install) by extension 'ignore'
[0.364s] Level 1:colcon.colcon_core.package_identification:_identify(install) ignored
[0.364s] Level 1:colcon.colcon_core.package_identification:_identify(log) by extensions ['ignore', 'ignore_ament_install']
[0.364s] Level 1:colcon.colcon_core.package_identification:_identify(log) by extension 'ignore'
[0.364s] Level 1:colcon.colcon_core.package_identification:_identify(log) ignored
[0.364s] Level 1:colcon.colcon_core.package_identification:_identify(test) by extensions ['ignore', 'ignore_ament_install']
[0.364s] Level 1:colcon.colcon_core.package_identification:_identify(test) by extension 'ignore'
[0.364s] Level 1:colcon.colcon_core.package_identification:_identify(test) by extension 'ignore_ament_install'
[0.364s] Level 1:colcon.colcon_core.package_identification:_identify(test) by extensions ['colcon_pkg']
[0.364s] Level 1:colcon.colcon_core.package_identification:_identify(test) by extension 'colcon_pkg'
[0.364s] Level 1:colcon.colcon_core.package_identification:_identify(test) by extensions ['colcon_meta']
[0.364s] Level 1:colcon.colcon_core.package_identification:_identify(test) by extension 'colcon_meta'
[0.364s] Level 1:colcon.colcon_core.package_identification:_identify(test) by extensions ['ros']
[0.365s] Level 1:colcon.colcon_core.package_identification:_identify(test) by extension 'ros'
[0.365s] Level 1:colcon.colcon_core.package_identification:_identify(test) by extensions ['cmake', 'python']
[0.365s] Level 1:colcon.colcon_core.package_identification:_identify(test) by extension 'cmake'
[0.365s] Level 1:colcon.colcon_core.package_identification:_identify(test) by extension 'python'
[0.365s] Level 1:colcon.colcon_core.package_identification:_identify(test) by extensions ['python_setup_py']
[0.365s] Level 1:colcon.colcon_core.package_identification:_identify(test) by extension 'python_setup_py'
[0.365s] Level 1:colcon.colcon_core.package_identification:_identify(test/build) by extensions ['ignore', 'ignore_ament_install']
[0.365s] Level 1:colcon.colcon_core.package_identification:_identify(test/build) by extension 'ignore'
[0.365s] Level 1:colcon.colcon_core.package_identification:_identify(test/build) ignored
[0.365s] Level 1:colcon.colcon_core.package_identification:_identify(test/install) by extensions ['ignore', 'ignore_ament_install']
[0.365s] Level 1:colcon.colcon_core.package_identification:_identify(test/install) by extension 'ignore'
[0.365s] Level 1:colcon.colcon_core.package_identification:_identify(test/install) ignored
[0.366s] Level 1:colcon.colcon_core.package_identification:_identify(test/log) by extensions ['ignore', 'ignore_ament_install']
[0.366s] Level 1:colcon.colcon_core.package_identification:_identify(test/log) by extension 'ignore'
[0.366s] Level 1:colcon.colcon_core.package_identification:_identify(test/log) ignored
[0.366s] Level 1:colcon.colcon_core.package_identification:_identify(test/maps) by extensions ['ignore', 'ignore_ament_install']
[0.366s] Level 1:colcon.colcon_core.package_identification:_identify(test/maps) by extension 'ignore'
[0.366s] Level 1:colcon.colcon_core.package_identification:_identify(test/maps) by extension 'ignore_ament_install'
[0.366s] Level 1:colcon.colcon_core.package_identification:_identify(test/maps) by extensions ['colcon_pkg']
[0.366s] Level 1:colcon.colcon_core.package_identification:_identify(test/maps) by extension 'colcon_pkg'
[0.366s] Level 1:colcon.colcon_core.package_identification:_identify(test/maps) by extensions ['colcon_meta']
[0.366s] Level 1:colcon.colcon_core.package_identification:_identify(test/maps) by extension 'colcon_meta'
[0.366s] Level 1:colcon.colcon_core.package_identification:_identify(test/maps) by extensions ['ros']
[0.366s] Level 1:colcon.colcon_core.package_identification:_identify(test/maps) by extension 'ros'
[0.366s] Level 1:colcon.colcon_core.package_identification:_identify(test/maps) by extensions ['cmake', 'python']
[0.366s] Level 1:colcon.colcon_core.package_identification:_identify(test/maps) by extension 'cmake'
[0.366s] Level 1:colcon.colcon_core.package_identification:_identify(test/maps) by extension 'python'
[0.367s] Level 1:colcon.colcon_core.package_identification:_identify(test/maps) by extensions ['python_setup_py']
[0.367s] Level 1:colcon.colcon_core.package_identification:_identify(test/maps) by extension 'python_setup_py'
[0.367s] Level 1:colcon.colcon_core.package_identification:_identify(test/src) by extensions ['ignore', 'ignore_ament_install']
[0.367s] Level 1:colcon.colcon_core.package_identification:_identify(test/src) by extension 'ignore'
[0.367s] Level 1:colcon.colcon_core.package_identification:_identify(test/src) by extension 'ignore_ament_install'
[0.367s] Level 1:colcon.colcon_core.package_identification:_identify(test/src) by extensions ['colcon_pkg']
[0.367s] Level 1:colcon.colcon_core.package_identification:_identify(test/src) by extension 'colcon_pkg'
[0.367s] Level 1:colcon.colcon_core.package_identification:_identify(test/src) by extensions ['colcon_meta']
[0.367s] Level 1:colcon.colcon_core.package_identification:_identify(test/src) by extension 'colcon_meta'
[0.367s] Level 1:colcon.colcon_core.package_identification:_identify(test/src) by extensions ['ros']
[0.367s] Level 1:colcon.colcon_core.package_identification:_identify(test/src) by extension 'ros'
[0.367s] Level 1:colcon.colcon_core.package_identification:_identify(test/src) by extensions ['cmake', 'python']
[0.367s] Level 1:colcon.colcon_core.package_identification:_identify(test/src) by extension 'cmake'
[0.367s] Level 1:colcon.colcon_core.package_identification:_identify(test/src) by extension 'python'
[0.367s] Level 1:colcon.colcon_core.package_identification:_identify(test/src) by extensions ['python_setup_py']
[0.367s] Level 1:colcon.colcon_core.package_identification:_identify(test/src) by extension 'python_setup_py'
[0.368s] Level 1:colcon.colcon_core.package_identification:_identify(test/src/robot_description) by extensions ['ignore', 'ignore_ament_install']
[0.368s] Level 1:colcon.colcon_core.package_identification:_identify(test/src/robot_description) by extension 'ignore'
[0.368s] Level 1:colcon.colcon_core.package_identification:_identify(test/src/robot_description) by extension 'ignore_ament_install'
[0.368s] Level 1:colcon.colcon_core.package_identification:_identify(test/src/robot_description) by extensions ['colcon_pkg']
[0.368s] Level 1:colcon.colcon_core.package_identification:_identify(test/src/robot_description) by extension 'colcon_pkg'
[0.368s] Level 1:colcon.colcon_core.package_identification:_identify(test/src/robot_description) by extensions ['colcon_meta']
[0.368s] Level 1:colcon.colcon_core.package_identification:_identify(test/src/robot_description) by extension 'colcon_meta'
[0.368s] Level 1:colcon.colcon_core.package_identification:_identify(test/src/robot_description) by extensions ['ros']
[0.368s] Level 1:colcon.colcon_core.package_identification:_identify(test/src/robot_description) by extension 'ros'
[0.371s] DEBUG:colcon.colcon_core.package_identification:Package 'test/src/robot_description' with type 'ros.ament_cmake' and name 'robot_description'
[0.371s] Level 1:colcon.colcon_core.package_identification:_identify(test/src/robot_navigation) by extensions ['ignore', 'ignore_ament_install']
[0.371s] Level 1:colcon.colcon_core.package_identification:_identify(test/src/robot_navigation) by extension 'ignore'
[0.371s] Level 1:colcon.colcon_core.package_identification:_identify(test/src/robot_navigation) by extension 'ignore_ament_install'
[0.371s] Level 1:colcon.colcon_core.package_identification:_identify(test/src/robot_navigation) by extensions ['colcon_pkg']
[0.372s] Level 1:colcon.colcon_core.package_identification:_identify(test/src/robot_navigation) by extension 'colcon_pkg'
[0.372s] Level 1:colcon.colcon_core.package_identification:_identify(test/src/robot_navigation) by extensions ['colcon_meta']
[0.372s] Level 1:colcon.colcon_core.package_identification:_identify(test/src/robot_navigation) by extension 'colcon_meta'
[0.372s] Level 1:colcon.colcon_core.package_identification:_identify(test/src/robot_navigation) by extensions ['ros']
[0.372s] Level 1:colcon.colcon_core.package_identification:_identify(test/src/robot_navigation) by extension 'ros'
[0.372s] DEBUG:colcon.colcon_core.package_identification:Package 'test/src/robot_navigation' with type 'ros.ament_python' and name 'robot_navigation'
[0.372s] Level 1:colcon.colcon_core.package_identification:_identify(test/src/robot_navigation2) by extensions ['ignore', 'ignore_ament_install']
[0.373s] Level 1:colcon.colcon_core.package_identification:_identify(test/src/robot_navigation2) by extension 'ignore'
[0.373s] Level 1:colcon.colcon_core.package_identification:_identify(test/src/robot_navigation2) by extension 'ignore_ament_install'
[0.373s] Level 1:colcon.colcon_core.package_identification:_identify(test/src/robot_navigation2) by extensions ['colcon_pkg']
[0.373s] Level 1:colcon.colcon_core.package_identification:_identify(test/src/robot_navigation2) by extension 'colcon_pkg'
[0.373s] Level 1:colcon.colcon_core.package_identification:_identify(test/src/robot_navigation2) by extensions ['colcon_meta']
[0.373s] Level 1:colcon.colcon_core.package_identification:_identify(test/src/robot_navigation2) by extension 'colcon_meta'
[0.373s] Level 1:colcon.colcon_core.package_identification:_identify(test/src/robot_navigation2) by extensions ['ros']
[0.373s] Level 1:colcon.colcon_core.package_identification:_identify(test/src/robot_navigation2) by extension 'ros'
[0.374s] DEBUG:colcon.colcon_core.package_identification:Package 'test/src/robot_navigation2' with type 'ros.ament_cmake' and name 'robot_navigation2'
[0.374s] Level 1:colcon.colcon_core.package_identification:_identify(test/src/robot_simulation) by extensions ['ignore', 'ignore_ament_install']
[0.374s] Level 1:colcon.colcon_core.package_identification:_identify(test/src/robot_simulation) by extension 'ignore'
[0.374s] Level 1:colcon.colcon_core.package_identification:_identify(test/src/robot_simulation) by extension 'ignore_ament_install'
[0.374s] Level 1:colcon.colcon_core.package_identification:_identify(test/src/robot_simulation) by extensions ['colcon_pkg']
[0.374s] Level 1:colcon.colcon_core.package_identification:_identify(test/src/robot_simulation) by extension 'colcon_pkg'
[0.374s] Level 1:colcon.colcon_core.package_identification:_identify(test/src/robot_simulation) by extensions ['colcon_meta']
[0.374s] Level 1:colcon.colcon_core.package_identification:_identify(test/src/robot_simulation) by extension 'colcon_meta'
[0.374s] Level 1:colcon.colcon_core.package_identification:_identify(test/src/robot_simulation) by extensions ['ros']
[0.374s] Level 1:colcon.colcon_core.package_identification:_identify(test/src/robot_simulation) by extension 'ros'
[0.375s] DEBUG:colcon.colcon_core.package_identification:Package 'test/src/robot_simulation' with type 'ros.ament_cmake' and name 'robot_simulation'
[0.375s] Level 1:colcon.colcon_core.package_discovery:discover_packages(recursive) using defaults
[0.375s] Level 1:colcon.colcon_core.package_discovery:discover_packages(ignore) discover
[0.375s] Level 1:colcon.colcon_core.package_discovery:discover_packages(ignore) using defaults
[0.376s] Level 1:colcon.colcon_core.package_discovery:discover_packages(path) discover
[0.376s] Level 1:colcon.colcon_core.package_discovery:discover_packages(path) using defaults
[0.409s] Level 1:colcon.colcon_core.package_discovery:discover_packages(prefix_path) check parameters
[0.409s] Level 1:colcon.colcon_core.package_discovery:discover_packages(prefix_path) discover
[0.412s] DEBUG:colcon.colcon_installed_package_information.package_discovery:Found 344 installed packages in /opt/ros/humble
[0.414s] Level 1:colcon.colcon_core.package_discovery:discover_packages(prefix_path) using defaults
[0.467s] Level 5:colcon.colcon_core.verb:set package 'robot_description' build argument 'cmake_args' from command line to 'None'
[0.468s] Level 5:colcon.colcon_core.verb:set package 'robot_description' build argument 'cmake_target' from command line to 'None'
[0.468s] Level 5:colcon.colcon_core.verb:set package 'robot_description' build argument 'cmake_target_skip_unavailable' from command line to 'False'
[0.468s] Level 5:colcon.colcon_core.verb:set package 'robot_description' build argument 'cmake_clean_cache' from command line to 'False'
[0.468s] Level 5:colcon.colcon_core.verb:set package 'robot_description' build argument 'cmake_clean_first' from command line to 'False'
[0.468s] Level 5:colcon.colcon_core.verb:set package 'robot_description' build argument 'cmake_force_configure' from command line to 'False'
[0.468s] Level 5:colcon.colcon_core.verb:set package 'robot_description' build argument 'ament_cmake_args' from command line to 'None'
[0.468s] Level 5:colcon.colcon_core.verb:set package 'robot_description' build argument 'catkin_cmake_args' from command line to 'None'
[0.468s] Level 5:colcon.colcon_core.verb:set package 'robot_description' build argument 'catkin_skip_building_tests' from command line to 'False'
[0.468s] DEBUG:colcon.colcon_core.verb:Building package 'robot_description' with the following arguments: {'ament_cmake_args': None, 'build_base': '/home/utilisateur/slam/build/robot_description', 'catkin_cmake_args': None, 'catkin_skip_building_tests': False, 'cmake_args': None, 'cmake_clean_cache': False, 'cmake_clean_first': False, 'cmake_force_configure': False, 'cmake_target': None, 'cmake_target_skip_unavailable': False, 'install_base': '/home/utilisateur/slam/install/robot_description', 'merge_install': False, 'path': '/home/utilisateur/slam/test/src/robot_description', 'symlink_install': False, 'test_result_base': None}
[0.468s] Level 5:colcon.colcon_core.verb:set package 'robot_navigation' build argument 'cmake_args' from command line to 'None'
[0.468s] Level 5:colcon.colcon_core.verb:set package 'robot_navigation' build argument 'cmake_target' from command line to 'None'
[0.468s] Level 5:colcon.colcon_core.verb:set package 'robot_navigation' build argument 'cmake_target_skip_unavailable' from command line to 'False'
[0.468s] Level 5:colcon.colcon_core.verb:set package 'robot_navigation' build argument 'cmake_clean_cache' from command line to 'False'
[0.468s] Level 5:colcon.colcon_core.verb:set package 'robot_navigation' build argument 'cmake_clean_first' from command line to 'False'
[0.469s] Level 5:colcon.colcon_core.verb:set package 'robot_navigation' build argument 'cmake_force_configure' from command line to 'False'
[0.469s] Level 5:colcon.colcon_core.verb:set package 'robot_navigation' build argument 'ament_cmake_args' from command line to 'None'
[0.469s] Level 5:colcon.colcon_core.verb:set package 'robot_navigation' build argument 'catkin_cmake_args' from command line to 'None'
[0.469s] Level 5:colcon.colcon_core.verb:set package 'robot_navigation' build argument 'catkin_skip_building_tests' from command line to 'False'
[0.469s] DEBUG:colcon.colcon_core.verb:Building package 'robot_navigation' with the following arguments: {'ament_cmake_args': None, 'build_base': '/home/utilisateur/slam/build/robot_navigation', 'catkin_cmake_args': None, 'catkin_skip_building_tests': False, 'cmake_args': None, 'cmake_clean_cache': False, 'cmake_clean_first': False, 'cmake_force_configure': False, 'cmake_target': None, 'cmake_target_skip_unavailable': False, 'install_base': '/home/utilisateur/slam/install/robot_navigation', 'merge_install': False, 'path': '/home/utilisateur/slam/test/src/robot_navigation', 'symlink_install': False, 'test_result_base': None}
[0.469s] Level 5:colcon.colcon_core.verb:set package 'robot_simulation' build argument 'cmake_args' from command line to 'None'
[0.469s] Level 5:colcon.colcon_core.verb:set package 'robot_simulation' build argument 'cmake_target' from command line to 'None'
[0.469s] Level 5:colcon.colcon_core.verb:set package 'robot_simulation' build argument 'cmake_target_skip_unavailable' from command line to 'False'
[0.469s] Level 5:colcon.colcon_core.verb:set package 'robot_simulation' build argument 'cmake_clean_cache' from command line to 'False'
[0.469s] Level 5:colcon.colcon_core.verb:set package 'robot_simulation' build argument 'cmake_clean_first' from command line to 'False'
[0.469s] Level 5:colcon.colcon_core.verb:set package 'robot_simulation' build argument 'cmake_force_configure' from command line to 'False'
[0.469s] Level 5:colcon.colcon_core.verb:set package 'robot_simulation' build argument 'ament_cmake_args' from command line to 'None'
[0.469s] Level 5:colcon.colcon_core.verb:set package 'robot_simulation' build argument 'catkin_cmake_args' from command line to 'None'
[0.469s] Level 5:colcon.colcon_core.verb:set package 'robot_simulation' build argument 'catkin_skip_building_tests' from command line to 'False'
[0.469s] DEBUG:colcon.colcon_core.verb:Building package 'robot_simulation' with the following arguments: {'ament_cmake_args': None, 'build_base': '/home/utilisateur/slam/build/robot_simulation', 'catkin_cmake_args': None, 'catkin_skip_building_tests': False, 'cmake_args': None, 'cmake_clean_cache': False, 'cmake_clean_first': False, 'cmake_force_configure': False, 'cmake_target': None, 'cmake_target_skip_unavailable': False, 'install_base': '/home/utilisateur/slam/install/robot_simulation', 'merge_install': False, 'path': '/home/utilisateur/slam/test/src/robot_simulation', 'symlink_install': False, 'test_result_base': None}
[0.470s] Level 5:colcon.colcon_core.verb:set package 'robot_navigation2' build argument 'cmake_args' from command line to 'None'
[0.470s] Level 5:colcon.colcon_core.verb:set package 'robot_navigation2' build argument 'cmake_target' from command line to 'None'
[0.470s] Level 5:colcon.colcon_core.verb:set package 'robot_navigation2' build argument 'cmake_target_skip_unavailable' from command line to 'False'
[0.470s] Level 5:colcon.colcon_core.verb:set package 'robot_navigation2' build argument 'cmake_clean_cache' from command line to 'False'
[0.470s] Level 5:colcon.colcon_core.verb:set package 'robot_navigation2' build argument 'cmake_clean_first' from command line to 'False'
[0.470s] Level 5:colcon.colcon_core.verb:set package 'robot_navigation2' build argument 'cmake_force_configure' from command line to 'False'
[0.470s] Level 5:colcon.colcon_core.verb:set package 'robot_navigation2' build argument 'ament_cmake_args' from command line to 'None'
[0.470s] Level 5:colcon.colcon_core.verb:set package 'robot_navigation2' build argument 'catkin_cmake_args' from command line to 'None'
[0.470s] Level 5:colcon.colcon_core.verb:set package 'robot_navigation2' build argument 'catkin_skip_building_tests' from command line to 'False'
[0.470s] DEBUG:colcon.colcon_core.verb:Building package 'robot_navigation2' with the following arguments: {'ament_cmake_args': None, 'build_base': '/home/utilisateur/slam/build/robot_navigation2', 'catkin_cmake_args': None, 'catkin_skip_building_tests': False, 'cmake_args': None, 'cmake_clean_cache': False, 'cmake_clean_first': False, 'cmake_force_configure': False, 'cmake_target': None, 'cmake_target_skip_unavailable': False, 'install_base': '/home/utilisateur/slam/install/robot_navigation2', 'merge_install': False, 'path': '/home/utilisateur/slam/test/src/robot_navigation2', 'symlink_install': False, 'test_result_base': None}
[0.470s] INFO:colcon.colcon_core.executor:Executing jobs using 'parallel' executor
[0.471s] DEBUG:colcon.colcon_parallel_executor.executor.parallel:run_until_complete
[0.472s] INFO:colcon.colcon_ros.task.ament_cmake.build:Building ROS package in '/home/utilisateur/slam/test/src/robot_description' with build type 'ament_cmake'
[0.472s] INFO:colcon.colcon_cmake.task.cmake.build:Building CMake package in '/home/utilisateur/slam/test/src/robot_description'
[0.474s] INFO:colcon.colcon_core.plugin_system:Skipping extension 'colcon_core.shell.bat': Not used on non-Windows systems
[0.475s] INFO:colcon.colcon_core.shell:Skip shell extension 'powershell' for command environment: Not usable outside of PowerShell
[0.475s] DEBUG:colcon.colcon_core.shell:Skip shell extension 'dsv' for command environment
[0.479s] INFO:colcon.colcon_ros.task.ament_python.build:Building ROS package in '/home/utilisateur/slam/test/src/robot_navigation' with build type 'ament_python'
[0.479s] Level 1:colcon.colcon_core.shell:create_environment_hook('robot_navigation', 'ament_prefix_path')
[0.479s] INFO:colcon.colcon_core.shell:Creating environment hook '/home/utilisateur/slam/install/robot_navigation/share/robot_navigation/hook/ament_prefix_path.ps1'
[0.480s] INFO:colcon.colcon_core.shell:Creating environment descriptor '/home/utilisateur/slam/install/robot_navigation/share/robot_navigation/hook/ament_prefix_path.dsv'
[0.481s] INFO:colcon.colcon_core.shell:Creating environment hook '/home/utilisateur/slam/install/robot_navigation/share/robot_navigation/hook/ament_prefix_path.sh'
[0.482s] INFO:colcon.colcon_core.shell:Skip shell extension 'powershell' for command environment: Not usable outside of PowerShell
[0.482s] DEBUG:colcon.colcon_core.shell:Skip shell extension 'dsv' for command environment
[0.494s] DEBUG:colcon.colcon_core.event_handler.log_command:Invoking command in '/home/utilisateur/slam/build/robot_description': CMAKE_PREFIX_PATH=/opt/ros/humble /usr/bin/cmake --build /home/utilisateur/slam/build/robot_description -- -j4 -l4
[0.837s] INFO:colcon.colcon_core.task.python.build:Building Python package in '/home/utilisateur/slam/test/src/robot_navigation'
[0.837s] INFO:colcon.colcon_core.shell:Skip shell extension 'powershell' for command environment: Not usable outside of PowerShell
[0.838s] DEBUG:colcon.colcon_core.shell:Skip shell extension 'dsv' for command environment
[0.842s] DEBUG:colcon.colcon_core.event_handler.log_command:Invoked command in '/home/utilisateur/slam/build/robot_description' returned '0': CMAKE_PREFIX_PATH=/opt/ros/humble /usr/bin/cmake --build /home/utilisateur/slam/build/robot_description -- -j4 -l4
[0.856s] DEBUG:colcon.colcon_core.event_handler.log_command:Invoking command in '/home/utilisateur/slam/build/robot_description': CMAKE_PREFIX_PATH=/opt/ros/humble /usr/bin/cmake --install /home/utilisateur/slam/build/robot_description
[0.871s] Level 1:colcon.colcon_core.environment:create_environment_scripts_only(robot_description)
[0.874s] DEBUG:colcon.colcon_core.event_handler.log_command:Invoked command in '/home/utilisateur/slam/build/robot_description' returned '0': CMAKE_PREFIX_PATH=/opt/ros/humble /usr/bin/cmake --install /home/utilisateur/slam/build/robot_description
[0.875s] Level 1:colcon.colcon_core.environment:checking '/home/utilisateur/slam/install/robot_description' for CMake module files
[0.875s] Level 1:colcon.colcon_core.environment:checking '/home/utilisateur/slam/install/robot_description' for CMake config files
[0.876s] Level 1:colcon.colcon_core.shell:create_environment_hook('robot_description', 'cmake_prefix_path')
[0.876s] INFO:colcon.colcon_core.shell:Creating environment hook '/home/utilisateur/slam/install/robot_description/share/robot_description/hook/cmake_prefix_path.ps1'
[0.876s] INFO:colcon.colcon_core.shell:Creating environment descriptor '/home/utilisateur/slam/install/robot_description/share/robot_description/hook/cmake_prefix_path.dsv'
[0.877s] INFO:colcon.colcon_core.shell:Creating environment hook '/home/utilisateur/slam/install/robot_description/share/robot_description/hook/cmake_prefix_path.sh'
[0.878s] Level 1:colcon.colcon_core.environment:checking '/home/utilisateur/slam/install/robot_description/bin'
[0.878s] Level 1:colcon.colcon_core.environment:checking '/home/utilisateur/slam/install/robot_description/lib/pkgconfig/robot_description.pc'
[0.878s] Level 1:colcon.colcon_core.environment:checking '/home/utilisateur/slam/install/robot_description/lib/python3.10/site-packages'
[0.879s] Level 1:colcon.colcon_core.environment:checking '/home/utilisateur/slam/install/robot_description/bin'
[0.879s] INFO:colcon.colcon_core.shell:Creating package script '/home/utilisateur/slam/install/robot_description/share/robot_description/package.ps1'
[0.882s] INFO:colcon.colcon_core.shell:Creating package descriptor '/home/utilisateur/slam/install/robot_description/share/robot_description/package.dsv'
[0.883s] INFO:colcon.colcon_core.shell:Creating package script '/home/utilisateur/slam/install/robot_description/share/robot_description/package.sh'
[0.885s] INFO:colcon.colcon_core.shell:Creating package script '/home/utilisateur/slam/install/robot_description/share/robot_description/package.bash'
[0.886s] INFO:colcon.colcon_core.shell:Creating package script '/home/utilisateur/slam/install/robot_description/share/robot_description/package.zsh'
[0.887s] Level 1:colcon.colcon_core.environment:create_file_with_runtime_dependencies(/home/utilisateur/slam/install/robot_description/share/colcon-core/packages/robot_description)
[0.888s] Level 1:colcon.colcon_core.environment:create_environment_scripts_only(robot_description)
[0.888s] Level 1:colcon.colcon_core.environment:checking '/home/utilisateur/slam/install/robot_description' for CMake module files
[0.889s] Level 1:colcon.colcon_core.environment:checking '/home/utilisateur/slam/install/robot_description' for CMake config files
[0.889s] Level 1:colcon.colcon_core.shell:create_environment_hook('robot_description', 'cmake_prefix_path')
[0.890s] INFO:colcon.colcon_core.shell:Creating environment hook '/home/utilisateur/slam/install/robot_description/share/robot_description/hook/cmake_prefix_path.ps1'
[0.890s] INFO:colcon.colcon_core.shell:Creating environment descriptor '/home/utilisateur/slam/install/robot_description/share/robot_description/hook/cmake_prefix_path.dsv'
[0.891s] INFO:colcon.colcon_core.shell:Creating environment hook '/home/utilisateur/slam/install/robot_description/share/robot_description/hook/cmake_prefix_path.sh'
[0.891s] Level 1:colcon.colcon_core.environment:checking '/home/utilisateur/slam/install/robot_description/bin'
[0.891s] Level 1:colcon.colcon_core.environment:checking '/home/utilisateur/slam/install/robot_description/lib/pkgconfig/robot_description.pc'
[0.892s] Level 1:colcon.colcon_core.environment:checking '/home/utilisateur/slam/install/robot_description/lib/python3.10/site-packages'
[0.892s] Level 1:colcon.colcon_core.environment:checking '/home/utilisateur/slam/install/robot_description/bin'
[0.893s] INFO:colcon.colcon_core.shell:Creating package script '/home/utilisateur/slam/install/robot_description/share/robot_description/package.ps1'
[0.893s] INFO:colcon.colcon_core.shell:Creating package descriptor '/home/utilisateur/slam/install/robot_description/share/robot_description/package.dsv'
[0.894s] INFO:colcon.colcon_core.shell:Creating package script '/home/utilisateur/slam/install/robot_description/share/robot_description/package.sh'
[0.894s] INFO:colcon.colcon_core.shell:Creating package script '/home/utilisateur/slam/install/robot_description/share/robot_description/package.bash'
[0.895s] INFO:colcon.colcon_core.shell:Creating package script '/home/utilisateur/slam/install/robot_description/share/robot_description/package.zsh'
[0.895s] Level 1:colcon.colcon_core.environment:create_file_with_runtime_dependencies(/home/utilisateur/slam/install/robot_description/share/colcon-core/packages/robot_description)
[0.896s] INFO:colcon.colcon_ros.task.ament_cmake.build:Building ROS package in '/home/utilisateur/slam/test/src/robot_simulation' with build type 'ament_cmake'
[0.896s] INFO:colcon.colcon_cmake.task.cmake.build:Building CMake package in '/home/utilisateur/slam/test/src/robot_simulation'
[0.896s] INFO:colcon.colcon_core.shell:Skip shell extension 'powershell' for command environment: Not usable outside of PowerShell
[0.896s] DEBUG:colcon.colcon_core.shell:Skip shell extension 'dsv' for command environment
[0.911s] DEBUG:colcon.colcon_core.event_handler.log_command:Invoking command in '/home/utilisateur/slam/build/robot_simulation': AMENT_PREFIX_PATH=/home/utilisateur/slam/install/robot_description:${AMENT_PREFIX_PATH} CMAKE_PREFIX_PATH=/home/utilisateur/slam/install/robot_description:/opt/ros/humble /usr/bin/cmake --build /home/utilisateur/slam/build/robot_simulation -- -j4 -l4
[1.345s] DEBUG:colcon.colcon_core.event_handler.log_command:Invoking command in '/home/utilisateur/slam/test/src/robot_navigation': PYTHONPATH=/home/utilisateur/slam/build/robot_navigation/prefix_override:/usr/lib/python3/dist-packages/colcon_core/task/python/colcon_distutils_commands:/home/utilisateur/slam/install/robot_navigation/lib/python3.10/site-packages:${PYTHONPATH} /usr/bin/python3 -W ignore:setup.py install is deprecated -W ignore:easy_install command is deprecated setup.py egg_info --egg-base ../../../build/robot_navigation build --build-base /home/utilisateur/slam/build/robot_navigation/build install --record /home/utilisateur/slam/build/robot_navigation/install.log --single-version-externally-managed install_data
[1.731s] Level 1:colcon.colcon_core.environment:checking '/home/utilisateur/slam/install/robot_navigation' for CMake module files
[1.732s] DEBUG:colcon.colcon_core.event_handler.log_command:Invoked command in '/home/utilisateur/slam/test/src/robot_navigation' returned '0': PYTHONPATH=/home/utilisateur/slam/build/robot_navigation/prefix_override:/usr/lib/python3/dist-packages/colcon_core/task/python/colcon_distutils_commands:/home/utilisateur/slam/install/robot_navigation/lib/python3.10/site-packages:${PYTHONPATH} /usr/bin/python3 -W ignore:setup.py install is deprecated -W ignore:easy_install command is deprecated setup.py egg_info --egg-base ../../../build/robot_navigation build --build-base /home/utilisateur/slam/build/robot_navigation/build install --record /home/utilisateur/slam/build/robot_navigation/install.log --single-version-externally-managed install_data
[1.732s] Level 1:colcon.colcon_core.environment:checking '/home/utilisateur/slam/install/robot_navigation' for CMake config files
[1.733s] Level 1:colcon.colcon_core.environment:checking '/home/utilisateur/slam/install/robot_navigation/lib'
[1.733s] Level 1:colcon.colcon_core.environment:checking '/home/utilisateur/slam/install/robot_navigation/bin'
[1.733s] Level 1:colcon.colcon_core.environment:checking '/home/utilisateur/slam/install/robot_navigation/lib/pkgconfig/robot_navigation.pc'
[1.734s] Level 1:colcon.colcon_core.environment:checking '/home/utilisateur/slam/install/robot_navigation/lib/python3.10/site-packages'
[1.734s] Level 1:colcon.colcon_core.shell:create_environment_hook('robot_navigation', 'pythonpath')
[1.734s] INFO:colcon.colcon_core.shell:Creating environment hook '/home/utilisateur/slam/install/robot_navigation/share/robot_navigation/hook/pythonpath.ps1'
[1.735s] INFO:colcon.colcon_core.shell:Creating environment descriptor '/home/utilisateur/slam/install/robot_navigation/share/robot_navigation/hook/pythonpath.dsv'
[1.735s] INFO:colcon.colcon_core.shell:Creating environment hook '/home/utilisateur/slam/install/robot_navigation/share/robot_navigation/hook/pythonpath.sh'
[1.736s] Level 1:colcon.colcon_core.environment:checking '/home/utilisateur/slam/install/robot_navigation/bin'
[1.736s] Level 1:colcon.colcon_core.environment:create_environment_scripts_only(robot_navigation)
[1.737s] INFO:colcon.colcon_core.shell:Creating package script '/home/utilisateur/slam/install/robot_navigation/share/robot_navigation/package.ps1'
[1.737s] INFO:colcon.colcon_core.shell:Creating package descriptor '/home/utilisateur/slam/install/robot_navigation/share/robot_navigation/package.dsv'
[1.738s] INFO:colcon.colcon_core.shell:Creating package script '/home/utilisateur/slam/install/robot_navigation/share/robot_navigation/package.sh'
[1.738s] INFO:colcon.colcon_core.shell:Creating package script '/home/utilisateur/slam/install/robot_navigation/share/robot_navigation/package.bash'
[1.739s] INFO:colcon.colcon_core.shell:Creating package script '/home/utilisateur/slam/install/robot_navigation/share/robot_navigation/package.zsh'
[1.739s] Level 1:colcon.colcon_core.environment:create_file_with_runtime_dependencies(/home/utilisateur/slam/install/robot_navigation/share/colcon-core/packages/robot_navigation)
[2.670s] DEBUG:colcon.colcon_core.event_handler.log_command:Invoked command in '/home/utilisateur/slam/build/robot_simulation' returned '0': AMENT_PREFIX_PATH=/home/utilisateur/slam/install/robot_description:${AMENT_PREFIX_PATH} CMAKE_PREFIX_PATH=/home/utilisateur/slam/install/robot_description:/opt/ros/humble /usr/bin/cmake --build /home/utilisateur/slam/build/robot_simulation -- -j4 -l4
[2.673s] DEBUG:colcon.colcon_core.event_handler.log_command:Invoking command in '/home/utilisateur/slam/build/robot_simulation': AMENT_PREFIX_PATH=/home/utilisateur/slam/install/robot_description:${AMENT_PREFIX_PATH} CMAKE_PREFIX_PATH=/home/utilisateur/slam/install/robot_description:/opt/ros/humble /usr/bin/cmake --install /home/utilisateur/slam/build/robot_simulation
[2.685s] Level 1:colcon.colcon_core.environment:create_environment_scripts_only(robot_simulation)
[2.685s] Level 1:colcon.colcon_core.environment:checking '/home/utilisateur/slam/install/robot_simulation' for CMake module files
[2.686s] DEBUG:colcon.colcon_core.event_handler.log_command:Invoked command in '/home/utilisateur/slam/build/robot_simulation' returned '0': AMENT_PREFIX_PATH=/home/utilisateur/slam/install/robot_description:${AMENT_PREFIX_PATH} CMAKE_PREFIX_PATH=/home/utilisateur/slam/install/robot_description:/opt/ros/humble /usr/bin/cmake --install /home/utilisateur/slam/build/robot_simulation
[2.687s] Level 1:colcon.colcon_core.environment:checking '/home/utilisateur/slam/install/robot_simulation' for CMake config files
[2.688s] Level 1:colcon.colcon_core.shell:create_environment_hook('robot_simulation', 'cmake_prefix_path')
[2.688s] INFO:colcon.colcon_core.shell:Creating environment hook '/home/utilisateur/slam/install/robot_simulation/share/robot_simulation/hook/cmake_prefix_path.ps1'
[2.689s] INFO:colcon.colcon_core.shell:Creating environment descriptor '/home/utilisateur/slam/install/robot_simulation/share/robot_simulation/hook/cmake_prefix_path.dsv'
[2.689s] INFO:colcon.colcon_core.shell:Creating environment hook '/home/utilisateur/slam/install/robot_simulation/share/robot_simulation/hook/cmake_prefix_path.sh'
[2.690s] Level 1:colcon.colcon_core.environment:checking '/home/utilisateur/slam/install/robot_simulation/bin'
[2.690s] Level 1:colcon.colcon_core.environment:checking '/home/utilisateur/slam/install/robot_simulation/lib/pkgconfig/robot_simulation.pc'
[2.690s] Level 1:colcon.colcon_core.environment:checking '/home/utilisateur/slam/install/robot_simulation/lib/python3.10/site-packages'
[2.691s] Level 1:colcon.colcon_core.environment:checking '/home/utilisateur/slam/install/robot_simulation/bin'
[2.691s] INFO:colcon.colcon_core.shell:Creating package script '/home/utilisateur/slam/install/robot_simulation/share/robot_simulation/package.ps1'
[2.692s] INFO:colcon.colcon_core.shell:Creating package descriptor '/home/utilisateur/slam/install/robot_simulation/share/robot_simulation/package.dsv'
[2.692s] INFO:colcon.colcon_core.shell:Creating package script '/home/utilisateur/slam/install/robot_simulation/share/robot_simulation/package.sh'
[2.693s] INFO:colcon.colcon_core.shell:Creating package script '/home/utilisateur/slam/install/robot_simulation/share/robot_simulation/package.bash'
[2.693s] INFO:colcon.colcon_core.shell:Creating package script '/home/utilisateur/slam/install/robot_simulation/share/robot_simulation/package.zsh'
[2.693s] Level 1:colcon.colcon_core.environment:create_file_with_runtime_dependencies(/home/utilisateur/slam/install/robot_simulation/share/colcon-core/packages/robot_simulation)
[2.694s] Level 1:colcon.colcon_core.environment:create_environment_scripts_only(robot_simulation)
[2.694s] Level 1:colcon.colcon_core.environment:checking '/home/utilisateur/slam/install/robot_simulation' for CMake module files
[2.695s] Level 1:colcon.colcon_core.environment:checking '/home/utilisateur/slam/install/robot_simulation' for CMake config files
[2.695s] Level 1:colcon.colcon_core.shell:create_environment_hook('robot_simulation', 'cmake_prefix_path')
[2.695s] INFO:colcon.colcon_core.shell:Creating environment hook '/home/utilisateur/slam/install/robot_simulation/share/robot_simulation/hook/cmake_prefix_path.ps1'
[2.696s] INFO:colcon.colcon_core.shell:Creating environment descriptor '/home/utilisateur/slam/install/robot_simulation/share/robot_simulation/hook/cmake_prefix_path.dsv'
[2.696s] INFO:colcon.colcon_core.shell:Creating environment hook '/home/utilisateur/slam/install/robot_simulation/share/robot_simulation/hook/cmake_prefix_path.sh'
[2.697s] Level 1:colcon.colcon_core.environment:checking '/home/utilisateur/slam/install/robot_simulation/bin'
[2.697s] Level 1:colcon.colcon_core.environment:checking '/home/utilisateur/slam/install/robot_simulation/lib/pkgconfig/robot_simulation.pc'
[2.697s] Level 1:colcon.colcon_core.environment:checking '/home/utilisateur/slam/install/robot_simulation/lib/python3.10/site-packages'
[2.698s] Level 1:colcon.colcon_core.environment:checking '/home/utilisateur/slam/install/robot_simulation/bin'
[2.698s] INFO:colcon.colcon_core.shell:Creating package script '/home/utilisateur/slam/install/robot_simulation/share/robot_simulation/package.ps1'
[2.698s] INFO:colcon.colcon_core.shell:Creating package descriptor '/home/utilisateur/slam/install/robot_simulation/share/robot_simulation/package.dsv'
[2.699s] INFO:colcon.colcon_core.shell:Creating package script '/home/utilisateur/slam/install/robot_simulation/share/robot_simulation/package.sh'
[2.700s] INFO:colcon.colcon_core.shell:Creating package script '/home/utilisateur/slam/install/robot_simulation/share/robot_simulation/package.bash'
[2.700s] INFO:colcon.colcon_core.shell:Creating package script '/home/utilisateur/slam/install/robot_simulation/share/robot_simulation/package.zsh'
[2.701s] Level 1:colcon.colcon_core.environment:create_file_with_runtime_dependencies(/home/utilisateur/slam/install/robot_simulation/share/colcon-core/packages/robot_simulation)
[2.701s] INFO:colcon.colcon_ros.task.ament_cmake.build:Building ROS package in '/home/utilisateur/slam/test/src/robot_navigation2' with build type 'ament_cmake'
[2.701s] INFO:colcon.colcon_cmake.task.cmake.build:Building CMake package in '/home/utilisateur/slam/test/src/robot_navigation2'
[2.702s] INFO:colcon.colcon_core.shell:Skip shell extension 'powershell' for command environment: Not usable outside of PowerShell
[2.702s] DEBUG:colcon.colcon_core.shell:Skip shell extension 'dsv' for command environment
[2.714s] DEBUG:colcon.colcon_core.event_handler.log_command:Invoking command in '/home/utilisateur/slam/build/robot_navigation2': AMENT_PREFIX_PATH=/home/utilisateur/slam/install/robot_simulation:/home/utilisateur/slam/install/robot_description:${AMENT_PREFIX_PATH} CMAKE_PREFIX_PATH=/home/utilisateur/slam/install/robot_simulation:/home/utilisateur/slam/install/robot_description:/opt/ros/humble /usr/bin/cmake --build /home/utilisateur/slam/build/robot_navigation2 -- -j4 -l4
[3.028s] DEBUG:colcon.colcon_core.event_handler.log_command:Invoked command in '/home/utilisateur/slam/build/robot_navigation2' returned '0': AMENT_PREFIX_PATH=/home/utilisateur/slam/install/robot_simulation:/home/utilisateur/slam/install/robot_description:${AMENT_PREFIX_PATH} CMAKE_PREFIX_PATH=/home/utilisateur/slam/install/robot_simulation:/home/utilisateur/slam/install/robot_description:/opt/ros/humble /usr/bin/cmake --build /home/utilisateur/slam/build/robot_navigation2 -- -j4 -l4
[3.030s] DEBUG:colcon.colcon_core.event_handler.log_command:Invoking command in '/home/utilisateur/slam/build/robot_navigation2': AMENT_PREFIX_PATH=/home/utilisateur/slam/install/robot_simulation:/home/utilisateur/slam/install/robot_description:${AMENT_PREFIX_PATH} CMAKE_PREFIX_PATH=/home/utilisateur/slam/install/robot_simulation:/home/utilisateur/slam/install/robot_description:/opt/ros/humble /usr/bin/cmake --install /home/utilisateur/slam/build/robot_navigation2
[3.043s] Level 1:colcon.colcon_core.environment:create_environment_scripts_only(robot_navigation2)
[3.043s] Level 1:colcon.colcon_core.environment:checking '/home/utilisateur/slam/install/robot_navigation2' for CMake module files
[3.043s] DEBUG:colcon.colcon_core.event_handler.log_command:Invoked command in '/home/utilisateur/slam/build/robot_navigation2' returned '0': AMENT_PREFIX_PATH=/home/utilisateur/slam/install/robot_simulation:/home/utilisateur/slam/install/robot_description:${AMENT_PREFIX_PATH} CMAKE_PREFIX_PATH=/home/utilisateur/slam/install/robot_simulation:/home/utilisateur/slam/install/robot_description:/opt/ros/humble /usr/bin/cmake --install /home/utilisateur/slam/build/robot_navigation2
[3.044s] Level 1:colcon.colcon_core.environment:checking '/home/utilisateur/slam/install/robot_navigation2' for CMake config files
[3.044s] Level 1:colcon.colcon_core.shell:create_environment_hook('robot_navigation2', 'cmake_prefix_path')
[3.045s] INFO:colcon.colcon_core.shell:Creating environment hook '/home/utilisateur/slam/install/robot_navigation2/share/robot_navigation2/hook/cmake_prefix_path.ps1'
[3.045s] INFO:colcon.colcon_core.shell:Creating environment descriptor '/home/utilisateur/slam/install/robot_navigation2/share/robot_navigation2/hook/cmake_prefix_path.dsv'
[3.046s] INFO:colcon.colcon_core.shell:Creating environment hook '/home/utilisateur/slam/install/robot_navigation2/share/robot_navigation2/hook/cmake_prefix_path.sh'
[3.046s] Level 1:colcon.colcon_core.environment:checking '/home/utilisateur/slam/install/robot_navigation2/bin'
[3.046s] Level 1:colcon.colcon_core.environment:checking '/home/utilisateur/slam/install/robot_navigation2/lib/pkgconfig/robot_navigation2.pc'
[3.047s] Level 1:colcon.colcon_core.environment:checking '/home/utilisateur/slam/install/robot_navigation2/lib/python3.10/site-packages'
[3.047s] Level 1:colcon.colcon_core.environment:checking '/home/utilisateur/slam/install/robot_navigation2/bin'
[3.047s] INFO:colcon.colcon_core.shell:Creating package script '/home/utilisateur/slam/install/robot_navigation2/share/robot_navigation2/package.ps1'
[3.048s] INFO:colcon.colcon_core.shell:Creating package descriptor '/home/utilisateur/slam/install/robot_navigation2/share/robot_navigation2/package.dsv'
[3.048s] INFO:colcon.colcon_core.shell:Creating package script '/home/utilisateur/slam/install/robot_navigation2/share/robot_navigation2/package.sh'
[3.049s] INFO:colcon.colcon_core.shell:Creating package script '/home/utilisateur/slam/install/robot_navigation2/share/robot_navigation2/package.bash'
[3.049s] INFO:colcon.colcon_core.shell:Creating package script '/home/utilisateur/slam/install/robot_navigation2/share/robot_navigation2/package.zsh'
[3.050s] Level 1:colcon.colcon_core.environment:create_file_with_runtime_dependencies(/home/utilisateur/slam/install/robot_navigation2/share/colcon-core/packages/robot_navigation2)
[3.050s] Level 1:colcon.colcon_core.environment:create_environment_scripts_only(robot_navigation2)
[3.051s] Level 1:colcon.colcon_core.environment:checking '/home/utilisateur/slam/install/robot_navigation2' for CMake module files
[3.051s] Level 1:colcon.colcon_core.environment:checking '/home/utilisateur/slam/install/robot_navigation2' for CMake config files
[3.052s] Level 1:colcon.colcon_core.shell:create_environment_hook('robot_navigation2', 'cmake_prefix_path')
[3.052s] INFO:colcon.colcon_core.shell:Creating environment hook '/home/utilisateur/slam/install/robot_navigation2/share/robot_navigation2/hook/cmake_prefix_path.ps1'
[3.052s] INFO:colcon.colcon_core.shell:Creating environment descriptor '/home/utilisateur/slam/install/robot_navigation2/share/robot_navigation2/hook/cmake_prefix_path.dsv'
[3.053s] INFO:colcon.colcon_core.shell:Creating environment hook '/home/utilisateur/slam/install/robot_navigation2/share/robot_navigation2/hook/cmake_prefix_path.sh'
[3.053s] Level 1:colcon.colcon_core.environment:checking '/home/utilisateur/slam/install/robot_navigation2/bin'
[3.053s] Level 1:colcon.colcon_core.environment:checking '/home/utilisateur/slam/install/robot_navigation2/lib/pkgconfig/robot_navigation2.pc'
[3.054s] Level 1:colcon.colcon_core.environment:checking '/home/utilisateur/slam/install/robot_navigation2/lib/python3.10/site-packages'
[3.054s] Level 1:colcon.colcon_core.environment:checking '/home/utilisateur/slam/install/robot_navigation2/bin'
[3.054s] INFO:colcon.colcon_core.shell:Creating package script '/home/utilisateur/slam/install/robot_navigation2/share/robot_navigation2/package.ps1'
[3.055s] INFO:colcon.colcon_core.shell:Creating package descriptor '/home/utilisateur/slam/install/robot_navigation2/share/robot_navigation2/package.dsv'
[3.055s] INFO:colcon.colcon_core.shell:Creating package script '/home/utilisateur/slam/install/robot_navigation2/share/robot_navigation2/package.sh'
[3.056s] INFO:colcon.colcon_core.shell:Creating package script '/home/utilisateur/slam/install/robot_navigation2/share/robot_navigation2/package.bash'
[3.056s] INFO:colcon.colcon_core.shell:Creating package script '/home/utilisateur/slam/install/robot_navigation2/share/robot_navigation2/package.zsh'
[3.057s] Level 1:colcon.colcon_core.environment:create_file_with_runtime_dependencies(/home/utilisateur/slam/install/robot_navigation2/share/colcon-core/packages/robot_navigation2)
[3.057s] DEBUG:colcon.colcon_parallel_executor.executor.parallel:closing loop
[3.057s] DEBUG:colcon.colcon_parallel_executor.executor.parallel:loop closed
[3.058s] DEBUG:colcon.colcon_parallel_executor.executor.parallel:run_until_complete finished with '0'
[3.058s] DEBUG:colcon.colcon_core.event_reactor:joining thread
[3.064s] INFO:colcon.colcon_core.plugin_system:Skipping extension 'colcon_notification.desktop_notification.terminal_notifier': Not used on non-Darwin systems
[3.065s] INFO:colcon.colcon_core.plugin_system:Skipping extension 'colcon_notification.desktop_notification.win32': Not used on non-Windows systems
[3.065s] INFO:colcon.colcon_notification.desktop_notification:Sending desktop notification using 'notify2'
[3.079s] DEBUG:colcon.colcon_core.event_reactor:joined thread
[3.079s] INFO:colcon.colcon_core.shell:Creating prefix script '/home/utilisateur/slam/install/local_setup.ps1'
[3.081s] INFO:colcon.colcon_core.shell:Creating prefix util module '/home/utilisateur/slam/install/_local_setup_util_ps1.py'
[3.082s] INFO:colcon.colcon_core.shell:Creating prefix chain script '/home/utilisateur/slam/install/setup.ps1'
[3.084s] INFO:colcon.colcon_core.shell:Creating prefix script '/home/utilisateur/slam/install/local_setup.sh'
[3.084s] INFO:colcon.colcon_core.shell:Creating prefix util module '/home/utilisateur/slam/install/_local_setup_util_sh.py'
[3.085s] INFO:colcon.colcon_core.shell:Creating prefix chain script '/home/utilisateur/slam/install/setup.sh'
[3.087s] INFO:colcon.colcon_core.shell:Creating prefix script '/home/utilisateur/slam/install/local_setup.bash'
[3.088s] INFO:colcon.colcon_core.shell:Creating prefix chain script '/home/utilisateur/slam/install/setup.bash'
[3.089s] INFO:colcon.colcon_core.shell:Creating prefix script '/home/utilisateur/slam/install/local_setup.zsh'
[3.090s] INFO:colcon.colcon_core.shell:Creating prefix chain script '/home/utilisateur/slam/install/setup.zsh'
