[0.013s] Invoking command in '/home/utilisateur/slam/build/robot_navigation2': AMENT_PREFIX_PATH=/home/utilisateur/slam/install/robot_simulation:/home/utilisateur/slam/install/robot_description:${AMENT_PREFIX_PATH} CMAKE_PREFIX_PATH=/home/utilisateur/slam/install/robot_simulation:/home/utilisateur/slam/install/robot_description:/opt/ros/humble /usr/bin/cmake --build /home/utilisateur/slam/build/robot_navigation2 -- -j4 -l4
[0.073s] Invoked command in '/home/utilisateur/slam/build/robot_navigation2' returned '0': AMENT_PREFIX_PATH=/home/utilisateur/slam/install/robot_simulation:/home/utilisateur/slam/install/robot_description:${AMENT_PREFIX_PATH} CMAKE_PREFIX_PATH=/home/utilisateur/slam/install/robot_simulation:/home/utilisateur/slam/install/robot_description:/opt/ros/humble /usr/bin/cmake --build /home/utilisateur/slam/build/robot_navigation2 -- -j4 -l4
[0.076s] Invoking command in '/home/utilisateur/slam/build/robot_navigation2': AMENT_PREFIX_PATH=/home/utilisateur/slam/install/robot_simulation:/home/utilisateur/slam/install/robot_description:${AMENT_PREFIX_PATH} CMAKE_PREFIX_PATH=/home/utilisateur/slam/install/robot_simulation:/home/utilisateur/slam/install/robot_description:/opt/ros/humble /usr/bin/cmake --install /home/utilisateur/slam/build/robot_navigation2
[0.086s] -- Install configuration: ""
[0.088s] -- Up-to-date: /home/utilisateur/slam/install/robot_navigation2/share/robot_navigation2/launch
[0.088s] -- Up-to-date: /home/utilisateur/slam/install/robot_navigation2/share/robot_navigation2/launch/nav2.launch.py
[0.088s] -- Up-to-date: /home/utilisateur/slam/install/robot_navigation2/share/robot_navigation2/launch/simple_nav2.launch.py
[0.088s] -- Up-to-date: /home/utilisateur/slam/install/robot_navigation2/share/robot_navigation2/config
[0.088s] -- Up-to-date: /home/utilisateur/slam/install/robot_navigation2/share/robot_navigation2/config/nav2_params.yaml
[0.088s] -- Up-to-date: /home/utilisateur/slam/install/robot_navigation2/share/ament_index/resource_index/package_run_dependencies/robot_navigation2
[0.088s] -- Up-to-date: /home/utilisateur/slam/install/robot_navigation2/share/ament_index/resource_index/parent_prefix_path/robot_navigation2
[0.088s] -- Up-to-date: /home/utilisateur/slam/install/robot_navigation2/share/robot_navigation2/environment/ament_prefix_path.sh
[0.089s] -- Up-to-date: /home/utilisateur/slam/install/robot_navigation2/share/robot_navigation2/environment/ament_prefix_path.dsv
[0.090s] -- Up-to-date: /home/utilisateur/slam/install/robot_navigation2/share/robot_navigation2/environment/path.sh
[0.090s] -- Up-to-date: /home/utilisateur/slam/install/robot_navigation2/share/robot_navigation2/environment/path.dsv
[0.090s] -- Up-to-date: /home/utilisateur/slam/install/robot_navigation2/share/robot_navigation2/local_setup.bash
[0.090s] -- Up-to-date: /home/utilisateur/slam/install/robot_navigation2/share/robot_navigation2/local_setup.sh
[0.090s] -- Up-to-date: /home/utilisateur/slam/install/robot_navigation2/share/robot_navigation2/local_setup.zsh
[0.090s] -- Up-to-date: /home/utilisateur/slam/install/robot_navigation2/share/robot_navigation2/local_setup.dsv
[0.090s] -- Installing: /home/utilisateur/slam/install/robot_navigation2/share/robot_navigation2/package.dsv
[0.090s] -- Up-to-date: /home/utilisateur/slam/install/robot_navigation2/share/ament_index/resource_index/packages/robot_navigation2
[0.091s] -- Up-to-date: /home/utilisateur/slam/install/robot_navigation2/share/robot_navigation2/cmake/robot_navigation2Config.cmake
[0.091s] -- Up-to-date: /home/utilisateur/slam/install/robot_navigation2/share/robot_navigation2/cmake/robot_navigation2Config-version.cmake
[0.091s] -- Up-to-date: /home/utilisateur/slam/install/robot_navigation2/share/robot_navigation2/package.xml
[0.094s] Invoked command in '/home/utilisateur/slam/build/robot_navigation2' returned '0': AMENT_PREFIX_PATH=/home/utilisateur/slam/install/robot_simulation:/home/utilisateur/slam/install/robot_description:${AMENT_PREFIX_PATH} CMAKE_PREFIX_PATH=/home/utilisateur/slam/install/robot_simulation:/home/utilisateur/slam/install/robot_description:/opt/ros/humble /usr/bin/cmake --install /home/utilisateur/slam/build/robot_navigation2
