[0.014s] Invoking command in '/home/utilisateur/slam/build/robot_simulation': AMENT_PREFIX_PATH=/home/utilisateur/slam/install/robot_description:${AMENT_PREFIX_PATH} CMAKE_PREFIX_PATH=/home/utilisateur/slam/install/robot_description:/opt/ros/humble /usr/bin/cmake --build /home/utilisateur/slam/build/robot_simulation -- -j4 -l4
[0.059s] -- Found ament_cmake: 1.3.12 (/opt/ros/humble/share/ament_cmake/cmake)
[0.251s] -- Found gazebo_ros: 3.9.0 (/opt/ros/humble/share/gazebo_ros/cmake)
[0.315s] -- Found rosidl_generator_c: 3.1.7 (/opt/ros/humble/share/rosidl_generator_c/cmake)
[0.321s] -- Found rosidl_adapter: 3.1.7 (/opt/ros/humble/share/rosidl_adapter/cmake)
[0.332s] -- Found rosidl_generator_cpp: 3.1.7 (/opt/ros/humble/share/rosidl_generator_cpp/cmake)
[0.352s] -- Using all available rosidl_typesupport_c: rosidl_typesupport_fastrtps_c;rosidl_typesupport_introspection_c
[0.375s] -- Using all available rosidl_typesupport_cpp: rosidl_typesupport_fastrtps_cpp;rosidl_typesupport_introspection_cpp
[0.440s] -- Found rmw_implementation_cmake: 6.1.2 (/opt/ros/humble/share/rmw_implementation_cmake/cmake)
[0.444s] -- Found rmw_fastrtps_cpp: 6.2.9 (/opt/ros/humble/share/rmw_fastrtps_cpp/cmake)
[0.599s] -- Using RMW implementation 'rmw_fastrtps_cpp' as default
[0.735s] -- Found DART: /usr/include (Required is at least version "6.6") found components: dart 
[0.785s] -- Found Protobuf: /usr/lib/x86_64-linux-gnu/libprotobuf.so (found version "3.12.4") 
[0.792s] -- Looking for ignition-math6 -- found version 6.15.1
[0.802s] -- Searching for dependencies of ignition-math6
[0.806s] -- Looking for OGRE...
[0.816s] -- Found Ogre Ghadamon (1.9.0)
[0.816s] -- Found OGRE: optimized;/usr/lib/x86_64-linux-gnu/libOgreMain.so;debug;/usr/lib/x86_64-linux-gnu/libOgreMain.so
[0.828s] -- Looking for OGRE_Paging...
[0.829s] -- Found OGRE_Paging: optimized;/usr/lib/x86_64-linux-gnu/libOgrePaging.so;debug;/usr/lib/x86_64-linux-gnu/libOgrePaging.so
[0.829s] -- Looking for OGRE_Terrain...
[0.830s] -- Found OGRE_Terrain: optimized;/usr/lib/x86_64-linux-gnu/libOgreTerrain.so;debug;/usr/lib/x86_64-linux-gnu/libOgreTerrain.so
[0.830s] -- Looking for OGRE_Property...
[0.830s] -- Found OGRE_Property: optimized;/usr/lib/x86_64-linux-gnu/libOgreProperty.so;debug;/usr/lib/x86_64-linux-gnu/libOgreProperty.so
[0.830s] -- Looking for OGRE_RTShaderSystem...
[0.830s] -- Found OGRE_RTShaderSystem: optimized;/usr/lib/x86_64-linux-gnu/libOgreRTShaderSystem.so;debug;/usr/lib/x86_64-linux-gnu/libOgreRTShaderSystem.so
[0.830s] -- Looking for OGRE_Volume...
[0.830s] -- Found OGRE_Volume: optimized;/usr/lib/x86_64-linux-gnu/libOgreVolume.so;debug;/usr/lib/x86_64-linux-gnu/libOgreVolume.so
[0.830s] -- Looking for OGRE_Overlay...
[0.830s] -- Found OGRE_Overlay: optimized;/usr/lib/x86_64-linux-gnu/libOgreOverlay.so;debug;/usr/lib/x86_64-linux-gnu/libOgreOverlay.so
[0.978s] -- Looking for ignition-math6 -- found version 6.15.1
[0.980s] -- Looking for ignition-transport8 -- found version 8.2.1
[0.980s] -- Searching for dependencies of ignition-transport8
[1.005s] -- Found Protobuf: /usr/lib/x86_64-linux-gnu/libprotobuf.so (found suitable version "3.12.4", minimum required is "3") 
[1.020s] -- Config-file not installed for ZeroMQ -- checking for pkg-config
[1.026s] -- Checking for module 'libzmq >= 4'
[1.055s] --   Found libzmq , version 4.3.4
[1.140s] -- Checking for module 'uuid'
[1.165s] --   Found uuid, version 2.37.2
[1.233s] -- Looking for ignition-msgs5 -- found version 5.8.1
[1.234s] -- Searching for dependencies of ignition-msgs5
[1.267s] -- Looking for ignition-math6 -- found version 6.15.1
[1.273s] -- Checking for module 'tinyxml2'
[1.289s] --   Found tinyxml2, version 9.0.0
[1.330s] -- Looking for ignition-msgs5 -- found version 5.8.1
[1.331s] -- Looking for ignition-common3 -- found version 3.14.0
[1.332s] -- Searching for dependencies of ignition-common3
[1.332s] -- Looking for dlfcn.h - found
[1.332s] -- Looking for libdl - found
[1.347s] -- Searching for <ignition-common3> component [graphics]
[1.348s] -- Looking for ignition-common3-graphics -- found version 3.14.0
[1.349s] -- Searching for dependencies of ignition-common3-graphics
[1.349s] -- Looking for ignition-math6 -- found version 6.15.1
[1.351s] -- Looking for ignition-fuel_tools4 -- found version 4.4.0
[1.352s] -- Searching for dependencies of ignition-fuel_tools4
[1.403s] -- Checking for module 'jsoncpp'
[1.418s] --   Found jsoncpp, version 1.9.5
[1.462s] -- Checking for module 'libzip'
[1.477s] --   Found libzip, version 1.7.3
[1.518s] -- Looking for ignition-common3 -- found version 3.14.0
[1.518s] -- Looking for ignition-math6 -- found version 6.15.1
[1.519s] -- Looking for ignition-msgs5 -- found version 5.8.1
[1.523s] -- Gazebo version: 11.10
[1.525s] -- Found gazebo_plugins: 3.9.0 (/opt/ros/humble/share/gazebo_plugins/cmake)
[1.619s] -- Found ament_lint_auto: 0.12.14 (/opt/ros/humble/share/ament_lint_auto/cmake)
[1.719s] -- Added test 'flake8' to check Python code syntax and style conventions
[1.720s] -- Added test 'lint_cmake' to check CMake code style
[1.721s] -- Added test 'pep257' to check Python code against some of the docstring style conventions in PEP 257
[1.723s] -- Added test 'xmllint' to check XML markup files
[1.725s] -- Configuring done
[1.736s] -- Generating done
[1.740s] -- Build files have been written to: /home/utilisateur/slam/build/robot_simulation
[1.773s] Invoked command in '/home/utilisateur/slam/build/robot_simulation' returned '0': AMENT_PREFIX_PATH=/home/utilisateur/slam/install/robot_description:${AMENT_PREFIX_PATH} CMAKE_PREFIX_PATH=/home/utilisateur/slam/install/robot_description:/opt/ros/humble /usr/bin/cmake --build /home/utilisateur/slam/build/robot_simulation -- -j4 -l4
[1.775s] Invoking command in '/home/utilisateur/slam/build/robot_simulation': AMENT_PREFIX_PATH=/home/utilisateur/slam/install/robot_description:${AMENT_PREFIX_PATH} CMAKE_PREFIX_PATH=/home/utilisateur/slam/install/robot_description:/opt/ros/humble /usr/bin/cmake --install /home/utilisateur/slam/build/robot_simulation
[1.784s] -- Install configuration: ""
[1.784s] -- Up-to-date: /home/utilisateur/slam/install/robot_simulation/share/robot_simulation/launch
[1.784s] -- Up-to-date: /home/utilisateur/slam/install/robot_simulation/share/robot_simulation/launch/navigation.launch.py
[1.784s] -- Up-to-date: /home/utilisateur/slam/install/robot_simulation/share/robot_simulation/launch/gazebo.launch.py
[1.784s] -- Up-to-date: /home/utilisateur/slam/install/robot_simulation/share/robot_simulation/launch/slam.launch.py
[1.784s] -- Up-to-date: /home/utilisateur/slam/install/robot_simulation/share/robot_simulation/launch/gazebo_headless.launch.py
[1.784s] -- Up-to-date: /home/utilisateur/slam/install/robot_simulation/share/robot_simulation/worlds
[1.784s] -- Up-to-date: /home/utilisateur/slam/install/robot_simulation/share/robot_simulation/worlds/minimal.world
[1.784s] -- Up-to-date: /home/utilisateur/slam/install/robot_simulation/share/robot_simulation/worlds/empty.world
[1.785s] -- Up-to-date: /home/utilisateur/slam/install/robot_simulation/share/robot_simulation/worlds/test_world.world
[1.785s] -- Up-to-date: /home/utilisateur/slam/install/robot_simulation/share/robot_simulation/config
[1.785s] -- Up-to-date: /home/utilisateur/slam/install/robot_simulation/share/robot_simulation/config/sim.rviz
[1.785s] -- Up-to-date: /home/utilisateur/slam/install/robot_simulation/share/robot_simulation/config/mapper_params_online_async.yaml
[1.785s] -- Up-to-date: /home/utilisateur/slam/install/robot_simulation/share/robot_simulation/map.yaml
[1.785s] -- Up-to-date: /home/utilisateur/slam/install/robot_simulation/share/robot_simulation/map.pgm
[1.785s] -- Up-to-date: /home/utilisateur/slam/install/robot_simulation/share/ament_index/resource_index/package_run_dependencies/robot_simulation
[1.786s] -- Installing: /home/utilisateur/slam/install/robot_simulation/share/ament_index/resource_index/parent_prefix_path/robot_simulation
[1.786s] -- Up-to-date: /home/utilisateur/slam/install/robot_simulation/share/robot_simulation/environment/ament_prefix_path.sh
[1.786s] -- Installing: /home/utilisateur/slam/install/robot_simulation/share/robot_simulation/environment/ament_prefix_path.dsv
[1.786s] -- Up-to-date: /home/utilisateur/slam/install/robot_simulation/share/robot_simulation/environment/path.sh
[1.786s] -- Installing: /home/utilisateur/slam/install/robot_simulation/share/robot_simulation/environment/path.dsv
[1.786s] -- Up-to-date: /home/utilisateur/slam/install/robot_simulation/share/robot_simulation/local_setup.bash
[1.786s] -- Up-to-date: /home/utilisateur/slam/install/robot_simulation/share/robot_simulation/local_setup.sh
[1.786s] -- Up-to-date: /home/utilisateur/slam/install/robot_simulation/share/robot_simulation/local_setup.zsh
[1.786s] -- Installing: /home/utilisateur/slam/install/robot_simulation/share/robot_simulation/local_setup.dsv
[1.786s] -- Installing: /home/utilisateur/slam/install/robot_simulation/share/robot_simulation/package.dsv
[1.786s] -- Up-to-date: /home/utilisateur/slam/install/robot_simulation/share/ament_index/resource_index/packages/robot_simulation
[1.786s] -- Up-to-date: /home/utilisateur/slam/install/robot_simulation/share/robot_simulation/cmake/robot_simulationConfig.cmake
[1.787s] -- Up-to-date: /home/utilisateur/slam/install/robot_simulation/share/robot_simulation/cmake/robot_simulationConfig-version.cmake
[1.787s] -- Up-to-date: /home/utilisateur/slam/install/robot_simulation/share/robot_simulation/package.xml
[1.789s] Invoked command in '/home/utilisateur/slam/build/robot_simulation' returned '0': AMENT_PREFIX_PATH=/home/utilisateur/slam/install/robot_description:${AMENT_PREFIX_PATH} CMAKE_PREFIX_PATH=/home/utilisateur/slam/install/robot_description:/opt/ros/humble /usr/bin/cmake --install /home/utilisateur/slam/build/robot_simulation
