[0.750s] Invoking command in '/home/utilisateur/slam/test/src/robot_navigation': PYTHONPATH=/home/utilisateur/slam/build/robot_navigation/prefix_override:/usr/lib/python3/dist-packages/colcon_core/task/python/colcon_distutils_commands:/home/utilisateur/slam/install/robot_navigation/lib/python3.10/site-packages: /usr/bin/python3 -W ignore:setup.py install is deprecated -W ignore:easy_install command is deprecated setup.py egg_info --egg-base ../../../build/robot_navigation build --build-base /home/utilisateur/slam/build/robot_navigation/build install --record /home/utilisateur/slam/build/robot_navigation/install.log --single-version-externally-managed install_data
[1.004s] running egg_info
[1.005s] writing ../../../build/robot_navigation/robot_navigation.egg-info/PKG-INFO
[1.005s] writing dependency_links to ../../../build/robot_navigation/robot_navigation.egg-info/dependency_links.txt
[1.005s] writing entry points to ../../../build/robot_navigation/robot_navigation.egg-info/entry_points.txt
[1.005s] writing requirements to ../../../build/robot_navigation/robot_navigation.egg-info/requires.txt
[1.006s] writing top-level names to ../../../build/robot_navigation/robot_navigation.egg-info/top_level.txt
[1.008s] reading manifest file '../../../build/robot_navigation/robot_navigation.egg-info/SOURCES.txt'
[1.009s] writing manifest file '../../../build/robot_navigation/robot_navigation.egg-info/SOURCES.txt'
[1.010s] running build
[1.010s] running build_py
[1.011s] running install
[1.011s] running install_lib
[1.013s] running install_data
[1.014s] running install_egg_info
[1.017s] removing '/home/utilisateur/slam/install/robot_navigation/lib/python3.10/site-packages/robot_navigation-0.0.0-py3.10.egg-info' (and everything under it)
[1.017s] Copying ../../../build/robot_navigation/robot_navigation.egg-info to /home/utilisateur/slam/install/robot_navigation/lib/python3.10/site-packages/robot_navigation-0.0.0-py3.10.egg-info
[1.018s] running install_scripts
[1.052s] writing list of installed files to '/home/utilisateur/slam/build/robot_navigation/install.log'
[1.078s] Invoked command in '/home/utilisateur/slam/test/src/robot_navigation' returned '0': PYTHONPATH=/home/utilisateur/slam/build/robot_navigation/prefix_override:/usr/lib/python3/dist-packages/colcon_core/task/python/colcon_distutils_commands:/home/utilisateur/slam/install/robot_navigation/lib/python3.10/site-packages: /usr/bin/python3 -W ignore:setup.py install is deprecated -W ignore:easy_install command is deprecated setup.py egg_info --egg-base ../../../build/robot_navigation build --build-base /home/utilisateur/slam/build/robot_navigation/build install --record /home/utilisateur/slam/build/robot_navigation/install.log --single-version-externally-managed install_data
