[0.878s] Invoking command in '/home/utilisateur/slam/test/src/robot_navigation': PYTHONPATH=/home/utilisateur/slam/build/robot_navigation/prefix_override:/usr/lib/python3/dist-packages/colcon_core/task/python/colcon_distutils_commands:/home/utilisateur/slam/install/robot_navigation/lib/python3.10/site-packages:${PYTHONPATH} /usr/bin/python3 -W ignore:setup.py install is deprecated -W ignore:easy_install command is deprecated setup.py egg_info --egg-base ../../../build/robot_navigation build --build-base /home/utilisateur/slam/build/robot_navigation/build install --record /home/utilisateur/slam/build/robot_navigation/install.log --single-version-externally-managed install_data
[1.215s] running egg_info
[1.216s] writing ../../../build/robot_navigation/robot_navigation.egg-info/PKG-INFO
[1.216s] writing dependency_links to ../../../build/robot_navigation/robot_navigation.egg-info/dependency_links.txt
[1.216s] writing entry points to ../../../build/robot_navigation/robot_navigation.egg-info/entry_points.txt
[1.216s] writing requirements to ../../../build/robot_navigation/robot_navigation.egg-info/requires.txt
[1.216s] writing top-level names to ../../../build/robot_navigation/robot_navigation.egg-info/top_level.txt
[1.220s] reading manifest file '../../../build/robot_navigation/robot_navigation.egg-info/SOURCES.txt'
[1.221s] writing manifest file '../../../build/robot_navigation/robot_navigation.egg-info/SOURCES.txt'
[1.222s] running build
[1.222s] running build_py
[1.222s] running install
[1.222s] running install_lib
[1.224s] running install_data
[1.224s] running install_egg_info
[1.226s] removing '/home/utilisateur/slam/install/robot_navigation/lib/python3.10/site-packages/robot_navigation-0.0.0-py3.10.egg-info' (and everything under it)
[1.226s] Copying ../../../build/robot_navigation/robot_navigation.egg-info to /home/utilisateur/slam/install/robot_navigation/lib/python3.10/site-packages/robot_navigation-0.0.0-py3.10.egg-info
[1.228s] running install_scripts
[1.255s] writing list of installed files to '/home/utilisateur/slam/build/robot_navigation/install.log'
[1.287s] Invoked command in '/home/utilisateur/slam/test/src/robot_navigation' returned '0': PYTHONPATH=/home/utilisateur/slam/build/robot_navigation/prefix_override:/usr/lib/python3/dist-packages/colcon_core/task/python/colcon_distutils_commands:/home/utilisateur/slam/install/robot_navigation/lib/python3.10/site-packages:${PYTHONPATH} /usr/bin/python3 -W ignore:setup.py install is deprecated -W ignore:easy_install command is deprecated setup.py egg_info --egg-base ../../../build/robot_navigation build --build-base /home/utilisateur/slam/build/robot_navigation/build install --record /home/utilisateur/slam/build/robot_navigation/install.log --single-version-externally-managed install_data
