[0.149s] DEBUG:colcon:Command line arguments: ['/usr/bin/colcon', 'build']
[0.149s] DEBUG:colcon:Parsed command line arguments: Namespace(log_base=None, log_level=None, verb_name='build', build_base='build', install_base='install', merge_install=False, symlink_install=False, test_result_base=None, continue_on_error=False, executor='parallel', parallel_workers=4, event_handlers=None, ignore_user_meta=False, metas=['./colcon.meta'], base_paths=['.'], packages_ignore=None, packages_ignore_regex=None, paths=None, packages_up_to=None, packages_up_to_regex=None, packages_above=None, packages_above_and_dependencies=None, packages_above_depth=None, packages_select_by_dep=None, packages_skip_by_dep=None, packages_skip_up_to=None, packages_select_build_failed=False, packages_skip_build_finished=False, packages_select_test_failures=False, packages_skip_test_passed=False, packages_select=None, packages_skip=None, packages_select_regex=None, packages_skip_regex=None, packages_start=None, packages_end=None, allow_overriding=[], cmake_args=None, cmake_target=None, cmake_target_skip_unavailable=False, cmake_clean_cache=False, cmake_clean_first=False, cmake_force_configure=False, ament_cmake_args=None, catkin_cmake_args=None, catkin_skip_building_tests=False, mixin_files=None, mixin=None, verb_parser=<colcon_mixin.mixin.mixin_argument.MixinArgumentDecorator object at 0x7e6f78f61ea0>, verb_extension=<colcon_core.verb.build.BuildVerb object at 0x7e6f78f619c0>, main=<bound method BuildVerb.main of <colcon_core.verb.build.BuildVerb object at 0x7e6f78f619c0>>, mixin_verb=('build',))
[0.379s] Level 1:colcon.colcon_core.package_discovery:discover_packages(colcon_meta) check parameters
[0.379s] Level 1:colcon.colcon_core.package_discovery:discover_packages(recursive) check parameters
[0.379s] Level 1:colcon.colcon_core.package_discovery:discover_packages(ignore) check parameters
[0.379s] Level 1:colcon.colcon_core.package_discovery:discover_packages(path) check parameters
[0.379s] Level 1:colcon.colcon_core.package_discovery:discover_packages(colcon_meta) discover
[0.379s] Level 1:colcon.colcon_core.package_discovery:discover_packages(recursive) discover
[0.379s] INFO:colcon.colcon_core.package_discovery:Crawling recursively for packages in '/home/utilisateur/slam'
[0.379s] Level 1:colcon.colcon_core.package_identification:_identify(.) by extensions ['ignore', 'ignore_ament_install']
[0.379s] Level 1:colcon.colcon_core.package_identification:_identify(.) by extension 'ignore'
[0.379s] Level 1:colcon.colcon_core.package_identification:_identify(.) by extension 'ignore_ament_install'
[0.380s] Level 1:colcon.colcon_core.package_identification:_identify(.) by extensions ['colcon_pkg']
[0.380s] Level 1:colcon.colcon_core.package_identification:_identify(.) by extension 'colcon_pkg'
[0.380s] Level 1:colcon.colcon_core.package_identification:_identify(.) by extensions ['colcon_meta']
[0.380s] Level 1:colcon.colcon_core.package_identification:_identify(.) by extension 'colcon_meta'
[0.380s] Level 1:colcon.colcon_core.package_identification:_identify(.) by extensions ['ros']
[0.380s] Level 1:colcon.colcon_core.package_identification:_identify(.) by extension 'ros'
[0.394s] Level 1:colcon.colcon_core.package_identification:_identify(.) by extensions ['cmake', 'python']
[0.394s] Level 1:colcon.colcon_core.package_identification:_identify(.) by extension 'cmake'
[0.394s] Level 1:colcon.colcon_core.package_identification:_identify(.) by extension 'python'
[0.394s] Level 1:colcon.colcon_core.package_identification:_identify(.) by extensions ['python_setup_py']
[0.394s] Level 1:colcon.colcon_core.package_identification:_identify(.) by extension 'python_setup_py'
[0.394s] Level 1:colcon.colcon_core.package_identification:_identify(build) by extensions ['ignore', 'ignore_ament_install']
[0.394s] Level 1:colcon.colcon_core.package_identification:_identify(build) by extension 'ignore'
[0.394s] Level 1:colcon.colcon_core.package_identification:_identify(build) ignored
[0.395s] Level 1:colcon.colcon_core.package_identification:_identify(install) by extensions ['ignore', 'ignore_ament_install']
[0.395s] Level 1:colcon.colcon_core.package_identification:_identify(install) by extension 'ignore'
[0.395s] Level 1:colcon.colcon_core.package_identification:_identify(install) ignored
[0.395s] Level 1:colcon.colcon_core.package_identification:_identify(log) by extensions ['ignore', 'ignore_ament_install']
[0.395s] Level 1:colcon.colcon_core.package_identification:_identify(log) by extension 'ignore'
[0.395s] Level 1:colcon.colcon_core.package_identification:_identify(log) ignored
[0.395s] Level 1:colcon.colcon_core.package_identification:_identify(test) by extensions ['ignore', 'ignore_ament_install']
[0.395s] Level 1:colcon.colcon_core.package_identification:_identify(test) by extension 'ignore'
[0.396s] Level 1:colcon.colcon_core.package_identification:_identify(test) by extension 'ignore_ament_install'
[0.396s] Level 1:colcon.colcon_core.package_identification:_identify(test) by extensions ['colcon_pkg']
[0.396s] Level 1:colcon.colcon_core.package_identification:_identify(test) by extension 'colcon_pkg'
[0.396s] Level 1:colcon.colcon_core.package_identification:_identify(test) by extensions ['colcon_meta']
[0.396s] Level 1:colcon.colcon_core.package_identification:_identify(test) by extension 'colcon_meta'
[0.396s] Level 1:colcon.colcon_core.package_identification:_identify(test) by extensions ['ros']
[0.396s] Level 1:colcon.colcon_core.package_identification:_identify(test) by extension 'ros'
[0.396s] Level 1:colcon.colcon_core.package_identification:_identify(test) by extensions ['cmake', 'python']
[0.396s] Level 1:colcon.colcon_core.package_identification:_identify(test) by extension 'cmake'
[0.396s] Level 1:colcon.colcon_core.package_identification:_identify(test) by extension 'python'
[0.396s] Level 1:colcon.colcon_core.package_identification:_identify(test) by extensions ['python_setup_py']
[0.396s] Level 1:colcon.colcon_core.package_identification:_identify(test) by extension 'python_setup_py'
[0.396s] Level 1:colcon.colcon_core.package_identification:_identify(test/build) by extensions ['ignore', 'ignore_ament_install']
[0.396s] Level 1:colcon.colcon_core.package_identification:_identify(test/build) by extension 'ignore'
[0.396s] Level 1:colcon.colcon_core.package_identification:_identify(test/build) ignored
[0.397s] Level 1:colcon.colcon_core.package_identification:_identify(test/install) by extensions ['ignore', 'ignore_ament_install']
[0.397s] Level 1:colcon.colcon_core.package_identification:_identify(test/install) by extension 'ignore'
[0.397s] Level 1:colcon.colcon_core.package_identification:_identify(test/install) ignored
[0.397s] Level 1:colcon.colcon_core.package_identification:_identify(test/log) by extensions ['ignore', 'ignore_ament_install']
[0.397s] Level 1:colcon.colcon_core.package_identification:_identify(test/log) by extension 'ignore'
[0.397s] Level 1:colcon.colcon_core.package_identification:_identify(test/log) ignored
[0.397s] Level 1:colcon.colcon_core.package_identification:_identify(test/maps) by extensions ['ignore', 'ignore_ament_install']
[0.397s] Level 1:colcon.colcon_core.package_identification:_identify(test/maps) by extension 'ignore'
[0.397s] Level 1:colcon.colcon_core.package_identification:_identify(test/maps) by extension 'ignore_ament_install'
[0.398s] Level 1:colcon.colcon_core.package_identification:_identify(test/maps) by extensions ['colcon_pkg']
[0.398s] Level 1:colcon.colcon_core.package_identification:_identify(test/maps) by extension 'colcon_pkg'
[0.398s] Level 1:colcon.colcon_core.package_identification:_identify(test/maps) by extensions ['colcon_meta']
[0.398s] Level 1:colcon.colcon_core.package_identification:_identify(test/maps) by extension 'colcon_meta'
[0.398s] Level 1:colcon.colcon_core.package_identification:_identify(test/maps) by extensions ['ros']
[0.398s] Level 1:colcon.colcon_core.package_identification:_identify(test/maps) by extension 'ros'
[0.398s] Level 1:colcon.colcon_core.package_identification:_identify(test/maps) by extensions ['cmake', 'python']
[0.398s] Level 1:colcon.colcon_core.package_identification:_identify(test/maps) by extension 'cmake'
[0.398s] Level 1:colcon.colcon_core.package_identification:_identify(test/maps) by extension 'python'
[0.398s] Level 1:colcon.colcon_core.package_identification:_identify(test/maps) by extensions ['python_setup_py']
[0.398s] Level 1:colcon.colcon_core.package_identification:_identify(test/maps) by extension 'python_setup_py'
[0.398s] Level 1:colcon.colcon_core.package_identification:_identify(test/src) by extensions ['ignore', 'ignore_ament_install']
[0.398s] Level 1:colcon.colcon_core.package_identification:_identify(test/src) by extension 'ignore'
[0.398s] Level 1:colcon.colcon_core.package_identification:_identify(test/src) by extension 'ignore_ament_install'
[0.398s] Level 1:colcon.colcon_core.package_identification:_identify(test/src) by extensions ['colcon_pkg']
[0.398s] Level 1:colcon.colcon_core.package_identification:_identify(test/src) by extension 'colcon_pkg'
[0.399s] Level 1:colcon.colcon_core.package_identification:_identify(test/src) by extensions ['colcon_meta']
[0.399s] Level 1:colcon.colcon_core.package_identification:_identify(test/src) by extension 'colcon_meta'
[0.399s] Level 1:colcon.colcon_core.package_identification:_identify(test/src) by extensions ['ros']
[0.399s] Level 1:colcon.colcon_core.package_identification:_identify(test/src) by extension 'ros'
[0.399s] Level 1:colcon.colcon_core.package_identification:_identify(test/src) by extensions ['cmake', 'python']
[0.399s] Level 1:colcon.colcon_core.package_identification:_identify(test/src) by extension 'cmake'
[0.399s] Level 1:colcon.colcon_core.package_identification:_identify(test/src) by extension 'python'
[0.399s] Level 1:colcon.colcon_core.package_identification:_identify(test/src) by extensions ['python_setup_py']
[0.399s] Level 1:colcon.colcon_core.package_identification:_identify(test/src) by extension 'python_setup_py'
[0.399s] Level 1:colcon.colcon_core.package_identification:_identify(test/src/robot_description) by extensions ['ignore', 'ignore_ament_install']
[0.399s] Level 1:colcon.colcon_core.package_identification:_identify(test/src/robot_description) by extension 'ignore'
[0.399s] Level 1:colcon.colcon_core.package_identification:_identify(test/src/robot_description) by extension 'ignore_ament_install'
[0.399s] Level 1:colcon.colcon_core.package_identification:_identify(test/src/robot_description) by extensions ['colcon_pkg']
[0.399s] Level 1:colcon.colcon_core.package_identification:_identify(test/src/robot_description) by extension 'colcon_pkg'
[0.399s] Level 1:colcon.colcon_core.package_identification:_identify(test/src/robot_description) by extensions ['colcon_meta']
[0.399s] Level 1:colcon.colcon_core.package_identification:_identify(test/src/robot_description) by extension 'colcon_meta'
[0.400s] Level 1:colcon.colcon_core.package_identification:_identify(test/src/robot_description) by extensions ['ros']
[0.400s] Level 1:colcon.colcon_core.package_identification:_identify(test/src/robot_description) by extension 'ros'
[0.403s] DEBUG:colcon.colcon_core.package_identification:Package 'test/src/robot_description' with type 'ros.ament_cmake' and name 'robot_description'
[0.403s] Level 1:colcon.colcon_core.package_identification:_identify(test/src/robot_navigation) by extensions ['ignore', 'ignore_ament_install']
[0.403s] Level 1:colcon.colcon_core.package_identification:_identify(test/src/robot_navigation) by extension 'ignore'
[0.403s] Level 1:colcon.colcon_core.package_identification:_identify(test/src/robot_navigation) by extension 'ignore_ament_install'
[0.403s] Level 1:colcon.colcon_core.package_identification:_identify(test/src/robot_navigation) by extensions ['colcon_pkg']
[0.403s] Level 1:colcon.colcon_core.package_identification:_identify(test/src/robot_navigation) by extension 'colcon_pkg'
[0.404s] Level 1:colcon.colcon_core.package_identification:_identify(test/src/robot_navigation) by extensions ['colcon_meta']
[0.404s] Level 1:colcon.colcon_core.package_identification:_identify(test/src/robot_navigation) by extension 'colcon_meta'
[0.404s] Level 1:colcon.colcon_core.package_identification:_identify(test/src/robot_navigation) by extensions ['ros']
[0.404s] Level 1:colcon.colcon_core.package_identification:_identify(test/src/robot_navigation) by extension 'ros'
[0.404s] DEBUG:colcon.colcon_core.package_identification:Package 'test/src/robot_navigation' with type 'ros.ament_python' and name 'robot_navigation'
[0.404s] Level 1:colcon.colcon_core.package_identification:_identify(test/src/robot_navigation2) by extensions ['ignore', 'ignore_ament_install']
[0.405s] Level 1:colcon.colcon_core.package_identification:_identify(test/src/robot_navigation2) by extension 'ignore'
[0.405s] Level 1:colcon.colcon_core.package_identification:_identify(test/src/robot_navigation2) by extension 'ignore_ament_install'
[0.405s] Level 1:colcon.colcon_core.package_identification:_identify(test/src/robot_navigation2) by extensions ['colcon_pkg']
[0.405s] Level 1:colcon.colcon_core.package_identification:_identify(test/src/robot_navigation2) by extension 'colcon_pkg'
[0.405s] Level 1:colcon.colcon_core.package_identification:_identify(test/src/robot_navigation2) by extensions ['colcon_meta']
[0.405s] Level 1:colcon.colcon_core.package_identification:_identify(test/src/robot_navigation2) by extension 'colcon_meta'
[0.405s] Level 1:colcon.colcon_core.package_identification:_identify(test/src/robot_navigation2) by extensions ['ros']
[0.405s] Level 1:colcon.colcon_core.package_identification:_identify(test/src/robot_navigation2) by extension 'ros'
[0.406s] DEBUG:colcon.colcon_core.package_identification:Package 'test/src/robot_navigation2' with type 'ros.ament_cmake' and name 'robot_navigation2'
[0.406s] Level 1:colcon.colcon_core.package_identification:_identify(test/src/robot_simulation) by extensions ['ignore', 'ignore_ament_install']
[0.406s] Level 1:colcon.colcon_core.package_identification:_identify(test/src/robot_simulation) by extension 'ignore'
[0.406s] Level 1:colcon.colcon_core.package_identification:_identify(test/src/robot_simulation) by extension 'ignore_ament_install'
[0.406s] Level 1:colcon.colcon_core.package_identification:_identify(test/src/robot_simulation) by extensions ['colcon_pkg']
[0.406s] Level 1:colcon.colcon_core.package_identification:_identify(test/src/robot_simulation) by extension 'colcon_pkg'
[0.406s] Level 1:colcon.colcon_core.package_identification:_identify(test/src/robot_simulation) by extensions ['colcon_meta']
[0.406s] Level 1:colcon.colcon_core.package_identification:_identify(test/src/robot_simulation) by extension 'colcon_meta'
[0.407s] Level 1:colcon.colcon_core.package_identification:_identify(test/src/robot_simulation) by extensions ['ros']
[0.407s] Level 1:colcon.colcon_core.package_identification:_identify(test/src/robot_simulation) by extension 'ros'
[0.408s] DEBUG:colcon.colcon_core.package_identification:Package 'test/src/robot_simulation' with type 'ros.ament_cmake' and name 'robot_simulation'
[0.408s] Level 1:colcon.colcon_core.package_discovery:discover_packages(recursive) using defaults
[0.408s] Level 1:colcon.colcon_core.package_discovery:discover_packages(ignore) discover
[0.408s] Level 1:colcon.colcon_core.package_discovery:discover_packages(ignore) using defaults
[0.408s] Level 1:colcon.colcon_core.package_discovery:discover_packages(path) discover
[0.408s] Level 1:colcon.colcon_core.package_discovery:discover_packages(path) using defaults
[0.446s] Level 1:colcon.colcon_core.package_discovery:discover_packages(prefix_path) check parameters
[0.446s] Level 1:colcon.colcon_core.package_discovery:discover_packages(prefix_path) discover
[0.448s] DEBUG:colcon.colcon_installed_package_information.package_discovery:Found 5 installed packages in /home/utilisateur/slam/install
[0.450s] DEBUG:colcon.colcon_installed_package_information.package_discovery:Found 344 installed packages in /opt/ros/humble
[0.452s] Level 1:colcon.colcon_core.package_discovery:discover_packages(prefix_path) using defaults
[0.510s] Level 5:colcon.colcon_core.verb:set package 'robot_description' build argument 'cmake_args' from command line to 'None'
[0.510s] Level 5:colcon.colcon_core.verb:set package 'robot_description' build argument 'cmake_target' from command line to 'None'
[0.510s] Level 5:colcon.colcon_core.verb:set package 'robot_description' build argument 'cmake_target_skip_unavailable' from command line to 'False'
[0.510s] Level 5:colcon.colcon_core.verb:set package 'robot_description' build argument 'cmake_clean_cache' from command line to 'False'
[0.510s] Level 5:colcon.colcon_core.verb:set package 'robot_description' build argument 'cmake_clean_first' from command line to 'False'
[0.510s] Level 5:colcon.colcon_core.verb:set package 'robot_description' build argument 'cmake_force_configure' from command line to 'False'
[0.510s] Level 5:colcon.colcon_core.verb:set package 'robot_description' build argument 'ament_cmake_args' from command line to 'None'
[0.510s] Level 5:colcon.colcon_core.verb:set package 'robot_description' build argument 'catkin_cmake_args' from command line to 'None'
[0.510s] Level 5:colcon.colcon_core.verb:set package 'robot_description' build argument 'catkin_skip_building_tests' from command line to 'False'
[0.510s] DEBUG:colcon.colcon_core.verb:Building package 'robot_description' with the following arguments: {'ament_cmake_args': None, 'build_base': '/home/utilisateur/slam/build/robot_description', 'catkin_cmake_args': None, 'catkin_skip_building_tests': False, 'cmake_args': None, 'cmake_clean_cache': False, 'cmake_clean_first': False, 'cmake_force_configure': False, 'cmake_target': None, 'cmake_target_skip_unavailable': False, 'install_base': '/home/utilisateur/slam/install/robot_description', 'merge_install': False, 'path': '/home/utilisateur/slam/test/src/robot_description', 'symlink_install': False, 'test_result_base': None}
[0.511s] Level 5:colcon.colcon_core.verb:set package 'robot_navigation' build argument 'cmake_args' from command line to 'None'
[0.511s] Level 5:colcon.colcon_core.verb:set package 'robot_navigation' build argument 'cmake_target' from command line to 'None'
[0.511s] Level 5:colcon.colcon_core.verb:set package 'robot_navigation' build argument 'cmake_target_skip_unavailable' from command line to 'False'
[0.511s] Level 5:colcon.colcon_core.verb:set package 'robot_navigation' build argument 'cmake_clean_cache' from command line to 'False'
[0.511s] Level 5:colcon.colcon_core.verb:set package 'robot_navigation' build argument 'cmake_clean_first' from command line to 'False'
[0.511s] Level 5:colcon.colcon_core.verb:set package 'robot_navigation' build argument 'cmake_force_configure' from command line to 'False'
[0.511s] Level 5:colcon.colcon_core.verb:set package 'robot_navigation' build argument 'ament_cmake_args' from command line to 'None'
[0.511s] Level 5:colcon.colcon_core.verb:set package 'robot_navigation' build argument 'catkin_cmake_args' from command line to 'None'
[0.511s] Level 5:colcon.colcon_core.verb:set package 'robot_navigation' build argument 'catkin_skip_building_tests' from command line to 'False'
[0.511s] DEBUG:colcon.colcon_core.verb:Building package 'robot_navigation' with the following arguments: {'ament_cmake_args': None, 'build_base': '/home/utilisateur/slam/build/robot_navigation', 'catkin_cmake_args': None, 'catkin_skip_building_tests': False, 'cmake_args': None, 'cmake_clean_cache': False, 'cmake_clean_first': False, 'cmake_force_configure': False, 'cmake_target': None, 'cmake_target_skip_unavailable': False, 'install_base': '/home/utilisateur/slam/install/robot_navigation', 'merge_install': False, 'path': '/home/utilisateur/slam/test/src/robot_navigation', 'symlink_install': False, 'test_result_base': None}
[0.512s] Level 5:colcon.colcon_core.verb:set package 'robot_simulation' build argument 'cmake_args' from command line to 'None'
[0.512s] Level 5:colcon.colcon_core.verb:set package 'robot_simulation' build argument 'cmake_target' from command line to 'None'
[0.512s] Level 5:colcon.colcon_core.verb:set package 'robot_simulation' build argument 'cmake_target_skip_unavailable' from command line to 'False'
[0.512s] Level 5:colcon.colcon_core.verb:set package 'robot_simulation' build argument 'cmake_clean_cache' from command line to 'False'
[0.512s] Level 5:colcon.colcon_core.verb:set package 'robot_simulation' build argument 'cmake_clean_first' from command line to 'False'
[0.512s] Level 5:colcon.colcon_core.verb:set package 'robot_simulation' build argument 'cmake_force_configure' from command line to 'False'
[0.512s] Level 5:colcon.colcon_core.verb:set package 'robot_simulation' build argument 'ament_cmake_args' from command line to 'None'
[0.512s] Level 5:colcon.colcon_core.verb:set package 'robot_simulation' build argument 'catkin_cmake_args' from command line to 'None'
[0.512s] Level 5:colcon.colcon_core.verb:set package 'robot_simulation' build argument 'catkin_skip_building_tests' from command line to 'False'
[0.512s] DEBUG:colcon.colcon_core.verb:Building package 'robot_simulation' with the following arguments: {'ament_cmake_args': None, 'build_base': '/home/utilisateur/slam/build/robot_simulation', 'catkin_cmake_args': None, 'catkin_skip_building_tests': False, 'cmake_args': None, 'cmake_clean_cache': False, 'cmake_clean_first': False, 'cmake_force_configure': False, 'cmake_target': None, 'cmake_target_skip_unavailable': False, 'install_base': '/home/utilisateur/slam/install/robot_simulation', 'merge_install': False, 'path': '/home/utilisateur/slam/test/src/robot_simulation', 'symlink_install': False, 'test_result_base': None}
[0.513s] Level 5:colcon.colcon_core.verb:set package 'robot_navigation2' build argument 'cmake_args' from command line to 'None'
[0.513s] Level 5:colcon.colcon_core.verb:set package 'robot_navigation2' build argument 'cmake_target' from command line to 'None'
[0.513s] Level 5:colcon.colcon_core.verb:set package 'robot_navigation2' build argument 'cmake_target_skip_unavailable' from command line to 'False'
[0.513s] Level 5:colcon.colcon_core.verb:set package 'robot_navigation2' build argument 'cmake_clean_cache' from command line to 'False'
[0.513s] Level 5:colcon.colcon_core.verb:set package 'robot_navigation2' build argument 'cmake_clean_first' from command line to 'False'
[0.513s] Level 5:colcon.colcon_core.verb:set package 'robot_navigation2' build argument 'cmake_force_configure' from command line to 'False'
[0.513s] Level 5:colcon.colcon_core.verb:set package 'robot_navigation2' build argument 'ament_cmake_args' from command line to 'None'
[0.513s] Level 5:colcon.colcon_core.verb:set package 'robot_navigation2' build argument 'catkin_cmake_args' from command line to 'None'
[0.513s] Level 5:colcon.colcon_core.verb:set package 'robot_navigation2' build argument 'catkin_skip_building_tests' from command line to 'False'
[0.513s] DEBUG:colcon.colcon_core.verb:Building package 'robot_navigation2' with the following arguments: {'ament_cmake_args': None, 'build_base': '/home/utilisateur/slam/build/robot_navigation2', 'catkin_cmake_args': None, 'catkin_skip_building_tests': False, 'cmake_args': None, 'cmake_clean_cache': False, 'cmake_clean_first': False, 'cmake_force_configure': False, 'cmake_target': None, 'cmake_target_skip_unavailable': False, 'install_base': '/home/utilisateur/slam/install/robot_navigation2', 'merge_install': False, 'path': '/home/utilisateur/slam/test/src/robot_navigation2', 'symlink_install': False, 'test_result_base': None}
[0.513s] INFO:colcon.colcon_core.executor:Executing jobs using 'parallel' executor
[0.514s] DEBUG:colcon.colcon_parallel_executor.executor.parallel:run_until_complete
[0.514s] INFO:colcon.colcon_ros.task.ament_cmake.build:Building ROS package in '/home/utilisateur/slam/test/src/robot_description' with build type 'ament_cmake'
[0.515s] INFO:colcon.colcon_cmake.task.cmake.build:Building CMake package in '/home/utilisateur/slam/test/src/robot_description'
[0.517s] INFO:colcon.colcon_core.plugin_system:Skipping extension 'colcon_core.shell.bat': Not used on non-Windows systems
[0.518s] INFO:colcon.colcon_core.shell:Skip shell extension 'powershell' for command environment: Not usable outside of PowerShell
[0.518s] DEBUG:colcon.colcon_core.shell:Skip shell extension 'dsv' for command environment
[0.522s] INFO:colcon.colcon_ros.task.ament_python.build:Building ROS package in '/home/utilisateur/slam/test/src/robot_navigation' with build type 'ament_python'
[0.522s] Level 1:colcon.colcon_core.shell:create_environment_hook('robot_navigation', 'ament_prefix_path')
[0.523s] INFO:colcon.colcon_core.shell:Creating environment hook '/home/utilisateur/slam/install/robot_navigation/share/robot_navigation/hook/ament_prefix_path.ps1'
[0.524s] INFO:colcon.colcon_core.shell:Creating environment descriptor '/home/utilisateur/slam/install/robot_navigation/share/robot_navigation/hook/ament_prefix_path.dsv'
[0.524s] INFO:colcon.colcon_core.shell:Creating environment hook '/home/utilisateur/slam/install/robot_navigation/share/robot_navigation/hook/ament_prefix_path.sh'
[0.525s] INFO:colcon.colcon_core.shell:Skip shell extension 'powershell' for command environment: Not usable outside of PowerShell
[0.525s] DEBUG:colcon.colcon_core.shell:Skip shell extension 'dsv' for command environment
[0.535s] DEBUG:colcon.colcon_core.event_handler.log_command:Invoking command in '/home/utilisateur/slam/build/robot_description': CMAKE_PREFIX_PATH=${CMAKE_PREFIX_PATH}:/opt/ros/humble /usr/bin/cmake --build /home/utilisateur/slam/build/robot_description -- -j4 -l4
[0.905s] INFO:colcon.colcon_core.task.python.build:Building Python package in '/home/utilisateur/slam/test/src/robot_navigation'
[0.906s] INFO:colcon.colcon_core.shell:Skip shell extension 'powershell' for command environment: Not usable outside of PowerShell
[0.906s] DEBUG:colcon.colcon_core.shell:Skip shell extension 'dsv' for command environment
[0.922s] DEBUG:colcon.colcon_core.event_handler.log_command:Invoked command in '/home/utilisateur/slam/build/robot_description' returned '0': CMAKE_PREFIX_PATH=${CMAKE_PREFIX_PATH}:/opt/ros/humble /usr/bin/cmake --build /home/utilisateur/slam/build/robot_description -- -j4 -l4
[0.934s] DEBUG:colcon.colcon_core.event_handler.log_command:Invoking command in '/home/utilisateur/slam/build/robot_description': CMAKE_PREFIX_PATH=${CMAKE_PREFIX_PATH}:/opt/ros/humble /usr/bin/cmake --install /home/utilisateur/slam/build/robot_description
[0.957s] Level 1:colcon.colcon_core.environment:create_environment_scripts_only(robot_description)
[0.964s] DEBUG:colcon.colcon_core.event_handler.log_command:Invoked command in '/home/utilisateur/slam/build/robot_description' returned '0': CMAKE_PREFIX_PATH=${CMAKE_PREFIX_PATH}:/opt/ros/humble /usr/bin/cmake --install /home/utilisateur/slam/build/robot_description
[0.967s] Level 1:colcon.colcon_core.environment:checking '/home/utilisateur/slam/install/robot_description' for CMake module files
[0.969s] Level 1:colcon.colcon_core.environment:checking '/home/utilisateur/slam/install/robot_description' for CMake config files
[0.969s] Level 1:colcon.colcon_core.shell:create_environment_hook('robot_description', 'cmake_prefix_path')
[0.971s] INFO:colcon.colcon_core.shell:Creating environment hook '/home/utilisateur/slam/install/robot_description/share/robot_description/hook/cmake_prefix_path.ps1'
[0.972s] INFO:colcon.colcon_core.shell:Creating environment descriptor '/home/utilisateur/slam/install/robot_description/share/robot_description/hook/cmake_prefix_path.dsv'
[0.974s] INFO:colcon.colcon_core.shell:Creating environment hook '/home/utilisateur/slam/install/robot_description/share/robot_description/hook/cmake_prefix_path.sh'
[0.978s] Level 1:colcon.colcon_core.environment:checking '/home/utilisateur/slam/install/robot_description/bin'
[0.978s] Level 1:colcon.colcon_core.environment:checking '/home/utilisateur/slam/install/robot_description/lib/pkgconfig/robot_description.pc'
[0.978s] Level 1:colcon.colcon_core.environment:checking '/home/utilisateur/slam/install/robot_description/lib/python3.10/site-packages'
[0.979s] Level 1:colcon.colcon_core.environment:checking '/home/utilisateur/slam/install/robot_description/bin'
[0.981s] INFO:colcon.colcon_core.shell:Creating package script '/home/utilisateur/slam/install/robot_description/share/robot_description/package.ps1'
[0.983s] INFO:colcon.colcon_core.shell:Creating package descriptor '/home/utilisateur/slam/install/robot_description/share/robot_description/package.dsv'
[0.984s] INFO:colcon.colcon_core.shell:Creating package script '/home/utilisateur/slam/install/robot_description/share/robot_description/package.sh'
[0.987s] INFO:colcon.colcon_core.shell:Creating package script '/home/utilisateur/slam/install/robot_description/share/robot_description/package.bash'
[0.988s] INFO:colcon.colcon_core.shell:Creating package script '/home/utilisateur/slam/install/robot_description/share/robot_description/package.zsh'
[0.992s] Level 1:colcon.colcon_core.environment:create_file_with_runtime_dependencies(/home/utilisateur/slam/install/robot_description/share/colcon-core/packages/robot_description)
[0.994s] Level 1:colcon.colcon_core.environment:create_environment_scripts_only(robot_description)
[0.996s] Level 1:colcon.colcon_core.environment:checking '/home/utilisateur/slam/install/robot_description' for CMake module files
[0.997s] Level 1:colcon.colcon_core.environment:checking '/home/utilisateur/slam/install/robot_description' for CMake config files
[0.997s] Level 1:colcon.colcon_core.shell:create_environment_hook('robot_description', 'cmake_prefix_path')
[0.998s] INFO:colcon.colcon_core.shell:Creating environment hook '/home/utilisateur/slam/install/robot_description/share/robot_description/hook/cmake_prefix_path.ps1'
[0.999s] INFO:colcon.colcon_core.shell:Creating environment descriptor '/home/utilisateur/slam/install/robot_description/share/robot_description/hook/cmake_prefix_path.dsv'
[0.999s] INFO:colcon.colcon_core.shell:Creating environment hook '/home/utilisateur/slam/install/robot_description/share/robot_description/hook/cmake_prefix_path.sh'
[1.000s] Level 1:colcon.colcon_core.environment:checking '/home/utilisateur/slam/install/robot_description/bin'
[1.000s] Level 1:colcon.colcon_core.environment:checking '/home/utilisateur/slam/install/robot_description/lib/pkgconfig/robot_description.pc'
[1.001s] Level 1:colcon.colcon_core.environment:checking '/home/utilisateur/slam/install/robot_description/lib/python3.10/site-packages'
[1.001s] Level 1:colcon.colcon_core.environment:checking '/home/utilisateur/slam/install/robot_description/bin'
[1.002s] INFO:colcon.colcon_core.shell:Creating package script '/home/utilisateur/slam/install/robot_description/share/robot_description/package.ps1'
[1.003s] INFO:colcon.colcon_core.shell:Creating package descriptor '/home/utilisateur/slam/install/robot_description/share/robot_description/package.dsv'
[1.003s] INFO:colcon.colcon_core.shell:Creating package script '/home/utilisateur/slam/install/robot_description/share/robot_description/package.sh'
[1.004s] INFO:colcon.colcon_core.shell:Creating package script '/home/utilisateur/slam/install/robot_description/share/robot_description/package.bash'
[1.005s] INFO:colcon.colcon_core.shell:Creating package script '/home/utilisateur/slam/install/robot_description/share/robot_description/package.zsh'
[1.006s] Level 1:colcon.colcon_core.environment:create_file_with_runtime_dependencies(/home/utilisateur/slam/install/robot_description/share/colcon-core/packages/robot_description)
[1.007s] INFO:colcon.colcon_ros.task.ament_cmake.build:Building ROS package in '/home/utilisateur/slam/test/src/robot_simulation' with build type 'ament_cmake'
[1.007s] INFO:colcon.colcon_cmake.task.cmake.build:Building CMake package in '/home/utilisateur/slam/test/src/robot_simulation'
[1.008s] INFO:colcon.colcon_core.shell:Skip shell extension 'powershell' for command environment: Not usable outside of PowerShell
[1.008s] DEBUG:colcon.colcon_core.shell:Skip shell extension 'dsv' for command environment
[1.025s] DEBUG:colcon.colcon_core.event_handler.log_command:Invoking command in '/home/utilisateur/slam/build/robot_simulation': CMAKE_PREFIX_PATH=/home/utilisateur/slam/install/robot_description:/home/utilisateur/slam/install/robot_simulation:/opt/ros/humble /usr/bin/cmake --build /home/utilisateur/slam/build/robot_simulation -- -j4 -l4
[1.083s] DEBUG:colcon.colcon_core.event_handler.log_command:Invoked command in '/home/utilisateur/slam/build/robot_simulation' returned '0': CMAKE_PREFIX_PATH=/home/utilisateur/slam/install/robot_description:/home/utilisateur/slam/install/robot_simulation:/opt/ros/humble /usr/bin/cmake --build /home/utilisateur/slam/build/robot_simulation -- -j4 -l4
[1.086s] DEBUG:colcon.colcon_core.event_handler.log_command:Invoking command in '/home/utilisateur/slam/build/robot_simulation': CMAKE_PREFIX_PATH=/home/utilisateur/slam/install/robot_description:/home/utilisateur/slam/install/robot_simulation:/opt/ros/humble /usr/bin/cmake --install /home/utilisateur/slam/build/robot_simulation
[1.103s] Level 1:colcon.colcon_core.environment:create_environment_scripts_only(robot_simulation)
[1.104s] Level 1:colcon.colcon_core.environment:checking '/home/utilisateur/slam/install/robot_simulation' for CMake module files
[1.104s] Level 1:colcon.colcon_core.environment:checking '/home/utilisateur/slam/install/robot_simulation' for CMake config files
[1.105s] Level 1:colcon.colcon_core.shell:create_environment_hook('robot_simulation', 'cmake_prefix_path')
[1.105s] INFO:colcon.colcon_core.shell:Creating environment hook '/home/utilisateur/slam/install/robot_simulation/share/robot_simulation/hook/cmake_prefix_path.ps1'
[1.106s] INFO:colcon.colcon_core.shell:Creating environment descriptor '/home/utilisateur/slam/install/robot_simulation/share/robot_simulation/hook/cmake_prefix_path.dsv'
[1.107s] INFO:colcon.colcon_core.shell:Creating environment hook '/home/utilisateur/slam/install/robot_simulation/share/robot_simulation/hook/cmake_prefix_path.sh'
[1.107s] DEBUG:colcon.colcon_core.event_handler.log_command:Invoked command in '/home/utilisateur/slam/build/robot_simulation' returned '0': CMAKE_PREFIX_PATH=/home/utilisateur/slam/install/robot_description:/home/utilisateur/slam/install/robot_simulation:/opt/ros/humble /usr/bin/cmake --install /home/utilisateur/slam/build/robot_simulation
[1.108s] Level 1:colcon.colcon_core.environment:checking '/home/utilisateur/slam/install/robot_simulation/bin'
[1.108s] Level 1:colcon.colcon_core.environment:checking '/home/utilisateur/slam/install/robot_simulation/lib/pkgconfig/robot_simulation.pc'
[1.109s] Level 1:colcon.colcon_core.environment:checking '/home/utilisateur/slam/install/robot_simulation/lib/python3.10/site-packages'
[1.109s] Level 1:colcon.colcon_core.environment:checking '/home/utilisateur/slam/install/robot_simulation/bin'
[1.109s] INFO:colcon.colcon_core.shell:Creating package script '/home/utilisateur/slam/install/robot_simulation/share/robot_simulation/package.ps1'
[1.110s] INFO:colcon.colcon_core.shell:Creating package descriptor '/home/utilisateur/slam/install/robot_simulation/share/robot_simulation/package.dsv'
[1.111s] INFO:colcon.colcon_core.shell:Creating package script '/home/utilisateur/slam/install/robot_simulation/share/robot_simulation/package.sh'
[1.111s] INFO:colcon.colcon_core.shell:Creating package script '/home/utilisateur/slam/install/robot_simulation/share/robot_simulation/package.bash'
[1.112s] INFO:colcon.colcon_core.shell:Creating package script '/home/utilisateur/slam/install/robot_simulation/share/robot_simulation/package.zsh'
[1.112s] Level 1:colcon.colcon_core.environment:create_file_with_runtime_dependencies(/home/utilisateur/slam/install/robot_simulation/share/colcon-core/packages/robot_simulation)
[1.113s] Level 1:colcon.colcon_core.environment:create_environment_scripts_only(robot_simulation)
[1.113s] Level 1:colcon.colcon_core.environment:checking '/home/utilisateur/slam/install/robot_simulation' for CMake module files
[1.114s] Level 1:colcon.colcon_core.environment:checking '/home/utilisateur/slam/install/robot_simulation' for CMake config files
[1.114s] Level 1:colcon.colcon_core.shell:create_environment_hook('robot_simulation', 'cmake_prefix_path')
[1.114s] INFO:colcon.colcon_core.shell:Creating environment hook '/home/utilisateur/slam/install/robot_simulation/share/robot_simulation/hook/cmake_prefix_path.ps1'
[1.115s] INFO:colcon.colcon_core.shell:Creating environment descriptor '/home/utilisateur/slam/install/robot_simulation/share/robot_simulation/hook/cmake_prefix_path.dsv'
[1.115s] INFO:colcon.colcon_core.shell:Creating environment hook '/home/utilisateur/slam/install/robot_simulation/share/robot_simulation/hook/cmake_prefix_path.sh'
[1.116s] Level 1:colcon.colcon_core.environment:checking '/home/utilisateur/slam/install/robot_simulation/bin'
[1.117s] Level 1:colcon.colcon_core.environment:checking '/home/utilisateur/slam/install/robot_simulation/lib/pkgconfig/robot_simulation.pc'
[1.117s] Level 1:colcon.colcon_core.environment:checking '/home/utilisateur/slam/install/robot_simulation/lib/python3.10/site-packages'
[1.118s] Level 1:colcon.colcon_core.environment:checking '/home/utilisateur/slam/install/robot_simulation/bin'
[1.118s] INFO:colcon.colcon_core.shell:Creating package script '/home/utilisateur/slam/install/robot_simulation/share/robot_simulation/package.ps1'
[1.119s] INFO:colcon.colcon_core.shell:Creating package descriptor '/home/utilisateur/slam/install/robot_simulation/share/robot_simulation/package.dsv'
[1.119s] INFO:colcon.colcon_core.shell:Creating package script '/home/utilisateur/slam/install/robot_simulation/share/robot_simulation/package.sh'
[1.120s] INFO:colcon.colcon_core.shell:Creating package script '/home/utilisateur/slam/install/robot_simulation/share/robot_simulation/package.bash'
[1.121s] INFO:colcon.colcon_core.shell:Creating package script '/home/utilisateur/slam/install/robot_simulation/share/robot_simulation/package.zsh'
[1.121s] Level 1:colcon.colcon_core.environment:create_file_with_runtime_dependencies(/home/utilisateur/slam/install/robot_simulation/share/colcon-core/packages/robot_simulation)
[1.122s] INFO:colcon.colcon_ros.task.ament_cmake.build:Building ROS package in '/home/utilisateur/slam/test/src/robot_navigation2' with build type 'ament_cmake'
[1.122s] INFO:colcon.colcon_cmake.task.cmake.build:Building CMake package in '/home/utilisateur/slam/test/src/robot_navigation2'
[1.122s] INFO:colcon.colcon_core.shell:Skip shell extension 'powershell' for command environment: Not usable outside of PowerShell
[1.123s] DEBUG:colcon.colcon_core.shell:Skip shell extension 'dsv' for command environment
[1.136s] DEBUG:colcon.colcon_core.event_handler.log_command:Invoking command in '/home/utilisateur/slam/build/robot_navigation2': CMAKE_PREFIX_PATH=${CMAKE_PREFIX_PATH}:/opt/ros/humble /usr/bin/cmake --build /home/utilisateur/slam/build/robot_navigation2 -- -j4 -l4
[1.424s] DEBUG:colcon.colcon_core.event_handler.log_command:Invoking command in '/home/utilisateur/slam/test/src/robot_navigation': PYTHONPATH=/home/utilisateur/slam/build/robot_navigation/prefix_override:/usr/lib/python3/dist-packages/colcon_core/task/python/colcon_distutils_commands:/home/utilisateur/slam/install/robot_navigation/lib/python3.10/site-packages:${PYTHONPATH} /usr/bin/python3 -W ignore:setup.py install is deprecated -W ignore:easy_install command is deprecated setup.py egg_info --egg-base ../../../build/robot_navigation build --build-base /home/utilisateur/slam/build/robot_navigation/build install --record /home/utilisateur/slam/build/robot_navigation/install.log --single-version-externally-managed install_data
[1.471s] DEBUG:colcon.colcon_core.event_handler.log_command:Invoked command in '/home/utilisateur/slam/build/robot_navigation2' returned '0': CMAKE_PREFIX_PATH=${CMAKE_PREFIX_PATH}:/opt/ros/humble /usr/bin/cmake --build /home/utilisateur/slam/build/robot_navigation2 -- -j4 -l4
[1.473s] DEBUG:colcon.colcon_core.event_handler.log_command:Invoking command in '/home/utilisateur/slam/build/robot_navigation2': CMAKE_PREFIX_PATH=${CMAKE_PREFIX_PATH}:/opt/ros/humble /usr/bin/cmake --install /home/utilisateur/slam/build/robot_navigation2
[1.487s] Level 1:colcon.colcon_core.environment:create_environment_scripts_only(robot_navigation2)
[1.488s] Level 1:colcon.colcon_core.environment:checking '/home/utilisateur/slam/install/robot_navigation2' for CMake module files
[1.488s] DEBUG:colcon.colcon_core.event_handler.log_command:Invoked command in '/home/utilisateur/slam/build/robot_navigation2' returned '0': CMAKE_PREFIX_PATH=${CMAKE_PREFIX_PATH}:/opt/ros/humble /usr/bin/cmake --install /home/utilisateur/slam/build/robot_navigation2
[1.489s] Level 1:colcon.colcon_core.environment:checking '/home/utilisateur/slam/install/robot_navigation2' for CMake config files
[1.489s] Level 1:colcon.colcon_core.shell:create_environment_hook('robot_navigation2', 'cmake_prefix_path')
[1.490s] INFO:colcon.colcon_core.shell:Creating environment hook '/home/utilisateur/slam/install/robot_navigation2/share/robot_navigation2/hook/cmake_prefix_path.ps1'
[1.491s] INFO:colcon.colcon_core.shell:Creating environment descriptor '/home/utilisateur/slam/install/robot_navigation2/share/robot_navigation2/hook/cmake_prefix_path.dsv'
[1.492s] INFO:colcon.colcon_core.shell:Creating environment hook '/home/utilisateur/slam/install/robot_navigation2/share/robot_navigation2/hook/cmake_prefix_path.sh'
[1.493s] Level 1:colcon.colcon_core.environment:checking '/home/utilisateur/slam/install/robot_navigation2/bin'
[1.494s] Level 1:colcon.colcon_core.environment:checking '/home/utilisateur/slam/install/robot_navigation2/lib/pkgconfig/robot_navigation2.pc'
[1.494s] Level 1:colcon.colcon_core.environment:checking '/home/utilisateur/slam/install/robot_navigation2/lib/python3.10/site-packages'
[1.494s] Level 1:colcon.colcon_core.environment:checking '/home/utilisateur/slam/install/robot_navigation2/bin'
[1.495s] INFO:colcon.colcon_core.shell:Creating package script '/home/utilisateur/slam/install/robot_navigation2/share/robot_navigation2/package.ps1'
[1.496s] INFO:colcon.colcon_core.shell:Creating package descriptor '/home/utilisateur/slam/install/robot_navigation2/share/robot_navigation2/package.dsv'
[1.496s] INFO:colcon.colcon_core.shell:Creating package script '/home/utilisateur/slam/install/robot_navigation2/share/robot_navigation2/package.sh'
[1.497s] INFO:colcon.colcon_core.shell:Creating package script '/home/utilisateur/slam/install/robot_navigation2/share/robot_navigation2/package.bash'
[1.497s] INFO:colcon.colcon_core.shell:Creating package script '/home/utilisateur/slam/install/robot_navigation2/share/robot_navigation2/package.zsh'
[1.497s] Level 1:colcon.colcon_core.environment:create_file_with_runtime_dependencies(/home/utilisateur/slam/install/robot_navigation2/share/colcon-core/packages/robot_navigation2)
[1.498s] Level 1:colcon.colcon_core.environment:create_environment_scripts_only(robot_navigation2)
[1.498s] Level 1:colcon.colcon_core.environment:checking '/home/utilisateur/slam/install/robot_navigation2' for CMake module files
[1.499s] Level 1:colcon.colcon_core.environment:checking '/home/utilisateur/slam/install/robot_navigation2' for CMake config files
[1.499s] Level 1:colcon.colcon_core.shell:create_environment_hook('robot_navigation2', 'cmake_prefix_path')
[1.500s] INFO:colcon.colcon_core.shell:Creating environment hook '/home/utilisateur/slam/install/robot_navigation2/share/robot_navigation2/hook/cmake_prefix_path.ps1'
[1.500s] INFO:colcon.colcon_core.shell:Creating environment descriptor '/home/utilisateur/slam/install/robot_navigation2/share/robot_navigation2/hook/cmake_prefix_path.dsv'
[1.501s] INFO:colcon.colcon_core.shell:Creating environment hook '/home/utilisateur/slam/install/robot_navigation2/share/robot_navigation2/hook/cmake_prefix_path.sh'
[1.501s] Level 1:colcon.colcon_core.environment:checking '/home/utilisateur/slam/install/robot_navigation2/bin'
[1.501s] Level 1:colcon.colcon_core.environment:checking '/home/utilisateur/slam/install/robot_navigation2/lib/pkgconfig/robot_navigation2.pc'
[1.502s] Level 1:colcon.colcon_core.environment:checking '/home/utilisateur/slam/install/robot_navigation2/lib/python3.10/site-packages'
[1.502s] Level 1:colcon.colcon_core.environment:checking '/home/utilisateur/slam/install/robot_navigation2/bin'
[1.502s] INFO:colcon.colcon_core.shell:Creating package script '/home/utilisateur/slam/install/robot_navigation2/share/robot_navigation2/package.ps1'
[1.503s] INFO:colcon.colcon_core.shell:Creating package descriptor '/home/utilisateur/slam/install/robot_navigation2/share/robot_navigation2/package.dsv'
[1.504s] INFO:colcon.colcon_core.shell:Creating package script '/home/utilisateur/slam/install/robot_navigation2/share/robot_navigation2/package.sh'
[1.504s] INFO:colcon.colcon_core.shell:Creating package script '/home/utilisateur/slam/install/robot_navigation2/share/robot_navigation2/package.bash'
[1.505s] INFO:colcon.colcon_core.shell:Creating package script '/home/utilisateur/slam/install/robot_navigation2/share/robot_navigation2/package.zsh'
[1.505s] Level 1:colcon.colcon_core.environment:create_file_with_runtime_dependencies(/home/utilisateur/slam/install/robot_navigation2/share/colcon-core/packages/robot_navigation2)
[1.822s] Level 1:colcon.colcon_core.environment:checking '/home/utilisateur/slam/install/robot_navigation' for CMake module files
[1.823s] DEBUG:colcon.colcon_core.event_handler.log_command:Invoked command in '/home/utilisateur/slam/test/src/robot_navigation' returned '0': PYTHONPATH=/home/utilisateur/slam/build/robot_navigation/prefix_override:/usr/lib/python3/dist-packages/colcon_core/task/python/colcon_distutils_commands:/home/utilisateur/slam/install/robot_navigation/lib/python3.10/site-packages:${PYTHONPATH} /usr/bin/python3 -W ignore:setup.py install is deprecated -W ignore:easy_install command is deprecated setup.py egg_info --egg-base ../../../build/robot_navigation build --build-base /home/utilisateur/slam/build/robot_navigation/build install --record /home/utilisateur/slam/build/robot_navigation/install.log --single-version-externally-managed install_data
[1.823s] Level 1:colcon.colcon_core.environment:checking '/home/utilisateur/slam/install/robot_navigation' for CMake config files
[1.824s] Level 1:colcon.colcon_core.environment:checking '/home/utilisateur/slam/install/robot_navigation/lib'
[1.824s] Level 1:colcon.colcon_core.environment:checking '/home/utilisateur/slam/install/robot_navigation/bin'
[1.824s] Level 1:colcon.colcon_core.environment:checking '/home/utilisateur/slam/install/robot_navigation/lib/pkgconfig/robot_navigation.pc'
[1.824s] Level 1:colcon.colcon_core.environment:checking '/home/utilisateur/slam/install/robot_navigation/lib/python3.10/site-packages'
[1.825s] Level 1:colcon.colcon_core.shell:create_environment_hook('robot_navigation', 'pythonpath')
[1.825s] INFO:colcon.colcon_core.shell:Creating environment hook '/home/utilisateur/slam/install/robot_navigation/share/robot_navigation/hook/pythonpath.ps1'
[1.825s] INFO:colcon.colcon_core.shell:Creating environment descriptor '/home/utilisateur/slam/install/robot_navigation/share/robot_navigation/hook/pythonpath.dsv'
[1.826s] INFO:colcon.colcon_core.shell:Creating environment hook '/home/utilisateur/slam/install/robot_navigation/share/robot_navigation/hook/pythonpath.sh'
[1.827s] Level 1:colcon.colcon_core.environment:checking '/home/utilisateur/slam/install/robot_navigation/bin'
[1.827s] Level 1:colcon.colcon_core.environment:create_environment_scripts_only(robot_navigation)
[1.827s] INFO:colcon.colcon_core.shell:Creating package script '/home/utilisateur/slam/install/robot_navigation/share/robot_navigation/package.ps1'
[1.828s] INFO:colcon.colcon_core.shell:Creating package descriptor '/home/utilisateur/slam/install/robot_navigation/share/robot_navigation/package.dsv'
[1.828s] INFO:colcon.colcon_core.shell:Creating package script '/home/utilisateur/slam/install/robot_navigation/share/robot_navigation/package.sh'
[1.829s] INFO:colcon.colcon_core.shell:Creating package script '/home/utilisateur/slam/install/robot_navigation/share/robot_navigation/package.bash'
[1.829s] INFO:colcon.colcon_core.shell:Creating package script '/home/utilisateur/slam/install/robot_navigation/share/robot_navigation/package.zsh'
[1.830s] Level 1:colcon.colcon_core.environment:create_file_with_runtime_dependencies(/home/utilisateur/slam/install/robot_navigation/share/colcon-core/packages/robot_navigation)
[1.830s] DEBUG:colcon.colcon_parallel_executor.executor.parallel:closing loop
[1.830s] DEBUG:colcon.colcon_parallel_executor.executor.parallel:loop closed
[1.830s] DEBUG:colcon.colcon_parallel_executor.executor.parallel:run_until_complete finished with '0'
[1.831s] DEBUG:colcon.colcon_core.event_reactor:joining thread
[1.837s] INFO:colcon.colcon_core.plugin_system:Skipping extension 'colcon_notification.desktop_notification.terminal_notifier': Not used on non-Darwin systems
[1.837s] INFO:colcon.colcon_core.plugin_system:Skipping extension 'colcon_notification.desktop_notification.win32': Not used on non-Windows systems
[1.837s] INFO:colcon.colcon_notification.desktop_notification:Sending desktop notification using 'notify2'
[1.851s] DEBUG:colcon.colcon_core.event_reactor:joined thread
[1.851s] INFO:colcon.colcon_core.shell:Creating prefix script '/home/utilisateur/slam/install/local_setup.ps1'
[1.853s] INFO:colcon.colcon_core.shell:Creating prefix util module '/home/utilisateur/slam/install/_local_setup_util_ps1.py'
[1.854s] INFO:colcon.colcon_core.shell:Creating prefix chain script '/home/utilisateur/slam/install/setup.ps1'
[1.855s] INFO:colcon.colcon_core.shell:Creating prefix script '/home/utilisateur/slam/install/local_setup.sh'
[1.856s] INFO:colcon.colcon_core.shell:Creating prefix util module '/home/utilisateur/slam/install/_local_setup_util_sh.py'
[1.857s] INFO:colcon.colcon_core.shell:Creating prefix chain script '/home/utilisateur/slam/install/setup.sh'
[1.858s] INFO:colcon.colcon_core.shell:Creating prefix script '/home/utilisateur/slam/install/local_setup.bash'
[1.859s] INFO:colcon.colcon_core.shell:Creating prefix chain script '/home/utilisateur/slam/install/setup.bash'
[1.860s] INFO:colcon.colcon_core.shell:Creating prefix script '/home/utilisateur/slam/install/local_setup.zsh'
[1.860s] INFO:colcon.colcon_core.shell:Creating prefix chain script '/home/utilisateur/slam/install/setup.zsh'
