[0.011s] Invoking command in '/home/utilisateur/slam/build/robot_simulation': AMENT_PREFIX_PATH=/home/utilisateur/slam/install/robot_description:${AMENT_PREFIX_PATH} CMAKE_PREFIX_PATH=/home/utilisateur/slam/install/robot_description:/opt/ros/humble /usr/bin/cmake --build /home/utilisateur/slam/build/robot_simulation -- -j4 -l4
[0.067s] Invoked command in '/home/utilisateur/slam/build/robot_simulation' returned '0': AMENT_PREFIX_PATH=/home/utilisateur/slam/install/robot_description:${AMENT_PREFIX_PATH} CMAKE_PREFIX_PATH=/home/utilisateur/slam/install/robot_description:/opt/ros/humble /usr/bin/cmake --build /home/utilisateur/slam/build/robot_simulation -- -j4 -l4
[0.070s] Invoking command in '/home/utilisateur/slam/build/robot_simulation': AMENT_PREFIX_PATH=/home/utilisateur/slam/install/robot_description:${AMENT_PREFIX_PATH} CMAKE_PREFIX_PATH=/home/utilisateur/slam/install/robot_description:/opt/ros/humble /usr/bin/cmake --install /home/utilisateur/slam/build/robot_simulation
[0.081s] -- Install configuration: ""
[0.081s] -- Up-to-date: /home/utilisateur/slam/install/robot_simulation/share/robot_simulation/launch
[0.081s] -- Installing: /home/utilisateur/slam/install/robot_simulation/share/robot_simulation/launch/navigation.launch.py
[0.081s] -- Up-to-date: /home/utilisateur/slam/install/robot_simulation/share/robot_simulation/launch/gazebo.launch.py
[0.082s] -- Up-to-date: /home/utilisateur/slam/install/robot_simulation/share/robot_simulation/launch/slam.launch.py
[0.082s] -- Up-to-date: /home/utilisateur/slam/install/robot_simulation/share/robot_simulation/launch/gazebo_headless.launch.py
[0.082s] -- Up-to-date: /home/utilisateur/slam/install/robot_simulation/share/robot_simulation/worlds
[0.082s] -- Up-to-date: /home/utilisateur/slam/install/robot_simulation/share/robot_simulation/worlds/minimal.world
[0.082s] -- Up-to-date: /home/utilisateur/slam/install/robot_simulation/share/robot_simulation/worlds/empty.world
[0.083s] -- Up-to-date: /home/utilisateur/slam/install/robot_simulation/share/robot_simulation/worlds/test_world.world
[0.083s] -- Up-to-date: /home/utilisateur/slam/install/robot_simulation/share/robot_simulation/config
[0.083s] -- Up-to-date: /home/utilisateur/slam/install/robot_simulation/share/robot_simulation/config/sim.rviz
[0.083s] -- Up-to-date: /home/utilisateur/slam/install/robot_simulation/share/robot_simulation/config/mapper_params_online_async.yaml
[0.083s] -- Up-to-date: /home/utilisateur/slam/install/robot_simulation/share/ament_index/resource_index/package_run_dependencies/robot_simulation
[0.083s] -- Up-to-date: /home/utilisateur/slam/install/robot_simulation/share/ament_index/resource_index/parent_prefix_path/robot_simulation
[0.083s] -- Up-to-date: /home/utilisateur/slam/install/robot_simulation/share/robot_simulation/environment/ament_prefix_path.sh
[0.083s] -- Up-to-date: /home/utilisateur/slam/install/robot_simulation/share/robot_simulation/environment/ament_prefix_path.dsv
[0.083s] -- Up-to-date: /home/utilisateur/slam/install/robot_simulation/share/robot_simulation/environment/path.sh
[0.084s] -- Up-to-date: /home/utilisateur/slam/install/robot_simulation/share/robot_simulation/environment/path.dsv
[0.084s] -- Up-to-date: /home/utilisateur/slam/install/robot_simulation/share/robot_simulation/local_setup.bash
[0.084s] -- Up-to-date: /home/utilisateur/slam/install/robot_simulation/share/robot_simulation/local_setup.sh
[0.084s] -- Up-to-date: /home/utilisateur/slam/install/robot_simulation/share/robot_simulation/local_setup.zsh
[0.084s] -- Up-to-date: /home/utilisateur/slam/install/robot_simulation/share/robot_simulation/local_setup.dsv
[0.084s] -- Installing: /home/utilisateur/slam/install/robot_simulation/share/robot_simulation/package.dsv
[0.084s] -- Up-to-date: /home/utilisateur/slam/install/robot_simulation/share/ament_index/resource_index/packages/robot_simulation
[0.084s] -- Up-to-date: /home/utilisateur/slam/install/robot_simulation/share/robot_simulation/cmake/robot_simulationConfig.cmake
[0.084s] -- Up-to-date: /home/utilisateur/slam/install/robot_simulation/share/robot_simulation/cmake/robot_simulationConfig-version.cmake
[0.084s] -- Up-to-date: /home/utilisateur/slam/install/robot_simulation/share/robot_simulation/package.xml
[0.086s] Invoked command in '/home/utilisateur/slam/build/robot_simulation' returned '0': AMENT_PREFIX_PATH=/home/utilisateur/slam/install/robot_description:${AMENT_PREFIX_PATH} CMAKE_PREFIX_PATH=/home/utilisateur/slam/install/robot_description:/opt/ros/humble /usr/bin/cmake --install /home/utilisateur/slam/build/robot_simulation
