[0.029s] Invoking command in '/home/utilisateur/slam/build/nav2_common': CMAKE_PREFIX_PATH=${CMAKE_PREFIX_PATH}:/opt/ros/humble /usr/bin/cmake /home/utilisateur/slam/test/src/navigation2/nav2_common -DCMAKE_INSTALL_PREFIX=/home/utilisateur/slam/install/nav2_common
[0.063s] -- Found ament_cmake_core: 1.3.12 (/opt/ros/humble/share/ament_cmake_core/cmake)
[0.405s] -- Found Python3: /usr/bin/python3 (found version "3.10.12") found components: Interpreter 
[0.512s] -- Found ament_cmake_python: 1.3.12 (/opt/ros/humble/share/ament_cmake_python/cmake)
[0.869s] -- Configuring done
[0.875s] -- Generating done
[0.879s] -- Build files have been written to: /home/utilisateur/slam/build/nav2_common
[0.885s] Invoked command in '/home/utilisateur/slam/build/nav2_common' returned '0': CMAKE_PREFIX_PATH=${CMAKE_PREFIX_PATH}:/opt/ros/humble /usr/bin/cmake /home/utilisateur/slam/test/src/navigation2/nav2_common -DCMAKE_INSTALL_PREFIX=/home/utilisateur/slam/install/nav2_common
[0.888s] Invoking command in '/home/utilisateur/slam/build/nav2_common': CMAKE_PREFIX_PATH=${CMAKE_PREFIX_PATH}:/opt/ros/humble /usr/bin/cmake --build /home/utilisateur/slam/build/nav2_common -- -j4 -l4
[1.003s] Built target ament_cmake_python_copy_nav2_common
[1.490s] running egg_info
[1.490s] creating nav2_common.egg-info
[1.491s] writing nav2_common.egg-info/PKG-INFO
[1.491s] writing dependency_links to nav2_common.egg-info/dependency_links.txt
[1.491s] writing top-level names to nav2_common.egg-info/top_level.txt
[1.491s] writing manifest file 'nav2_common.egg-info/SOURCES.txt'
[1.496s] reading manifest file 'nav2_common.egg-info/SOURCES.txt'
[1.497s] writing manifest file 'nav2_common.egg-info/SOURCES.txt'
[1.547s] Built target ament_cmake_python_build_nav2_common_egg
[1.577s] Invoked command in '/home/utilisateur/slam/build/nav2_common' returned '0': CMAKE_PREFIX_PATH=${CMAKE_PREFIX_PATH}:/opt/ros/humble /usr/bin/cmake --build /home/utilisateur/slam/build/nav2_common -- -j4 -l4
[1.591s] Invoking command in '/home/utilisateur/slam/build/nav2_common': CMAKE_PREFIX_PATH=${CMAKE_PREFIX_PATH}:/opt/ros/humble /usr/bin/cmake --install /home/utilisateur/slam/build/nav2_common
[1.608s] -- Install configuration: ""
[1.609s] -- Installing: /home/utilisateur/slam/install/nav2_common/share/nav2_common/environment/pythonpath.sh
[1.610s] -- Installing: /home/utilisateur/slam/install/nav2_common/share/nav2_common/environment/pythonpath.dsv
[1.612s] -- Installing: /home/utilisateur/slam/install/nav2_common/local/lib/python3.10/dist-packages/nav2_common-1.1.20-py3.10.egg-info
[1.613s] -- Installing: /home/utilisateur/slam/install/nav2_common/local/lib/python3.10/dist-packages/nav2_common-1.1.20-py3.10.egg-info/PKG-INFO
[1.614s] -- Installing: /home/utilisateur/slam/install/nav2_common/local/lib/python3.10/dist-packages/nav2_common-1.1.20-py3.10.egg-info/SOURCES.txt
[1.614s] -- Installing: /home/utilisateur/slam/install/nav2_common/local/lib/python3.10/dist-packages/nav2_common-1.1.20-py3.10.egg-info/top_level.txt
[1.615s] -- Installing: /home/utilisateur/slam/install/nav2_common/local/lib/python3.10/dist-packages/nav2_common-1.1.20-py3.10.egg-info/dependency_links.txt
[1.615s] -- Installing: /home/utilisateur/slam/install/nav2_common/local/lib/python3.10/dist-packages/nav2_common
[1.616s] -- Installing: /home/utilisateur/slam/install/nav2_common/local/lib/python3.10/dist-packages/nav2_common/__init__.py
[1.616s] -- Installing: /home/utilisateur/slam/install/nav2_common/local/lib/python3.10/dist-packages/nav2_common/launch
[1.616s] -- Installing: /home/utilisateur/slam/install/nav2_common/local/lib/python3.10/dist-packages/nav2_common/launch/rewritten_yaml.py
[1.620s] -- Installing: /home/utilisateur/slam/install/nav2_common/local/lib/python3.10/dist-packages/nav2_common/launch/parse_multirobot_pose.py
[1.620s] -- Installing: /home/utilisateur/slam/install/nav2_common/local/lib/python3.10/dist-packages/nav2_common/launch/__init__.py
[1.620s] -- Installing: /home/utilisateur/slam/install/nav2_common/local/lib/python3.10/dist-packages/nav2_common/launch/has_node_params.py
[1.622s] -- Installing: /home/utilisateur/slam/install/nav2_common/local/lib/python3.10/dist-packages/nav2_common/launch/replace_string.py
[1.671s] Listing '/home/utilisateur/slam/install/nav2_common/local/lib/python3.10/dist-packages/nav2_common'...
[1.671s] Compiling '/home/utilisateur/slam/install/nav2_common/local/lib/python3.10/dist-packages/nav2_common/__init__.py'...
[1.671s] Listing '/home/utilisateur/slam/install/nav2_common/local/lib/python3.10/dist-packages/nav2_common/launch'...
[1.671s] Compiling '/home/utilisateur/slam/install/nav2_common/local/lib/python3.10/dist-packages/nav2_common/launch/__init__.py'...
[1.671s] Compiling '/home/utilisateur/slam/install/nav2_common/local/lib/python3.10/dist-packages/nav2_common/launch/has_node_params.py'...
[1.671s] Compiling '/home/utilisateur/slam/install/nav2_common/local/lib/python3.10/dist-packages/nav2_common/launch/parse_multirobot_pose.py'...
[1.671s] Compiling '/home/utilisateur/slam/install/nav2_common/local/lib/python3.10/dist-packages/nav2_common/launch/replace_string.py'...
[1.671s] Compiling '/home/utilisateur/slam/install/nav2_common/local/lib/python3.10/dist-packages/nav2_common/launch/rewritten_yaml.py'...
[1.678s] -- Installing: /home/utilisateur/slam/install/nav2_common/share/ament_index/resource_index/package_run_dependencies/nav2_common
[1.680s] -- Installing: /home/utilisateur/slam/install/nav2_common/share/ament_index/resource_index/parent_prefix_path/nav2_common
[1.682s] -- Installing: /home/utilisateur/slam/install/nav2_common/share/nav2_common/environment/ament_prefix_path.sh
[1.684s] -- Installing: /home/utilisateur/slam/install/nav2_common/share/nav2_common/environment/ament_prefix_path.dsv
[1.685s] -- Installing: /home/utilisateur/slam/install/nav2_common/share/nav2_common/environment/path.sh
[1.685s] -- Installing: /home/utilisateur/slam/install/nav2_common/share/nav2_common/environment/path.dsv
[1.688s] -- Installing: /home/utilisateur/slam/install/nav2_common/share/nav2_common/local_setup.bash
[1.688s] -- Installing: /home/utilisateur/slam/install/nav2_common/share/nav2_common/local_setup.sh
[1.689s] -- Installing: /home/utilisateur/slam/install/nav2_common/share/nav2_common/local_setup.zsh
[1.689s] -- Installing: /home/utilisateur/slam/install/nav2_common/share/nav2_common/local_setup.dsv
[1.690s] -- Installing: /home/utilisateur/slam/install/nav2_common/share/nav2_common/package.dsv
[1.690s] -- Installing: /home/utilisateur/slam/install/nav2_common/share/ament_index/resource_index/packages/nav2_common
[1.691s] -- Installing: /home/utilisateur/slam/install/nav2_common/share/nav2_common/cmake/nav2_common-extras.cmake
[1.692s] -- Installing: /home/utilisateur/slam/install/nav2_common/share/nav2_common/cmake/nav2_commonConfig.cmake
[1.694s] -- Installing: /home/utilisateur/slam/install/nav2_common/share/nav2_common/cmake/nav2_commonConfig-version.cmake
[1.694s] -- Installing: /home/utilisateur/slam/install/nav2_common/share/nav2_common/package.xml
[1.694s] -- Up-to-date: /home/utilisateur/slam/install/nav2_common/share/nav2_common/cmake
[1.694s] -- Installing: /home/utilisateur/slam/install/nav2_common/share/nav2_common/cmake/nav2_package.cmake
[1.696s] Invoked command in '/home/utilisateur/slam/build/nav2_common' returned '0': CMAKE_PREFIX_PATH=${CMAKE_PREFIX_PATH}:/opt/ros/humble /usr/bin/cmake --install /home/utilisateur/slam/build/nav2_common
